# JRE version: Java(TM) 2 Runtime Environment, Standard Edition (8.0_121-b13) (build 1.8.0_121-b13 14_Feb_2017_06_58 Mac OS X x64(SR4 FP1))
# Java VM: Java HotSpot(TM) 64-Bit Server VM (25.121-b13 mixed mode bsd-amd64 compressed oops)
Heap:
 PSYoungGen      total 679424K, used 13257K [0x0000000795580000, 0x00000007bfc00000, 0x00000007c0000000)
  eden space 665600K, 1% used [0x0000000795580000,0x00000007962724f0,0x00000007bdf80000)
  from space 13824K, 0% used [0x00000007bed80000,0x00000007bed80000,0x00000007bfb00000)
  to   space 14336K, 0% used [0x00000007bdf80000,0x00000007bdf80000,0x00000007bed80000)
 ParOldGen       total 175104K, used 10104K [0x0000000740000000, 0x000000074ab00000, 0x0000000795580000)
  object space 175104K, 5% used [0x0000000740000000,0x00000007409de358,0x000000074ab00000)
 Metaspace       used 19330K, capacity 19636K, committed 19840K, reserved 1067008K
  class space    used 2340K, capacity 2431K, committed 2432K, reserved 1048576K
GC Heap History (10 events):
Event: 4.595 GC heap before
{Heap before GC invocations=9 (full 0):
 PSYoungGen      total 273408K, used 261376K [0x0000000795580000, 0x00000007a7080000, 0x00000007c0000000)
  eden space 260096K, 100% used [0x0000000795580000,0x00000007a5380000,0x00000007a5380000)
  from space 13312K, 9% used [0x00000007a6180000,0x00000007a62c0000,0x00000007a6e80000)
  to   space 14336K, 0% used [0x00000007a5380000,0x00000007a5380000,0x00000007a6180000)
 ParOldGen       total 175104K, used 9157K [0x0000000740000000, 0x000000074ab00000, 0x0000000795580000)
  object space 175104K, 5% used [0x0000000740000000,0x00000007408f1400,0x000000074ab00000)
 Metaspace       used 18799K, capacity 19042K, committed 19328K, reserved 1067008K
  class space    used 2285K, capacity 2364K, committed 2432K, reserved 1048576K
Event: 4.598 GC heap after
Heap after GC invocations=9 (full 0):
 PSYoungGen      total 274432K, used 2080K [0x0000000795580000, 0x00000007b0800000, 0x00000007c0000000)
  eden space 260096K, 0% used [0x0000000795580000,0x0000000795580000,0x00000007a5380000)
  from space 14336K, 14% used [0x00000007a5380000,0x00000007a5588000,0x00000007a6180000)
  to   space 14336K, 0% used [0x00000007afa00000,0x00000007afa00000,0x00000007b0800000)
 ParOldGen       total 175104K, used 9349K [0x0000000740000000, 0x000000074ab00000, 0x0000000795580000)
  object space 175104K, 5% used [0x0000000740000000,0x0000000740921400,0x000000074ab00000)
 Metaspace       used 18799K, capacity 19042K, committed 19328K, reserved 1067008K
  class space    used 2285K, capacity 2364K, committed 2432K, reserved 1048576K
}
Event: 4.970 GC heap before
{Heap before GC invocations=10 (full 0):
 PSYoungGen      total 274432K, used 262176K [0x0000000795580000, 0x00000007b0800000, 0x00000007c0000000)
  eden space 260096K, 100% used [0x0000000795580000,0x00000007a5380000,0x00000007a5380000)
  from space 14336K, 14% used [0x00000007a5380000,0x00000007a5588000,0x00000007a6180000)
  to   space 14336K, 0% used [0x00000007afa00000,0x00000007afa00000,0x00000007b0800000)
 ParOldGen       total 175104K, used 9349K [0x0000000740000000, 0x000000074ab00000, 0x0000000795580000)
  object space 175104K, 5% used [0x0000000740000000,0x0000000740921400,0x000000074ab00000)
 Metaspace       used 18893K, capacity 19170K, committed 19328K, reserved 1067008K
  class space    used 2288K, capacity 2364K, committed 2432K, reserved 1048576K
Event: 4.973 GC heap after
Heap after GC invocations=10 (full 0):
 PSYoungGen      total 430592K, used 2112K [0x0000000795580000, 0x00000007b0800000, 0x00000007c0000000)
  eden space 416256K, 0% used [0x0000000795580000,0x0000000795580000,0x00000007aec00000)
  from space 14336K, 14% used [0x00000007afa00000,0x00000007afc10000,0x00000007b0800000)
  to   space 14336K, 0% used [0x00000007aec00000,0x00000007aec00000,0x00000007afa00000)
 ParOldGen       total 175104K, used 9421K [0x0000000740000000, 0x000000074ab00000, 0x0000000795580000)
  object space 175104K, 5% used [0x0000000740000000,0x0000000740933400,0x000000074ab00000)
 Metaspace       used 18893K, capacity 19170K, committed 19328K, reserved 1067008K
  class space    used 2288K, capacity 2364K, committed 2432K, reserved 1048576K
}
Event: 5.641 GC heap before
{Heap before GC invocations=11 (full 0):
 PSYoungGen      total 430592K, used 418368K [0x0000000795580000, 0x00000007b0800000, 0x00000007c0000000)
  eden space 416256K, 100% used [0x0000000795580000,0x00000007aec00000,0x00000007aec00000)
  from space 14336K, 14% used [0x00000007afa00000,0x00000007afc10000,0x00000007b0800000)
  to   space 14336K, 0% used [0x00000007aec00000,0x00000007aec00000,0x00000007afa00000)
 ParOldGen       total 175104K, used 9421K [0x0000000740000000, 0x000000074ab00000, 0x0000000795580000)
  object space 175104K, 5% used [0x0000000740000000,0x0000000740933400,0x000000074ab00000)
 Metaspace       used 19090K, capacity 19362K, committed 19584K, reserved 1067008K
  class space    used 2289K, capacity 2364K, committed 2432K, reserved 1048576K
Event: 5.644 GC heap after
Heap after GC invocations=11 (full 0):
 PSYoungGen      total 430592K, used 3296K [0x0000000795580000, 0x00000007bfb00000, 0x00000007c0000000)
  eden space 416256K, 0% used [0x0000000795580000,0x0000000795580000,0x00000007aec00000)
  from space 14336K, 22% used [0x00000007aec00000,0x00000007aef38000,0x00000007afa00000)
  to   space 13824K, 0% used [0x00000007bed80000,0x00000007bed80000,0x00000007bfb00000)
 ParOldGen       total 175104K, used 9517K [0x0000000740000000, 0x000000074ab00000, 0x0000000795580000)
  object space 175104K, 5% used [0x0000000740000000,0x000000074094b400,0x000000074ab00000)
 Metaspace       used 19090K, capacity 19362K, committed 19584K, reserved 1067008K
  class space    used 2289K, capacity 2364K, committed 2432K, reserved 1048576K
}
Event: 5.868 GC heap before
{Heap before GC invocations=12 (full 0):
 PSYoungGen      total 430592K, used 160881K [0x0000000795580000, 0x00000007bfb00000, 0x00000007c0000000)
  eden space 416256K, 37% used [0x0000000795580000,0x000000079ef64488,0x00000007aec00000)
  from space 14336K, 22% used [0x00000007aec00000,0x00000007aef38000,0x00000007afa00000)
  to   space 13824K, 0% used [0x00000007bed80000,0x00000007bed80000,0x00000007bfb00000)
 ParOldGen       total 175104K, used 9517K [0x0000000740000000, 0x000000074ab00000, 0x0000000795580000)
  object space 175104K, 5% used [0x0000000740000000,0x000000074094b400,0x000000074ab00000)
 Metaspace       used 19302K, capacity 19636K, committed 19840K, reserved 1067008K
  class space    used 2335K, capacity 2431K, committed 2432K, reserved 1048576K
Event: 5.869 GC heap after
Heap after GC invocations=12 (full 0):
 PSYoungGen      total 679424K, used 1056K [0x0000000795580000, 0x00000007bfc00000, 0x00000007c0000000)
  eden space 665600K, 0% used [0x0000000795580000,0x0000000795580000,0x00000007bdf80000)
  from space 13824K, 7% used [0x00000007bed80000,0x00000007bee88000,0x00000007bfb00000)
  to   space 14336K, 0% used [0x00000007bdf80000,0x00000007bdf80000,0x00000007bed80000)
 ParOldGen       total 175104K, used 9589K [0x0000000740000000, 0x000000074ab00000, 0x0000000795580000)
  object space 175104K, 5% used [0x0000000740000000,0x000000074095d400,0x000000074ab00000)
 Metaspace       used 19302K, capacity 19636K, committed 19840K, reserved 1067008K
  class space    used 2335K, capacity 2431K, committed 2432K, reserved 1048576K
}
Event: 5.870 GC heap before
{Heap before GC invocations=13 (full 1):
 PSYoungGen      total 679424K, used 1056K [0x0000000795580000, 0x00000007bfc00000, 0x00000007c0000000)
  eden space 665600K, 0% used [0x0000000795580000,0x0000000795580000,0x00000007bdf80000)
  from space 13824K, 7% used [0x00000007bed80000,0x00000007bee88000,0x00000007bfb00000)
  to   space 14336K, 0% used [0x00000007bdf80000,0x00000007bdf80000,0x00000007bed80000)
 ParOldGen       total 175104K, used 9589K [0x0000000740000000, 0x000000074ab00000, 0x0000000795580000)
  object space 175104K, 5% used [0x0000000740000000,0x000000074095d400,0x000000074ab00000)
 Metaspace       used 19302K, capacity 19636K, committed 19840K, reserved 1067008K
  class space    used 2335K, capacity 2431K, committed 2432K, reserved 1048576K
Event: 5.924 GC heap after
Heap after GC invocations=13 (full 1):
 PSYoungGen      total 679424K, used 0K [0x0000000795580000, 0x00000007bfc00000, 0x00000007c0000000)
  eden space 665600K, 0% used [0x0000000795580000,0x0000000795580000,0x00000007bdf80000)
  from space 13824K, 0% used [0x00000007bed80000,0x00000007bed80000,0x00000007bfb00000)
  to   space 14336K, 0% used [0x00000007bdf80000,0x00000007bdf80000,0x00000007bed80000)
 ParOldGen       total 175104K, used 10104K [0x0000000740000000, 0x000000074ab00000, 0x0000000795580000)
  object space 175104K, 5% used [0x0000000740000000,0x00000007409de358,0x000000074ab00000)
 Metaspace       used 19302K, capacity 19636K, committed 19840K, reserved 1067008K
  class space    used 2335K, capacity 2431K, committed 2432K, reserved 1048576K
}

