# JRE version: Java(TM) 2 Runtime Environment, Standard Edition (8.0_121-b13) (build 1.8.0_121-b13 14_Feb_2017_06_58 Mac OS X x64(SR4 FP1))
# Java VM: Java HotSpot(TM) 64-Bit Server VM (25.121-b13 mixed mode bsd-amd64 compressed oops)
Heap:
 PSYoungGen      total 142336K, used 2834K [0x0000000795580000, 0x00000007acb00000, 0x00000007c0000000)
  eden space 141824K, 1% used [0x0000000795580000,0x0000000795844b98,0x000000079e000000)
  from space 512K, 0% used [0x00000007aca80000,0x00000007aca80000,0x00000007acb00000)
  to   space 2560K, 0% used [0x00000007ac600000,0x00000007ac600000,0x00000007ac880000)
 ParOldGen       total 175104K, used 19889K [0x0000000740000000, 0x000000074ab00000, 0x0000000795580000)
  object space 175104K, 11% used [0x0000000740000000,0x000000074136c4b0,0x000000074ab00000)
 Metaspace       used 20726K, capacity 21138K, committed 21248K, reserved 1069056K
  class space    used 2407K, capacity 2516K, committed 2560K, reserved 1048576K
GC Heap History (10 events):
Event: 215.786 GC heap before
{Heap before GC invocations=144 (full 11):
 PSYoungGen      total 158208K, used 158112K [0x0000000795580000, 0x00000007ad080000, 0x00000007c0000000)
  eden space 156672K, 100% used [0x0000000795580000,0x000000079ee80000,0x000000079ee80000)
  from space 1536K, 93% used [0x00000007acf00000,0x00000007ad068000,0x00000007ad080000)
  to   space 3072K, 0% used [0x00000007aca80000,0x00000007aca80000,0x00000007acd80000)
 ParOldGen       total 175104K, used 26274K [0x0000000740000000, 0x000000074ab00000, 0x0000000795580000)
  object space 175104K, 15% used [0x0000000740000000,0x00000007419a89e8,0x000000074ab00000)
 Metaspace       used 20726K, capacity 21138K, committed 21248K, reserved 1069056K
  class space    used 2407K, capacity 2516K, committed 2560K, reserved 1048576K
Event: 215.788 GC heap after
Heap after GC invocations=144 (full 11):
 PSYoungGen      total 153088K, used 1344K [0x0000000795580000, 0x00000007acf80000, 0x00000007c0000000)
  eden space 151552K, 0% used [0x0000000795580000,0x0000000795580000,0x000000079e980000)
  from space 1536K, 87% used [0x00000007aca80000,0x00000007acbd0000,0x00000007acc00000)
  to   space 3072K, 0% used [0x00000007acc80000,0x00000007acc80000,0x00000007acf80000)
 ParOldGen       total 175104K, used 26298K [0x0000000740000000, 0x000000074ab00000, 0x0000000795580000)
  object space 175104K, 15% used [0x0000000740000000,0x00000007419ae9e8,0x000000074ab00000)
 Metaspace       used 20726K, capacity 21138K, committed 21248K, reserved 1069056K
  class space    used 2407K, capacity 2516K, committed 2560K, reserved 1048576K
}
Event: 215.976 GC heap before
{Heap before GC invocations=145 (full 11):
 PSYoungGen      total 153088K, used 152896K [0x0000000795580000, 0x00000007acf80000, 0x00000007c0000000)
  eden space 151552K, 100% used [0x0000000795580000,0x000000079e980000,0x000000079e980000)
  from space 1536K, 87% used [0x00000007aca80000,0x00000007acbd0000,0x00000007acc00000)
  to   space 3072K, 0% used [0x00000007acc80000,0x00000007acc80000,0x00000007acf80000)
 ParOldGen       total 175104K, used 26298K [0x0000000740000000, 0x000000074ab00000, 0x0000000795580000)
  object space 175104K, 15% used [0x0000000740000000,0x00000007419ae9e8,0x000000074ab00000)
 Metaspace       used 20726K, capacity 21138K, committed 21248K, reserved 1069056K
  class space    used 2407K, capacity 2516K, committed 2560K, reserved 1048576K
Event: 215.978 GC heap after
Heap after GC invocations=145 (full 11):
 PSYoungGen      total 147968K, used 1152K [0x0000000795580000, 0x00000007ace00000, 0x00000007c0000000)
  eden space 146432K, 0% used [0x0000000795580000,0x0000000795580000,0x000000079e480000)
  from space 1536K, 75% used [0x00000007acc80000,0x00000007acda0000,0x00000007ace00000)
  to   space 2560K, 0% used [0x00000007ac900000,0x00000007ac900000,0x00000007acb80000)
 ParOldGen       total 175104K, used 26338K [0x0000000740000000, 0x000000074ab00000, 0x0000000795580000)
  object space 175104K, 15% used [0x0000000740000000,0x00000007419b89e8,0x000000074ab00000)
 Metaspace       used 20726K, capacity 21138K, committed 21248K, reserved 1069056K
  class space    used 2407K, capacity 2516K, committed 2560K, reserved 1048576K
}
Event: 216.157 GC heap before
{Heap before GC invocations=146 (full 11):
 PSYoungGen      total 147968K, used 147584K [0x0000000795580000, 0x00000007ace00000, 0x00000007c0000000)
  eden space 146432K, 100% used [0x0000000795580000,0x000000079e480000,0x000000079e480000)
  from space 1536K, 75% used [0x00000007acc80000,0x00000007acda0000,0x00000007ace00000)
  to   space 2560K, 0% used [0x00000007ac900000,0x00000007ac900000,0x00000007acb80000)
 ParOldGen       total 175104K, used 26338K [0x0000000740000000, 0x000000074ab00000, 0x0000000795580000)
  object space 175104K, 15% used [0x0000000740000000,0x00000007419b89e8,0x000000074ab00000)
 Metaspace       used 20726K, capacity 21138K, committed 21248K, reserved 1069056K
  class space    used 2407K, capacity 2516K, committed 2560K, reserved 1048576K
Event: 216.159 GC heap after
Heap after GC invocations=146 (full 11):
 PSYoungGen      total 143360K, used 1088K [0x0000000795580000, 0x00000007acd00000, 0x00000007c0000000)
  eden space 141824K, 0% used [0x0000000795580000,0x0000000795580000,0x000000079e000000)
  from space 1536K, 70% used [0x00000007ac900000,0x00000007aca10000,0x00000007aca80000)
  to   space 2560K, 0% used [0x00000007aca80000,0x00000007aca80000,0x00000007acd00000)
 ParOldGen       total 175104K, used 26418K [0x0000000740000000, 0x000000074ab00000, 0x0000000795580000)
  object space 175104K, 15% used [0x0000000740000000,0x00000007419cc9e8,0x000000074ab00000)
 Metaspace       used 20726K, capacity 21138K, committed 21248K, reserved 1069056K
  class space    used 2407K, capacity 2516K, committed 2560K, reserved 1048576K
}
Event: 216.207 GC heap before
{Heap before GC invocations=147 (full 11):
 PSYoungGen      total 143360K, used 26602K [0x0000000795580000, 0x00000007acd00000, 0x00000007c0000000)
  eden space 141824K, 17% used [0x0000000795580000,0x0000000796e6a988,0x000000079e000000)
  from space 1536K, 70% used [0x00000007ac900000,0x00000007aca10000,0x00000007aca80000)
  to   space 2560K, 0% used [0x00000007aca80000,0x00000007aca80000,0x00000007acd00000)
 ParOldGen       total 175104K, used 26418K [0x0000000740000000, 0x000000074ab00000, 0x0000000795580000)
  object space 175104K, 15% used [0x0000000740000000,0x00000007419cc9e8,0x000000074ab00000)
 Metaspace       used 20726K, capacity 21138K, committed 21248K, reserved 1069056K
  class space    used 2407K, capacity 2516K, committed 2560K, reserved 1048576K
Event: 216.207 GC heap after
Heap after GC invocations=147 (full 11):
 PSYoungGen      total 142336K, used 192K [0x0000000795580000, 0x00000007acb00000, 0x00000007c0000000)
  eden space 141824K, 0% used [0x0000000795580000,0x0000000795580000,0x000000079e000000)
  from space 512K, 37% used [0x00000007aca80000,0x00000007acab0000,0x00000007acb00000)
  to   space 2560K, 0% used [0x00000007ac600000,0x00000007ac600000,0x00000007ac880000)
 ParOldGen       total 175104K, used 26506K [0x0000000740000000, 0x000000074ab00000, 0x0000000795580000)
  object space 175104K, 15% used [0x0000000740000000,0x00000007419e29e8,0x000000074ab00000)
 Metaspace       used 20726K, capacity 21138K, committed 21248K, reserved 1069056K
  class space    used 2407K, capacity 2516K, committed 2560K, reserved 1048576K
}
Event: 216.208 GC heap before
{Heap before GC invocations=148 (full 12):
 PSYoungGen      total 142336K, used 192K [0x0000000795580000, 0x00000007acb00000, 0x00000007c0000000)
  eden space 141824K, 0% used [0x0000000795580000,0x0000000795580000,0x000000079e000000)
  from space 512K, 37% used [0x00000007aca80000,0x00000007acab0000,0x00000007acb00000)
  to   space 2560K, 0% used [0x00000007ac600000,0x00000007ac600000,0x00000007ac880000)
 ParOldGen       total 175104K, used 26506K [0x0000000740000000, 0x000000074ab00000, 0x0000000795580000)
  object space 175104K, 15% used [0x0000000740000000,0x00000007419e29e8,0x000000074ab00000)
 Metaspace       used 20726K, capacity 21138K, committed 21248K, reserved 1069056K
  class space    used 2407K, capacity 2516K, committed 2560K, reserved 1048576K
Event: 216.261 GC heap after
Heap after GC invocations=148 (full 12):
 PSYoungGen      total 142336K, used 0K [0x0000000795580000, 0x00000007acb00000, 0x00000007c0000000)
  eden space 141824K, 0% used [0x0000000795580000,0x0000000795580000,0x000000079e000000)
  from space 512K, 0% used [0x00000007aca80000,0x00000007aca80000,0x00000007acb00000)
  to   space 2560K, 0% used [0x00000007ac600000,0x00000007ac600000,0x00000007ac880000)
 ParOldGen       total 175104K, used 19889K [0x0000000740000000, 0x000000074ab00000, 0x0000000795580000)
  object space 175104K, 11% used [0x0000000740000000,0x000000074136c4b0,0x000000074ab00000)
 Metaspace       used 20726K, capacity 21138K, committed 21248K, reserved 1069056K
  class space    used 2407K, capacity 2516K, committed 2560K, reserved 1048576K
}

