# JRE version: Java(TM) 2 Runtime Environment, Standard Edition (8.0_121-b13) (build 1.8.0_121-b13 14_Feb_2017_06_58 Mac OS X x64(SR4 FP1))
# Java VM: Java HotSpot(TM) 64-Bit Server VM (25.121-b13 mixed mode bsd-amd64 compressed oops)
Heap:
 PSYoungGen      total 124416K, used 2451K [0x0000000795580000, 0x00000007ac680000, 0x00000007c0000000)
  eden space 123904K, 1% used [0x0000000795580000,0x00000007957e4ff8,0x000000079ce80000)
  from space 512K, 0% used [0x00000007ac280000,0x00000007ac280000,0x00000007ac300000)
  to   space 2560K, 0% used [0x00000007ac400000,0x00000007ac400000,0x00000007ac680000)
 ParOldGen       total 175104K, used 20121K [0x0000000740000000, 0x000000074ab00000, 0x0000000795580000)
  object space 175104K, 11% used [0x0000000740000000,0x00000007413a6420,0x000000074ab00000)
 Metaspace       used 20714K, capacity 21138K, committed 21248K, reserved 1069056K
  class space    used 2402K, capacity 2516K, committed 2560K, reserved 1048576K
GC Heap History (10 events):
Event: 242.167 GC heap before
{Heap before GC invocations=141 (full 11):
 PSYoungGen      total 138240K, used 138016K [0x0000000795580000, 0x00000007aca80000, 0x00000007c0000000)
  eden space 136704K, 100% used [0x0000000795580000,0x000000079db00000,0x000000079db00000)
  from space 1536K, 85% used [0x00000007ac680000,0x00000007ac7c8000,0x00000007ac800000)
  to   space 2560K, 0% used [0x00000007ac800000,0x00000007ac800000,0x00000007aca80000)
 ParOldGen       total 175104K, used 27026K [0x0000000740000000, 0x000000074ab00000, 0x0000000795580000)
  object space 175104K, 15% used [0x0000000740000000,0x0000000741a64b20,0x000000074ab00000)
 Metaspace       used 20714K, capacity 21138K, committed 21248K, reserved 1069056K
  class space    used 2402K, capacity 2516K, committed 2560K, reserved 1048576K
Event: 242.168 GC heap after
Heap after GC invocations=141 (full 11):
 PSYoungGen      total 133632K, used 1152K [0x0000000795580000, 0x00000007ac980000, 0x00000007c0000000)
  eden space 132096K, 0% used [0x0000000795580000,0x0000000795580000,0x000000079d680000)
  from space 1536K, 75% used [0x00000007ac800000,0x00000007ac920000,0x00000007ac980000)
  to   space 2560K, 0% used [0x00000007ac480000,0x00000007ac480000,0x00000007ac700000)
 ParOldGen       total 175104K, used 27074K [0x0000000740000000, 0x000000074ab00000, 0x0000000795580000)
  object space 175104K, 15% used [0x0000000740000000,0x0000000741a70b20,0x000000074ab00000)
 Metaspace       used 20714K, capacity 21138K, committed 21248K, reserved 1069056K
  class space    used 2402K, capacity 2516K, committed 2560K, reserved 1048576K
}
Event: 242.328 GC heap before
{Heap before GC invocations=142 (full 11):
 PSYoungGen      total 133632K, used 133248K [0x0000000795580000, 0x00000007ac980000, 0x00000007c0000000)
  eden space 132096K, 100% used [0x0000000795580000,0x000000079d680000,0x000000079d680000)
  from space 1536K, 75% used [0x00000007ac800000,0x00000007ac920000,0x00000007ac980000)
  to   space 2560K, 0% used [0x00000007ac480000,0x00000007ac480000,0x00000007ac700000)
 ParOldGen       total 175104K, used 27074K [0x0000000740000000, 0x000000074ab00000, 0x0000000795580000)
  object space 175104K, 15% used [0x0000000740000000,0x0000000741a70b20,0x000000074ab00000)
 Metaspace       used 20714K, capacity 21138K, committed 21248K, reserved 1069056K
  class space    used 2402K, capacity 2516K, committed 2560K, reserved 1048576K
Event: 242.330 GC heap after
Heap after GC invocations=142 (full 11):
 PSYoungGen      total 129536K, used 1056K [0x0000000795580000, 0x00000007ac880000, 0x00000007c0000000)
  eden space 128000K, 0% used [0x0000000795580000,0x0000000795580000,0x000000079d280000)
  from space 1536K, 68% used [0x00000007ac480000,0x00000007ac588000,0x00000007ac600000)
  to   space 2560K, 0% used [0x00000007ac600000,0x00000007ac600000,0x00000007ac880000)
 ParOldGen       total 175104K, used 27114K [0x0000000740000000, 0x000000074ab00000, 0x0000000795580000)
  object space 175104K, 15% used [0x0000000740000000,0x0000000741a7ab20,0x000000074ab00000)
 Metaspace       used 20714K, capacity 21138K, committed 21248K, reserved 1069056K
  class space    used 2402K, capacity 2516K, committed 2560K, reserved 1048576K
}
Event: 242.472 GC heap before
{Heap before GC invocations=143 (full 11):
 PSYoungGen      total 129536K, used 129056K [0x0000000795580000, 0x00000007ac880000, 0x00000007c0000000)
  eden space 128000K, 100% used [0x0000000795580000,0x000000079d280000,0x000000079d280000)
  from space 1536K, 68% used [0x00000007ac480000,0x00000007ac588000,0x00000007ac600000)
  to   space 2560K, 0% used [0x00000007ac600000,0x00000007ac600000,0x00000007ac880000)
 ParOldGen       total 175104K, used 27114K [0x0000000740000000, 0x000000074ab00000, 0x0000000795580000)
  object space 175104K, 15% used [0x0000000740000000,0x0000000741a7ab20,0x000000074ab00000)
 Metaspace       used 20714K, capacity 21138K, committed 21248K, reserved 1069056K
  class space    used 2402K, capacity 2516K, committed 2560K, reserved 1048576K
Event: 242.473 GC heap after
Heap after GC invocations=143 (full 11):
 PSYoungGen      total 125440K, used 1056K [0x0000000795580000, 0x00000007ac780000, 0x00000007c0000000)
  eden space 123904K, 0% used [0x0000000795580000,0x0000000795580000,0x000000079ce80000)
  from space 1536K, 68% used [0x00000007ac600000,0x00000007ac708000,0x00000007ac780000)
  to   space 2560K, 0% used [0x00000007ac280000,0x00000007ac280000,0x00000007ac500000)
 ParOldGen       total 175104K, used 27210K [0x0000000740000000, 0x000000074ab00000, 0x0000000795580000)
  object space 175104K, 15% used [0x0000000740000000,0x0000000741a92b20,0x000000074ab00000)
 Metaspace       used 20714K, capacity 21138K, committed 21248K, reserved 1069056K
  class space    used 2402K, capacity 2516K, committed 2560K, reserved 1048576K
}
Event: 242.590 GC heap before
{Heap before GC invocations=144 (full 11):
 PSYoungGen      total 125440K, used 85281K [0x0000000795580000, 0x00000007ac780000, 0x00000007c0000000)
  eden space 123904K, 67% used [0x0000000795580000,0x000000079a7c0760,0x000000079ce80000)
  from space 1536K, 68% used [0x00000007ac600000,0x00000007ac708000,0x00000007ac780000)
  to   space 2560K, 0% used [0x00000007ac280000,0x00000007ac280000,0x00000007ac500000)
 ParOldGen       total 175104K, used 27210K [0x0000000740000000, 0x000000074ab00000, 0x0000000795580000)
  object space 175104K, 15% used [0x0000000740000000,0x0000000741a92b20,0x000000074ab00000)
 Metaspace       used 20714K, capacity 21138K, committed 21248K, reserved 1069056K
  class space    used 2402K, capacity 2516K, committed 2560K, reserved 1048576K
Event: 242.591 GC heap after
Heap after GC invocations=144 (full 11):
 PSYoungGen      total 124416K, used 512K [0x0000000795580000, 0x00000007ac680000, 0x00000007c0000000)
  eden space 123904K, 0% used [0x0000000795580000,0x0000000795580000,0x000000079ce80000)
  from space 512K, 100% used [0x00000007ac280000,0x00000007ac300000,0x00000007ac300000)
  to   space 2560K, 0% used [0x00000007ac400000,0x00000007ac400000,0x00000007ac680000)
 ParOldGen       total 175104K, used 27250K [0x0000000740000000, 0x000000074ab00000, 0x0000000795580000)
  object space 175104K, 15% used [0x0000000740000000,0x0000000741a9cb20,0x000000074ab00000)
 Metaspace       used 20714K, capacity 21138K, committed 21248K, reserved 1069056K
  class space    used 2402K, capacity 2516K, committed 2560K, reserved 1048576K
}
Event: 242.591 GC heap before
{Heap before GC invocations=145 (full 12):
 PSYoungGen      total 124416K, used 512K [0x0000000795580000, 0x00000007ac680000, 0x00000007c0000000)
  eden space 123904K, 0% used [0x0000000795580000,0x0000000795580000,0x000000079ce80000)
  from space 512K, 100% used [0x00000007ac280000,0x00000007ac300000,0x00000007ac300000)
  to   space 2560K, 0% used [0x00000007ac400000,0x00000007ac400000,0x00000007ac680000)
 ParOldGen       total 175104K, used 27250K [0x0000000740000000, 0x000000074ab00000, 0x0000000795580000)
  object space 175104K, 15% used [0x0000000740000000,0x0000000741a9cb20,0x000000074ab00000)
 Metaspace       used 20714K, capacity 21138K, committed 21248K, reserved 1069056K
  class space    used 2402K, capacity 2516K, committed 2560K, reserved 1048576K
Event: 242.638 GC heap after
Heap after GC invocations=145 (full 12):
 PSYoungGen      total 124416K, used 0K [0x0000000795580000, 0x00000007ac680000, 0x00000007c0000000)
  eden space 123904K, 0% used [0x0000000795580000,0x0000000795580000,0x000000079ce80000)
  from space 512K, 0% used [0x00000007ac280000,0x00000007ac280000,0x00000007ac300000)
  to   space 2560K, 0% used [0x00000007ac400000,0x00000007ac400000,0x00000007ac680000)
 ParOldGen       total 175104K, used 20121K [0x0000000740000000, 0x000000074ab00000, 0x0000000795580000)
  object space 175104K, 11% used [0x0000000740000000,0x00000007413a6420,0x000000074ab00000)
 Metaspace       used 20714K, capacity 21138K, committed 21248K, reserved 1069056K
  class space    used 2402K, capacity 2516K, committed 2560K, reserved 1048576K
}

