# JRE version: Java(TM) 2 Runtime Environment, Standard Edition (8.0_121-b13) (build 1.8.0_121-b13 14_Feb_2017_06_58 Mac OS X x64(SR4 FP1))
# Java VM: Java HotSpot(TM) 64-Bit Server VM (25.121-b13 mixed mode bsd-amd64 compressed oops)
Heap:
 PSYoungGen      total 689152K, used 13419K [0x0000000795580000, 0x00000007bff00000, 0x00000007c0000000)
  eden space 680448K, 1% used [0x0000000795580000,0x000000079629af28,0x00000007bee00000)
  from space 8704K, 0% used [0x00000007bee00000,0x00000007bee00000,0x00000007bf680000)
  to   space 8704K, 0% used [0x00000007bf680000,0x00000007bf680000,0x00000007bff00000)
 ParOldGen       total 175104K, used 13069K [0x0000000740000000, 0x000000074ab00000, 0x0000000795580000)
  object space 175104K, 7% used [0x0000000740000000,0x0000000740cc3730,0x000000074ab00000)
 Metaspace       used 19829K, capacity 20116K, committed 20480K, reserved 1067008K
  class space    used 2369K, capacity 2463K, committed 2560K, reserved 1048576K
GC Heap History (10 events):
Event: 14.288 GC heap before
{Heap before GC invocations=8 (full 0):
 PSYoungGen      total 268288K, used 263429K [0x0000000795580000, 0x00000007b6080000, 0x00000007c0000000)
  eden space 258048K, 100% used [0x0000000795580000,0x00000007a5180000,0x00000007a5180000)
  from space 10240K, 52% used [0x00000007a5180000,0x00000007a56c1520,0x00000007a5b80000)
  to   space 9728K, 0% used [0x00000007b5700000,0x00000007b5700000,0x00000007b6080000)
 ParOldGen       total 175104K, used 7959K [0x0000000740000000, 0x000000074ab00000, 0x0000000795580000)
  object space 175104K, 4% used [0x0000000740000000,0x00000007407c5f30,0x000000074ab00000)
 Metaspace       used 18965K, capacity 19228K, committed 19584K, reserved 1067008K
  class space    used 2281K, capacity 2363K, committed 2432K, reserved 1048576K
Event: 14.293 GC heap after
Heap after GC invocations=8 (full 0):
 PSYoungGen      total 524800K, used 5266K [0x0000000795580000, 0x00000007b5f80000, 0x00000007c0000000)
  eden space 516096K, 0% used [0x0000000795580000,0x0000000795580000,0x00000007b4d80000)
  from space 8704K, 60% used [0x00000007b5700000,0x00000007b5c24aa0,0x00000007b5f80000)
  to   space 9216K, 0% used [0x00000007b4d80000,0x00000007b4d80000,0x00000007b5680000)
 ParOldGen       total 175104K, used 8007K [0x0000000740000000, 0x000000074ab00000, 0x0000000795580000)
  object space 175104K, 4% used [0x0000000740000000,0x00000007407d1f30,0x000000074ab00000)
 Metaspace       used 18965K, capacity 19228K, committed 19584K, reserved 1067008K
  class space    used 2281K, capacity 2363K, committed 2432K, reserved 1048576K
}
Event: 15.159 GC heap before
{Heap before GC invocations=9 (full 0):
 PSYoungGen      total 524800K, used 521362K [0x0000000795580000, 0x00000007b5f80000, 0x00000007c0000000)
  eden space 516096K, 100% used [0x0000000795580000,0x00000007b4d80000,0x00000007b4d80000)
  from space 8704K, 60% used [0x00000007b5700000,0x00000007b5c24aa0,0x00000007b5f80000)
  to   space 9216K, 0% used [0x00000007b4d80000,0x00000007b4d80000,0x00000007b5680000)
 ParOldGen       total 175104K, used 8007K [0x0000000740000000, 0x000000074ab00000, 0x0000000795580000)
  object space 175104K, 4% used [0x0000000740000000,0x00000007407d1f30,0x000000074ab00000)
 Metaspace       used 19148K, capacity 19458K, committed 19584K, reserved 1067008K
  class space    used 2289K, capacity 2396K, committed 2432K, reserved 1048576K
Event: 15.165 GC heap after
Heap after GC invocations=9 (full 0):
 PSYoungGen      total 525312K, used 3904K [0x0000000795580000, 0x00000007c0000000, 0x00000007c0000000)
  eden space 516096K, 0% used [0x0000000795580000,0x0000000795580000,0x00000007b4d80000)
  from space 9216K, 42% used [0x00000007b4d80000,0x00000007b5150000,0x00000007b5680000)
  to   space 9216K, 0% used [0x00000007bf700000,0x00000007bf700000,0x00000007c0000000)
 ParOldGen       total 175104K, used 11214K [0x0000000740000000, 0x000000074ab00000, 0x0000000795580000)
  object space 175104K, 6% used [0x0000000740000000,0x0000000740af3aa0,0x000000074ab00000)
 Metaspace       used 19148K, capacity 19458K, committed 19584K, reserved 1067008K
  class space    used 2289K, capacity 2396K, committed 2432K, reserved 1048576K
}
Event: 15.988 GC heap before
{Heap before GC invocations=10 (full 0):
 PSYoungGen      total 525312K, used 520000K [0x0000000795580000, 0x00000007c0000000, 0x00000007c0000000)
  eden space 516096K, 100% used [0x0000000795580000,0x00000007b4d80000,0x00000007b4d80000)
  from space 9216K, 42% used [0x00000007b4d80000,0x00000007b5150000,0x00000007b5680000)
  to   space 9216K, 0% used [0x00000007bf700000,0x00000007bf700000,0x00000007c0000000)
 ParOldGen       total 175104K, used 11214K [0x0000000740000000, 0x000000074ab00000, 0x0000000795580000)
  object space 175104K, 6% used [0x0000000740000000,0x0000000740af3aa0,0x000000074ab00000)
 Metaspace       used 19340K, capacity 19650K, committed 19840K, reserved 1067008K
  class space    used 2292K, capacity 2396K, committed 2432K, reserved 1048576K
Event: 15.993 GC heap after
Heap after GC invocations=10 (full 0):
 PSYoungGen      total 688640K, used 3968K [0x0000000795580000, 0x00000007bff00000, 0x00000007c0000000)
  eden space 680448K, 0% used [0x0000000795580000,0x0000000795580000,0x00000007bee00000)
  from space 8192K, 48% used [0x00000007bf700000,0x00000007bfae0000,0x00000007bff00000)
  to   space 8704K, 0% used [0x00000007bee00000,0x00000007bee00000,0x00000007bf680000)
 ParOldGen       total 175104K, used 11334K [0x0000000740000000, 0x000000074ab00000, 0x0000000795580000)
  object space 175104K, 6% used [0x0000000740000000,0x0000000740b11aa0,0x000000074ab00000)
 Metaspace       used 19340K, capacity 19650K, committed 19840K, reserved 1067008K
  class space    used 2292K, capacity 2396K, committed 2432K, reserved 1048576K
}
Event: 16.857 GC heap before
{Heap before GC invocations=11 (full 0):
 PSYoungGen      total 688640K, used 531037K [0x0000000795580000, 0x00000007bff00000, 0x00000007c0000000)
  eden space 680448K, 77% used [0x0000000795580000,0x00000007b58375d8,0x00000007bee00000)
  from space 8192K, 48% used [0x00000007bf700000,0x00000007bfae0000,0x00000007bff00000)
  to   space 8704K, 0% used [0x00000007bee00000,0x00000007bee00000,0x00000007bf680000)
 ParOldGen       total 175104K, used 11334K [0x0000000740000000, 0x000000074ab00000, 0x0000000795580000)
  object space 175104K, 6% used [0x0000000740000000,0x0000000740b11aa0,0x000000074ab00000)
 Metaspace       used 19801K, capacity 20116K, committed 20480K, reserved 1067008K
  class space    used 2365K, capacity 2463K, committed 2560K, reserved 1048576K
Event: 16.861 GC heap after
Heap after GC invocations=11 (full 0):
 PSYoungGen      total 689152K, used 3744K [0x0000000795580000, 0x00000007bff00000, 0x00000007c0000000)
  eden space 680448K, 0% used [0x0000000795580000,0x0000000795580000,0x00000007bee00000)
  from space 8704K, 43% used [0x00000007bee00000,0x00000007bf1a8000,0x00000007bf680000)
  to   space 8704K, 0% used [0x00000007bf680000,0x00000007bf680000,0x00000007bff00000)
 ParOldGen       total 175104K, used 11502K [0x0000000740000000, 0x000000074ab00000, 0x0000000795580000)
  object space 175104K, 6% used [0x0000000740000000,0x0000000740b3baa0,0x000000074ab00000)
 Metaspace       used 19801K, capacity 20116K, committed 20480K, reserved 1067008K
  class space    used 2365K, capacity 2463K, committed 2560K, reserved 1048576K
}
Event: 16.861 GC heap before
{Heap before GC invocations=12 (full 1):
 PSYoungGen      total 689152K, used 3744K [0x0000000795580000, 0x00000007bff00000, 0x00000007c0000000)
  eden space 680448K, 0% used [0x0000000795580000,0x0000000795580000,0x00000007bee00000)
  from space 8704K, 43% used [0x00000007bee00000,0x00000007bf1a8000,0x00000007bf680000)
  to   space 8704K, 0% used [0x00000007bf680000,0x00000007bf680000,0x00000007bff00000)
 ParOldGen       total 175104K, used 11502K [0x0000000740000000, 0x000000074ab00000, 0x0000000795580000)
  object space 175104K, 6% used [0x0000000740000000,0x0000000740b3baa0,0x000000074ab00000)
 Metaspace       used 19801K, capacity 20116K, committed 20480K, reserved 1067008K
  class space    used 2365K, capacity 2463K, committed 2560K, reserved 1048576K
Event: 16.896 GC heap after
Heap after GC invocations=12 (full 1):
 PSYoungGen      total 689152K, used 0K [0x0000000795580000, 0x00000007bff00000, 0x00000007c0000000)
  eden space 680448K, 0% used [0x0000000795580000,0x0000000795580000,0x00000007bee00000)
  from space 8704K, 0% used [0x00000007bee00000,0x00000007bee00000,0x00000007bf680000)
  to   space 8704K, 0% used [0x00000007bf680000,0x00000007bf680000,0x00000007bff00000)
 ParOldGen       total 175104K, used 13069K [0x0000000740000000, 0x000000074ab00000, 0x0000000795580000)
  object space 175104K, 7% used [0x0000000740000000,0x0000000740cc3730,0x000000074ab00000)
 Metaspace       used 19801K, capacity 20116K, committed 20480K, reserved 1067008K
  class space    used 2365K, capacity 2463K, committed 2560K, reserved 1048576K
}

