# JRE version: Java(TM) 2 Runtime Environment, Standard Edition (8.0_121-b13) (build 1.8.0_121-b13 14_Feb_2017_06_58 Mac OS X x64(SR4 FP1))
# Java VM: Java HotSpot(TM) 64-Bit Server VM (25.121-b13 mixed mode bsd-amd64 compressed oops)
Heap:
 PSYoungGen      total 482304K, used 9472K [0x0000000795580000, 0x00000007bcc80000, 0x00000007c0000000)
  eden space 478720K, 1% used [0x0000000795580000,0x0000000795ec0310,0x00000007b2900000)
  from space 3584K, 0% used [0x00000007bc900000,0x00000007bc900000,0x00000007bcc80000)
  to   space 9728K, 0% used [0x00000007bb980000,0x00000007bb980000,0x00000007bc300000)
 ParOldGen       total 175104K, used 13612K [0x0000000740000000, 0x000000074ab00000, 0x0000000795580000)
  object space 175104K, 7% used [0x0000000740000000,0x0000000740d4b150,0x000000074ab00000)
 Metaspace       used 20301K, capacity 20656K, committed 20736K, reserved 1067008K
  class space    used 2385K, capacity 2489K, committed 2560K, reserved 1048576K
GC Heap History (10 events):
Event: 39.226 GC heap before
{Heap before GC invocations=26 (full 3):
 PSYoungGen      total 553472K, used 553216K [0x0000000795580000, 0x00000007be200000, 0x00000007c0000000)
  eden space 547840K, 100% used [0x0000000795580000,0x00000007b6c80000,0x00000007b6c80000)
  from space 5632K, 95% used [0x00000007bdc80000,0x00000007be1c0010,0x00000007be200000)
  to   space 11264K, 0% used [0x00000007bcc00000,0x00000007bcc00000,0x00000007bd700000)
 ParOldGen       total 175104K, used 12719K [0x0000000740000000, 0x000000074ab00000, 0x0000000795580000)
  object space 175104K, 7% used [0x0000000740000000,0x0000000740c6bf70,0x000000074ab00000)
 Metaspace       used 20235K, capacity 20520K, committed 20736K, reserved 1067008K
  class space    used 2378K, capacity 2477K, committed 2560K, reserved 1048576K
Event: 39.233 GC heap after
Heap after GC invocations=26 (full 3):
 PSYoungGen      total 527872K, used 4096K [0x0000000795580000, 0x00000007bdd00000, 0x00000007c0000000)
  eden space 523776K, 0% used [0x0000000795580000,0x0000000795580000,0x00000007b5500000)
  from space 4096K, 100% used [0x00000007bcc00000,0x00000007bd000000,0x00000007bd000000)
  to   space 10752K, 0% used [0x00000007bd280000,0x00000007bd280000,0x00000007bdd00000)
 ParOldGen       total 175104K, used 17191K [0x0000000740000000, 0x000000074ab00000, 0x0000000795580000)
  object space 175104K, 9% used [0x0000000740000000,0x00000007410c9f90,0x000000074ab00000)
 Metaspace       used 20235K, capacity 20520K, committed 20736K, reserved 1067008K
  class space    used 2378K, capacity 2477K, committed 2560K, reserved 1048576K
}
Event: 39.892 GC heap before
{Heap before GC invocations=27 (full 3):
 PSYoungGen      total 527872K, used 527872K [0x0000000795580000, 0x00000007bdd00000, 0x00000007c0000000)
  eden space 523776K, 100% used [0x0000000795580000,0x00000007b5500000,0x00000007b5500000)
  from space 4096K, 100% used [0x00000007bcc00000,0x00000007bd000000,0x00000007bd000000)
  to   space 10752K, 0% used [0x00000007bd280000,0x00000007bd280000,0x00000007bdd00000)
 ParOldGen       total 175104K, used 17191K [0x0000000740000000, 0x000000074ab00000, 0x0000000795580000)
  object space 175104K, 9% used [0x0000000740000000,0x00000007410c9f90,0x000000074ab00000)
 Metaspace       used 20238K, capacity 20520K, committed 20736K, reserved 1067008K
  class space    used 2378K, capacity 2477K, committed 2560K, reserved 1048576K
Event: 39.896 GC heap after
Heap after GC invocations=27 (full 3):
 PSYoungGen      total 504832K, used 3872K [0x0000000795580000, 0x00000007bd680000, 0x00000007c0000000)
  eden space 500736K, 0% used [0x0000000795580000,0x0000000795580000,0x00000007b3e80000)
  from space 4096K, 94% used [0x00000007bd280000,0x00000007bd648000,0x00000007bd680000)
  to   space 10240K, 0% used [0x00000007bc280000,0x00000007bc280000,0x00000007bcc80000)
 ParOldGen       total 175104K, used 17239K [0x0000000740000000, 0x000000074ab00000, 0x0000000795580000)
  object space 175104K, 9% used [0x0000000740000000,0x00000007410d5f90,0x000000074ab00000)
 Metaspace       used 20238K, capacity 20520K, committed 20736K, reserved 1067008K
  class space    used 2378K, capacity 2477K, committed 2560K, reserved 1048576K
}
Event: 40.507 GC heap before
{Heap before GC invocations=28 (full 3):
 PSYoungGen      total 504832K, used 504608K [0x0000000795580000, 0x00000007bd680000, 0x00000007c0000000)
  eden space 500736K, 100% used [0x0000000795580000,0x00000007b3e80000,0x00000007b3e80000)
  from space 4096K, 94% used [0x00000007bd280000,0x00000007bd648000,0x00000007bd680000)
  to   space 10240K, 0% used [0x00000007bc280000,0x00000007bc280000,0x00000007bcc80000)
 ParOldGen       total 175104K, used 17239K [0x0000000740000000, 0x000000074ab00000, 0x0000000795580000)
  object space 175104K, 9% used [0x0000000740000000,0x00000007410d5f90,0x000000074ab00000)
 Metaspace       used 20238K, capacity 20520K, committed 20736K, reserved 1067008K
  class space    used 2378K, capacity 2477K, committed 2560K, reserved 1048576K
Event: 40.511 GC heap after
Heap after GC invocations=28 (full 3):
 PSYoungGen      total 482816K, used 3680K [0x0000000795580000, 0x00000007bd300000, 0x00000007c0000000)
  eden space 478720K, 0% used [0x0000000795580000,0x0000000795580000,0x00000007b2900000)
  from space 4096K, 89% used [0x00000007bc280000,0x00000007bc618000,0x00000007bc680000)
  to   space 10240K, 0% used [0x00000007bc900000,0x00000007bc900000,0x00000007bd300000)
 ParOldGen       total 175104K, used 17287K [0x0000000740000000, 0x000000074ab00000, 0x0000000795580000)
  object space 175104K, 9% used [0x0000000740000000,0x00000007410e1f90,0x000000074ab00000)
 Metaspace       used 20238K, capacity 20520K, committed 20736K, reserved 1067008K
  class space    used 2378K, capacity 2477K, committed 2560K, reserved 1048576K
}
Event: 41.107 GC heap before
{Heap before GC invocations=29 (full 3):
 PSYoungGen      total 482816K, used 482400K [0x0000000795580000, 0x00000007bd300000, 0x00000007c0000000)
  eden space 478720K, 100% used [0x0000000795580000,0x00000007b2900000,0x00000007b2900000)
  from space 4096K, 89% used [0x00000007bc280000,0x00000007bc618000,0x00000007bc680000)
  to   space 10240K, 0% used [0x00000007bc900000,0x00000007bc900000,0x00000007bd300000)
 ParOldGen       total 175104K, used 17287K [0x0000000740000000, 0x000000074ab00000, 0x0000000795580000)
  object space 175104K, 9% used [0x0000000740000000,0x00000007410e1f90,0x000000074ab00000)
 Metaspace       used 20301K, capacity 20656K, committed 20736K, reserved 1067008K
  class space    used 2385K, capacity 2489K, committed 2560K, reserved 1048576K
Event: 41.111 GC heap after
Heap after GC invocations=29 (full 3):
 PSYoungGen      total 482304K, used 3328K [0x0000000795580000, 0x00000007bcc80000, 0x00000007c0000000)
  eden space 478720K, 0% used [0x0000000795580000,0x0000000795580000,0x00000007b2900000)
  from space 3584K, 92% used [0x00000007bc900000,0x00000007bcc40000,0x00000007bcc80000)
  to   space 9728K, 0% used [0x00000007bb980000,0x00000007bb980000,0x00000007bc300000)
 ParOldGen       total 175104K, used 17367K [0x0000000740000000, 0x000000074ab00000, 0x0000000795580000)
  object space 175104K, 9% used [0x0000000740000000,0x00000007410f5f90,0x000000074ab00000)
 Metaspace       used 20301K, capacity 20656K, committed 20736K, reserved 1067008K
  class space    used 2385K, capacity 2489K, committed 2560K, reserved 1048576K
}
Event: 41.111 GC heap before
{Heap before GC invocations=30 (full 4):
 PSYoungGen      total 482304K, used 3328K [0x0000000795580000, 0x00000007bcc80000, 0x00000007c0000000)
  eden space 478720K, 0% used [0x0000000795580000,0x0000000795580000,0x00000007b2900000)
  from space 3584K, 92% used [0x00000007bc900000,0x00000007bcc40000,0x00000007bcc80000)
  to   space 9728K, 0% used [0x00000007bb980000,0x00000007bb980000,0x00000007bc300000)
 ParOldGen       total 175104K, used 17367K [0x0000000740000000, 0x000000074ab00000, 0x0000000795580000)
  object space 175104K, 9% used [0x0000000740000000,0x00000007410f5f90,0x000000074ab00000)
 Metaspace       used 20301K, capacity 20656K, committed 20736K, reserved 1067008K
  class space    used 2385K, capacity 2489K, committed 2560K, reserved 1048576K
Event: 41.158 GC heap after
Heap after GC invocations=30 (full 4):
 PSYoungGen      total 482304K, used 0K [0x0000000795580000, 0x00000007bcc80000, 0x00000007c0000000)
  eden space 478720K, 0% used [0x0000000795580000,0x0000000795580000,0x00000007b2900000)
  from space 3584K, 0% used [0x00000007bc900000,0x00000007bc900000,0x00000007bcc80000)
  to   space 9728K, 0% used [0x00000007bb980000,0x00000007bb980000,0x00000007bc300000)
 ParOldGen       total 175104K, used 13612K [0x0000000740000000, 0x000000074ab00000, 0x0000000795580000)
  object space 175104K, 7% used [0x0000000740000000,0x0000000740d4b150,0x000000074ab00000)
 Metaspace       used 20301K, capacity 20656K, committed 20736K, reserved 1067008K
  class space    used 2385K, capacity 2489K, committed 2560K, reserved 1048576K
}

