# JRE version: Java(TM) 2 Runtime Environment, Standard Edition (8.0_121-b13) (build 1.8.0_121-b13 14_Feb_2017_06_58 Mac OS X x64(SR4 FP1))
# Java VM: Java HotSpot(TM) 64-Bit Server VM (25.121-b13 mixed mode bsd-amd64 compressed oops)
Heap:
 PSYoungGen      total 132608K, used 2640K [0x0000000795580000, 0x00000007a1580000, 0x00000007c0000000)
  eden space 132096K, 1% used [0x0000000795580000,0x0000000795814338,0x000000079d680000)
  from space 512K, 0% used [0x00000007a1500000,0x00000007a1500000,0x00000007a1580000)
  to   space 2560K, 0% used [0x00000007a1080000,0x00000007a1080000,0x00000007a1300000)
 ParOldGen       total 175104K, used 37914K [0x0000000740000000, 0x000000074ab00000, 0x0000000795580000)
  object space 175104K, 21% used [0x0000000740000000,0x0000000742506be0,0x000000074ab00000)
 Metaspace       used 21025K, capacity 21490K, committed 21760K, reserved 1069056K
  class space    used 2415K, capacity 2532K, committed 2560K, reserved 1048576K
GC Heap History (10 events):
Event: 315.799 GC heap before
{Heap before GC invocations=464 (full 27):
 PSYoungGen      total 147456K, used 147200K [0x0000000795580000, 0x00000007a1a80000, 0x00000007c0000000)
  eden space 145920K, 100% used [0x0000000795580000,0x000000079e400000,0x000000079e400000)
  from space 1536K, 83% used [0x00000007a1900000,0x00000007a1a40000,0x00000007a1a80000)
  to   space 2560K, 0% used [0x00000007a1580000,0x00000007a1580000,0x00000007a1800000)
 ParOldGen       total 175104K, used 45939K [0x0000000740000000, 0x000000074ab00000, 0x0000000795580000)
  object space 175104K, 26% used [0x0000000740000000,0x0000000742cdcf20,0x000000074ab00000)
 Metaspace       used 21025K, capacity 21490K, committed 21760K, reserved 1069056K
  class space    used 2415K, capacity 2532K, committed 2560K, reserved 1048576K
Event: 315.800 GC heap after
Heap after GC invocations=464 (full 27):
 PSYoungGen      total 142848K, used 1088K [0x0000000795580000, 0x00000007a1980000, 0x00000007c0000000)
  eden space 141312K, 0% used [0x0000000795580000,0x0000000795580000,0x000000079df80000)
  from space 1536K, 70% used [0x00000007a1580000,0x00000007a1690000,0x00000007a1700000)
  to   space 2560K, 0% used [0x00000007a1700000,0x00000007a1700000,0x00000007a1980000)
 ParOldGen       total 175104K, used 45971K [0x0000000740000000, 0x000000074ab00000, 0x0000000795580000)
  object space 175104K, 26% used [0x0000000740000000,0x0000000742ce4f20,0x000000074ab00000)
 Metaspace       used 21025K, capacity 21490K, committed 21760K, reserved 1069056K
  class space    used 2415K, capacity 2532K, committed 2560K, reserved 1048576K
}
Event: 315.965 GC heap before
{Heap before GC invocations=465 (full 27):
 PSYoungGen      total 142848K, used 142400K [0x0000000795580000, 0x00000007a1980000, 0x00000007c0000000)
  eden space 141312K, 100% used [0x0000000795580000,0x000000079df80000,0x000000079df80000)
  from space 1536K, 70% used [0x00000007a1580000,0x00000007a1690000,0x00000007a1700000)
  to   space 2560K, 0% used [0x00000007a1700000,0x00000007a1700000,0x00000007a1980000)
 ParOldGen       total 175104K, used 45971K [0x0000000740000000, 0x000000074ab00000, 0x0000000795580000)
  object space 175104K, 26% used [0x0000000740000000,0x0000000742ce4f20,0x000000074ab00000)
 Metaspace       used 21025K, capacity 21490K, committed 21760K, reserved 1069056K
  class space    used 2415K, capacity 2532K, committed 2560K, reserved 1048576K
Event: 315.966 GC heap after
Heap after GC invocations=465 (full 27):
 PSYoungGen      total 138240K, used 1184K [0x0000000795580000, 0x00000007a1880000, 0x00000007c0000000)
  eden space 136704K, 0% used [0x0000000795580000,0x0000000795580000,0x000000079db00000)
  from space 1536K, 77% used [0x00000007a1700000,0x00000007a1828000,0x00000007a1880000)
  to   space 2560K, 0% used [0x00000007a1380000,0x00000007a1380000,0x00000007a1600000)
 ParOldGen       total 175104K, used 46051K [0x0000000740000000, 0x000000074ab00000, 0x0000000795580000)
  object space 175104K, 26% used [0x0000000740000000,0x0000000742cf8f20,0x000000074ab00000)
 Metaspace       used 21025K, capacity 21490K, committed 21760K, reserved 1069056K
  class space    used 2415K, capacity 2532K, committed 2560K, reserved 1048576K
}
Event: 316.126 GC heap before
{Heap before GC invocations=466 (full 27):
 PSYoungGen      total 138240K, used 137888K [0x0000000795580000, 0x00000007a1880000, 0x00000007c0000000)
  eden space 136704K, 100% used [0x0000000795580000,0x000000079db00000,0x000000079db00000)
  from space 1536K, 77% used [0x00000007a1700000,0x00000007a1828000,0x00000007a1880000)
  to   space 2560K, 0% used [0x00000007a1380000,0x00000007a1380000,0x00000007a1600000)
 ParOldGen       total 175104K, used 46051K [0x0000000740000000, 0x000000074ab00000, 0x0000000795580000)
  object space 175104K, 26% used [0x0000000740000000,0x0000000742cf8f20,0x000000074ab00000)
 Metaspace       used 21025K, capacity 21490K, committed 21760K, reserved 1069056K
  class space    used 2415K, capacity 2532K, committed 2560K, reserved 1048576K
Event: 316.127 GC heap after
Heap after GC invocations=466 (full 27):
 PSYoungGen      total 133632K, used 1056K [0x0000000795580000, 0x00000007a1780000, 0x00000007c0000000)
  eden space 132096K, 0% used [0x0000000795580000,0x0000000795580000,0x000000079d680000)
  from space 1536K, 68% used [0x00000007a1380000,0x00000007a1488000,0x00000007a1500000)
  to   space 2560K, 0% used [0x00000007a1500000,0x00000007a1500000,0x00000007a1780000)
 ParOldGen       total 175104K, used 46115K [0x0000000740000000, 0x000000074ab00000, 0x0000000795580000)
  object space 175104K, 26% used [0x0000000740000000,0x0000000742d08f20,0x000000074ab00000)
 Metaspace       used 21025K, capacity 21490K, committed 21760K, reserved 1069056K
  class space    used 2415K, capacity 2532K, committed 2560K, reserved 1048576K
}
Event: 316.160 GC heap before
{Heap before GC invocations=467 (full 27):
 PSYoungGen      total 133632K, used 19541K [0x0000000795580000, 0x00000007a1780000, 0x00000007c0000000)
  eden space 132096K, 13% used [0x0000000795580000,0x000000079678d678,0x000000079d680000)
  from space 1536K, 68% used [0x00000007a1380000,0x00000007a1488000,0x00000007a1500000)
  to   space 2560K, 0% used [0x00000007a1500000,0x00000007a1500000,0x00000007a1780000)
 ParOldGen       total 175104K, used 46115K [0x0000000740000000, 0x000000074ab00000, 0x0000000795580000)
  object space 175104K, 26% used [0x0000000740000000,0x0000000742d08f20,0x000000074ab00000)
 Metaspace       used 21025K, capacity 21490K, committed 21760K, reserved 1069056K
  class space    used 2415K, capacity 2532K, committed 2560K, reserved 1048576K
Event: 316.162 GC heap after
Heap after GC invocations=467 (full 27):
 PSYoungGen      total 132608K, used 128K [0x0000000795580000, 0x00000007a1580000, 0x00000007c0000000)
  eden space 132096K, 0% used [0x0000000795580000,0x0000000795580000,0x000000079d680000)
  from space 512K, 25% used [0x00000007a1500000,0x00000007a1520000,0x00000007a1580000)
  to   space 2560K, 0% used [0x00000007a1080000,0x00000007a1080000,0x00000007a1300000)
 ParOldGen       total 175104K, used 46211K [0x0000000740000000, 0x000000074ab00000, 0x0000000795580000)
  object space 175104K, 26% used [0x0000000740000000,0x0000000742d20f20,0x000000074ab00000)
 Metaspace       used 21025K, capacity 21490K, committed 21760K, reserved 1069056K
  class space    used 2415K, capacity 2532K, committed 2560K, reserved 1048576K
}
Event: 316.162 GC heap before
{Heap before GC invocations=468 (full 28):
 PSYoungGen      total 132608K, used 128K [0x0000000795580000, 0x00000007a1580000, 0x00000007c0000000)
  eden space 132096K, 0% used [0x0000000795580000,0x0000000795580000,0x000000079d680000)
  from space 512K, 25% used [0x00000007a1500000,0x00000007a1520000,0x00000007a1580000)
  to   space 2560K, 0% used [0x00000007a1080000,0x00000007a1080000,0x00000007a1300000)
 ParOldGen       total 175104K, used 46211K [0x0000000740000000, 0x000000074ab00000, 0x0000000795580000)
  object space 175104K, 26% used [0x0000000740000000,0x0000000742d20f20,0x000000074ab00000)
 Metaspace       used 21025K, capacity 21490K, committed 21760K, reserved 1069056K
  class space    used 2415K, capacity 2532K, committed 2560K, reserved 1048576K
Event: 316.228 GC heap after
Heap after GC invocations=468 (full 28):
 PSYoungGen      total 132608K, used 0K [0x0000000795580000, 0x00000007a1580000, 0x00000007c0000000)
  eden space 132096K, 0% used [0x0000000795580000,0x0000000795580000,0x000000079d680000)
  from space 512K, 0% used [0x00000007a1500000,0x00000007a1500000,0x00000007a1580000)
  to   space 2560K, 0% used [0x00000007a1080000,0x00000007a1080000,0x00000007a1300000)
 ParOldGen       total 175104K, used 37914K [0x0000000740000000, 0x000000074ab00000, 0x0000000795580000)
  object space 175104K, 21% used [0x0000000740000000,0x0000000742506be0,0x000000074ab00000)
 Metaspace       used 21025K, capacity 21490K, committed 21760K, reserved 1069056K
  class space    used 2415K, capacity 2532K, committed 2560K, reserved 1048576K
}

