# JRE version: Java(TM) 2 Runtime Environment, Standard Edition (8.0_121-b13) (build 1.8.0_121-b13 14_Feb_2017_06_58 Mac OS X x64(SR4 FP1))
# Java VM: Java HotSpot(TM) 64-Bit Server VM (25.121-b13 mixed mode bsd-amd64 compressed oops)
Heap:
 PSYoungGen      total 272896K, used 9011K [0x0000000795580000, 0x00000007a6a80000, 0x00000007c0000000)
  eden space 262144K, 3% used [0x0000000795580000,0x0000000795e4ce38,0x00000007a5580000)
  from space 10752K, 0% used [0x00000007a5580000,0x00000007a5580000,0x00000007a6000000)
  to   space 10752K, 0% used [0x00000007a6000000,0x00000007a6000000,0x00000007a6a80000)
 ParOldGen       total 175104K, used 9919K [0x0000000740000000, 0x000000074ab00000, 0x0000000795580000)
  object space 175104K, 5% used [0x0000000740000000,0x00000007409afcf0,0x000000074ab00000)
 Metaspace       used 18374K, capacity 18656K, committed 18816K, reserved 1064960K
  class space    used 2321K, capacity 2417K, committed 2432K, reserved 1048576K
GC Heap History (10 events):
Event: 1.158 GC heap before
{Heap before GC invocations=2 (full 0):
 PSYoungGen      total 76288K, used 76256K [0x0000000795580000, 0x000000079ea80000, 0x00000007c0000000)
  eden space 65536K, 100% used [0x0000000795580000,0x0000000799580000,0x0000000799580000)
  from space 10752K, 99% used [0x0000000799580000,0x0000000799ff8098,0x000000079a000000)
  to   space 10752K, 0% used [0x000000079e000000,0x000000079e000000,0x000000079ea80000)
 ParOldGen       total 175104K, used 830K [0x0000000740000000, 0x000000074ab00000, 0x0000000795580000)
  object space 175104K, 0% used [0x0000000740000000,0x00000007400cf800,0x000000074ab00000)
 Metaspace       used 15044K, capacity 15234K, committed 15616K, reserved 1062912K
  class space    used 1881K, capacity 1968K, committed 2048K, reserved 1048576K
Event: 1.164 GC heap after
Heap after GC invocations=2 (full 0):
 PSYoungGen      total 141824K, used 9530K [0x0000000795580000, 0x000000079ea80000, 0x00000007c0000000)
  eden space 131072K, 0% used [0x0000000795580000,0x0000000795580000,0x000000079d580000)
  from space 10752K, 88% used [0x000000079e000000,0x000000079e94eb48,0x000000079ea80000)
  to   space 10752K, 0% used [0x000000079d580000,0x000000079d580000,0x000000079e000000)
 ParOldGen       total 175104K, used 838K [0x0000000740000000, 0x000000074ab00000, 0x0000000795580000)
  object space 175104K, 0% used [0x0000000740000000,0x00000007400d1800,0x000000074ab00000)
 Metaspace       used 15044K, capacity 15234K, committed 15616K, reserved 1062912K
  class space    used 1881K, capacity 1968K, committed 2048K, reserved 1048576K
}
Event: 2.612 GC heap before
{Heap before GC invocations=3 (full 0):
 PSYoungGen      total 141824K, used 140602K [0x0000000795580000, 0x000000079ea80000, 0x00000007c0000000)
  eden space 131072K, 100% used [0x0000000795580000,0x000000079d580000,0x000000079d580000)
  from space 10752K, 88% used [0x000000079e000000,0x000000079e94eb48,0x000000079ea80000)
  to   space 10752K, 0% used [0x000000079d580000,0x000000079d580000,0x000000079e000000)
 ParOldGen       total 175104K, used 838K [0x0000000740000000, 0x000000074ab00000, 0x0000000795580000)
  object space 175104K, 0% used [0x0000000740000000,0x00000007400d1800,0x000000074ab00000)
 Metaspace       used 17716K, capacity 17952K, committed 18304K, reserved 1064960K
  class space    used 2227K, capacity 2305K, committed 2432K, reserved 1048576K
Event: 2.621 GC heap after
Heap after GC invocations=3 (full 0):
 PSYoungGen      total 141824K, used 10725K [0x0000000795580000, 0x00000007a6a80000, 0x00000007c0000000)
  eden space 131072K, 0% used [0x0000000795580000,0x0000000795580000,0x000000079d580000)
  from space 10752K, 99% used [0x000000079d580000,0x000000079dff9620,0x000000079e000000)
  to   space 10752K, 0% used [0x00000007a6000000,0x00000007a6000000,0x00000007a6a80000)
 ParOldGen       total 175104K, used 920K [0x0000000740000000, 0x000000074ab00000, 0x0000000795580000)
  object space 175104K, 0% used [0x0000000740000000,0x00000007400e61a8,0x000000074ab00000)
 Metaspace       used 17716K, capacity 17952K, committed 18304K, reserved 1064960K
  class space    used 2227K, capacity 2305K, committed 2432K, reserved 1048576K
}
Event: 2.823 GC heap before
{Heap before GC invocations=4 (full 0):
 PSYoungGen      total 141824K, used 141797K [0x0000000795580000, 0x00000007a6a80000, 0x00000007c0000000)
  eden space 131072K, 100% used [0x0000000795580000,0x000000079d580000,0x000000079d580000)
  from space 10752K, 99% used [0x000000079d580000,0x000000079dff9620,0x000000079e000000)
  to   space 10752K, 0% used [0x00000007a6000000,0x00000007a6000000,0x00000007a6a80000)
 ParOldGen       total 175104K, used 920K [0x0000000740000000, 0x000000074ab00000, 0x0000000795580000)
  object space 175104K, 0% used [0x0000000740000000,0x00000007400e61a8,0x000000074ab00000)
 Metaspace       used 17887K, capacity 18122K, committed 18560K, reserved 1064960K
  class space    used 2233K, capacity 2312K, committed 2432K, reserved 1048576K
Event: 2.831 GC heap after
Heap after GC invocations=4 (full 0):
 PSYoungGen      total 272896K, used 10194K [0x0000000795580000, 0x00000007a6a80000, 0x00000007c0000000)
  eden space 262144K, 0% used [0x0000000795580000,0x0000000795580000,0x00000007a5580000)
  from space 10752K, 94% used [0x00000007a6000000,0x00000007a69f4a58,0x00000007a6a80000)
  to   space 10752K, 0% used [0x00000007a5580000,0x00000007a5580000,0x00000007a6000000)
 ParOldGen       total 175104K, used 928K [0x0000000740000000, 0x000000074ab00000, 0x0000000795580000)
  object space 175104K, 0% used [0x0000000740000000,0x00000007400e81a8,0x000000074ab00000)
 Metaspace       used 17887K, capacity 18122K, committed 18560K, reserved 1064960K
  class space    used 2233K, capacity 2312K, committed 2432K, reserved 1048576K
}
Event: 3.059 GC heap before
{Heap before GC invocations=5 (full 0):
 PSYoungGen      total 272896K, used 153871K [0x0000000795580000, 0x00000007a6a80000, 0x00000007c0000000)
  eden space 262144K, 54% used [0x0000000795580000,0x000000079e1cf348,0x00000007a5580000)
  from space 10752K, 94% used [0x00000007a6000000,0x00000007a69f4a58,0x00000007a6a80000)
  to   space 10752K, 0% used [0x00000007a5580000,0x00000007a5580000,0x00000007a6000000)
 ParOldGen       total 175104K, used 928K [0x0000000740000000, 0x000000074ab00000, 0x0000000795580000)
  object space 175104K, 0% used [0x0000000740000000,0x00000007400e81a8,0x000000074ab00000)
 Metaspace       used 18346K, capacity 18624K, committed 18816K, reserved 1064960K
  class space    used 2315K, capacity 2385K, committed 2432K, reserved 1048576K
Event: 3.067 GC heap after
Heap after GC invocations=5 (full 0):
 PSYoungGen      total 272896K, used 10037K [0x0000000795580000, 0x00000007a6a80000, 0x00000007c0000000)
  eden space 262144K, 0% used [0x0000000795580000,0x0000000795580000,0x00000007a5580000)
  from space 10752K, 93% used [0x00000007a5580000,0x00000007a5f4d4e8,0x00000007a6000000)
  to   space 10752K, 0% used [0x00000007a6000000,0x00000007a6000000,0x00000007a6a80000)
 ParOldGen       total 175104K, used 936K [0x0000000740000000, 0x000000074ab00000, 0x0000000795580000)
  object space 175104K, 0% used [0x0000000740000000,0x00000007400ea1a8,0x000000074ab00000)
 Metaspace       used 18346K, capacity 18624K, committed 18816K, reserved 1064960K
  class space    used 2315K, capacity 2385K, committed 2432K, reserved 1048576K
}
Event: 3.067 GC heap before
{Heap before GC invocations=6 (full 1):
 PSYoungGen      total 272896K, used 10037K [0x0000000795580000, 0x00000007a6a80000, 0x00000007c0000000)
  eden space 262144K, 0% used [0x0000000795580000,0x0000000795580000,0x00000007a5580000)
  from space 10752K, 93% used [0x00000007a5580000,0x00000007a5f4d4e8,0x00000007a6000000)
  to   space 10752K, 0% used [0x00000007a6000000,0x00000007a6000000,0x00000007a6a80000)
 ParOldGen       total 175104K, used 936K [0x0000000740000000, 0x000000074ab00000, 0x0000000795580000)
  object space 175104K, 0% used [0x0000000740000000,0x00000007400ea1a8,0x000000074ab00000)
 Metaspace       used 18346K, capacity 18624K, committed 18816K, reserved 1064960K
  class space    used 2315K, capacity 2385K, committed 2432K, reserved 1048576K
Event: 3.091 GC heap after
Heap after GC invocations=6 (full 1):
 PSYoungGen      total 272896K, used 0K [0x0000000795580000, 0x00000007a6a80000, 0x00000007c0000000)
  eden space 262144K, 0% used [0x0000000795580000,0x0000000795580000,0x00000007a5580000)
  from space 10752K, 0% used [0x00000007a5580000,0x00000007a5580000,0x00000007a6000000)
  to   space 10752K, 0% used [0x00000007a6000000,0x00000007a6000000,0x00000007a6a80000)
 ParOldGen       total 175104K, used 9919K [0x0000000740000000, 0x000000074ab00000, 0x0000000795580000)
  object space 175104K, 5% used [0x0000000740000000,0x00000007409afcf0,0x000000074ab00000)
 Metaspace       used 18346K, capacity 18624K, committed 18816K, reserved 1064960K
  class space    used 2315K, capacity 2385K, committed 2432K, reserved 1048576K
}

