# JRE version: Java(TM) 2 Runtime Environment, Standard Edition (8.0_121-b13) (build 1.8.0_121-b13 14_Feb_2017_06_58 Mac OS X x64(SR4 FP1))
# Java VM: Java HotSpot(TM) 64-Bit Server VM (25.121-b13 mixed mode bsd-amd64 compressed oops)
Heap:
 PSYoungGen      total 175616K, used 3498K [0x0000000795580000, 0x00000007ac700000, 0x00000007c0000000)
  eden space 175104K, 1% used [0x0000000795580000,0x00000007958eaa18,0x00000007a0080000)
  from space 512K, 0% used [0x00000007ac200000,0x00000007ac200000,0x00000007ac280000)
  to   space 3072K, 0% used [0x00000007ac400000,0x00000007ac400000,0x00000007ac700000)
 ParOldGen       total 175104K, used 19913K [0x0000000740000000, 0x000000074ab00000, 0x0000000795580000)
  object space 175104K, 11% used [0x0000000740000000,0x0000000741372670,0x000000074ab00000)
 Metaspace       used 20715K, capacity 21138K, committed 21248K, reserved 1069056K
  class space    used 2402K, capacity 2516K, committed 2560K, reserved 1048576K
GC Heap History (10 events):
Event: 242.796 GC heap before
{Heap before GC invocations=155 (full 11):
 PSYoungGen      total 197632K, used 197216K [0x0000000795580000, 0x00000007acc80000, 0x00000007c0000000)
  eden space 195584K, 100% used [0x0000000795580000,0x00000007a1480000,0x00000007a1480000)
  from space 2048K, 79% used [0x00000007ac700000,0x00000007ac898000,0x00000007ac900000)
  to   space 3584K, 0% used [0x00000007ac900000,0x00000007ac900000,0x00000007acc80000)
 ParOldGen       total 175104K, used 26520K [0x0000000740000000, 0x000000074ab00000, 0x0000000795580000)
  object space 175104K, 15% used [0x0000000740000000,0x00000007419e61a8,0x000000074ab00000)
 Metaspace       used 20715K, capacity 21138K, committed 21248K, reserved 1069056K
  class space    used 2402K, capacity 2516K, committed 2560K, reserved 1048576K
Event: 242.798 GC heap after
Heap after GC invocations=155 (full 11):
 PSYoungGen      total 190464K, used 1664K [0x0000000795580000, 0x00000007acb00000, 0x00000007c0000000)
  eden space 188416K, 0% used [0x0000000795580000,0x0000000795580000,0x00000007a0d80000)
  from space 2048K, 81% used [0x00000007ac900000,0x00000007acaa0000,0x00000007acb00000)
  to   space 3584K, 0% used [0x00000007ac400000,0x00000007ac400000,0x00000007ac780000)
 ParOldGen       total 175104K, used 26560K [0x0000000740000000, 0x000000074ab00000, 0x0000000795580000)
  object space 175104K, 15% used [0x0000000740000000,0x00000007419f01a8,0x000000074ab00000)
 Metaspace       used 20715K, capacity 21138K, committed 21248K, reserved 1069056K
  class space    used 2402K, capacity 2516K, committed 2560K, reserved 1048576K
}
Event: 243.005 GC heap before
{Heap before GC invocations=156 (full 11):
 PSYoungGen      total 190464K, used 190080K [0x0000000795580000, 0x00000007acb00000, 0x00000007c0000000)
  eden space 188416K, 100% used [0x0000000795580000,0x00000007a0d80000,0x00000007a0d80000)
  from space 2048K, 81% used [0x00000007ac900000,0x00000007acaa0000,0x00000007acb00000)
  to   space 3584K, 0% used [0x00000007ac400000,0x00000007ac400000,0x00000007ac780000)
 ParOldGen       total 175104K, used 26560K [0x0000000740000000, 0x000000074ab00000, 0x0000000795580000)
  object space 175104K, 15% used [0x0000000740000000,0x00000007419f01a8,0x000000074ab00000)
 Metaspace       used 20715K, capacity 21138K, committed 21248K, reserved 1069056K
  class space    used 2402K, capacity 2516K, committed 2560K, reserved 1048576K
Event: 243.007 GC heap after
Heap after GC invocations=156 (full 11):
 PSYoungGen      total 183296K, used 1376K [0x0000000795580000, 0x00000007ac980000, 0x00000007c0000000)
  eden space 181760K, 0% used [0x0000000795580000,0x0000000795580000,0x00000007a0700000)
  from space 1536K, 89% used [0x00000007ac400000,0x00000007ac558000,0x00000007ac580000)
  to   space 3072K, 0% used [0x00000007ac680000,0x00000007ac680000,0x00000007ac980000)
 ParOldGen       total 175104K, used 26616K [0x0000000740000000, 0x000000074ab00000, 0x0000000795580000)
  object space 175104K, 15% used [0x0000000740000000,0x00000007419fe1a8,0x000000074ab00000)
 Metaspace       used 20715K, capacity 21138K, committed 21248K, reserved 1069056K
  class space    used 2402K, capacity 2516K, committed 2560K, reserved 1048576K
}
Event: 243.212 GC heap before
{Heap before GC invocations=157 (full 11):
 PSYoungGen      total 183296K, used 183136K [0x0000000795580000, 0x00000007ac980000, 0x00000007c0000000)
  eden space 181760K, 100% used [0x0000000795580000,0x00000007a0700000,0x00000007a0700000)
  from space 1536K, 89% used [0x00000007ac400000,0x00000007ac558000,0x00000007ac580000)
  to   space 3072K, 0% used [0x00000007ac680000,0x00000007ac680000,0x00000007ac980000)
 ParOldGen       total 175104K, used 26616K [0x0000000740000000, 0x000000074ab00000, 0x0000000795580000)
  object space 175104K, 15% used [0x0000000740000000,0x00000007419fe1a8,0x000000074ab00000)
 Metaspace       used 20715K, capacity 21138K, committed 21248K, reserved 1069056K
  class space    used 2402K, capacity 2516K, committed 2560K, reserved 1048576K
Event: 243.214 GC heap after
Heap after GC invocations=157 (full 11):
 PSYoungGen      total 176640K, used 1408K [0x0000000795580000, 0x00000007ac800000, 0x00000007c0000000)
  eden space 175104K, 0% used [0x0000000795580000,0x0000000795580000,0x00000007a0080000)
  from space 1536K, 91% used [0x00000007ac680000,0x00000007ac7e0000,0x00000007ac800000)
  to   space 3072K, 0% used [0x00000007ac200000,0x00000007ac200000,0x00000007ac500000)
 ParOldGen       total 175104K, used 26696K [0x0000000740000000, 0x000000074ab00000, 0x0000000795580000)
  object space 175104K, 15% used [0x0000000740000000,0x0000000741a121a8,0x000000074ab00000)
 Metaspace       used 20715K, capacity 21138K, committed 21248K, reserved 1069056K
  class space    used 2402K, capacity 2516K, committed 2560K, reserved 1048576K
}
Event: 243.286 GC heap before
{Heap before GC invocations=158 (full 11):
 PSYoungGen      total 176640K, used 46888K [0x0000000795580000, 0x00000007ac800000, 0x00000007c0000000)
  eden space 175104K, 25% used [0x0000000795580000,0x00000007981ea2d0,0x00000007a0080000)
  from space 1536K, 91% used [0x00000007ac680000,0x00000007ac7e0000,0x00000007ac800000)
  to   space 3072K, 0% used [0x00000007ac200000,0x00000007ac200000,0x00000007ac500000)
 ParOldGen       total 175104K, used 26696K [0x0000000740000000, 0x000000074ab00000, 0x0000000795580000)
  object space 175104K, 15% used [0x0000000740000000,0x0000000741a121a8,0x000000074ab00000)
 Metaspace       used 20715K, capacity 21138K, committed 21248K, reserved 1069056K
  class space    used 2402K, capacity 2516K, committed 2560K, reserved 1048576K
Event: 243.287 GC heap after
Heap after GC invocations=158 (full 11):
 PSYoungGen      total 175616K, used 256K [0x0000000795580000, 0x00000007ac700000, 0x00000007c0000000)
  eden space 175104K, 0% used [0x0000000795580000,0x0000000795580000,0x00000007a0080000)
  from space 512K, 50% used [0x00000007ac200000,0x00000007ac240000,0x00000007ac280000)
  to   space 3072K, 0% used [0x00000007ac400000,0x00000007ac400000,0x00000007ac700000)
 ParOldGen       total 175104K, used 26744K [0x0000000740000000, 0x000000074ab00000, 0x0000000795580000)
  object space 175104K, 15% used [0x0000000740000000,0x0000000741a1e1a8,0x000000074ab00000)
 Metaspace       used 20715K, capacity 21138K, committed 21248K, reserved 1069056K
  class space    used 2402K, capacity 2516K, committed 2560K, reserved 1048576K
}
Event: 243.287 GC heap before
{Heap before GC invocations=159 (full 12):
 PSYoungGen      total 175616K, used 256K [0x0000000795580000, 0x00000007ac700000, 0x00000007c0000000)
  eden space 175104K, 0% used [0x0000000795580000,0x0000000795580000,0x00000007a0080000)
  from space 512K, 50% used [0x00000007ac200000,0x00000007ac240000,0x00000007ac280000)
  to   space 3072K, 0% used [0x00000007ac400000,0x00000007ac400000,0x00000007ac700000)
 ParOldGen       total 175104K, used 26744K [0x0000000740000000, 0x000000074ab00000, 0x0000000795580000)
  object space 175104K, 15% used [0x0000000740000000,0x0000000741a1e1a8,0x000000074ab00000)
 Metaspace       used 20715K, capacity 21138K, committed 21248K, reserved 1069056K
  class space    used 2402K, capacity 2516K, committed 2560K, reserved 1048576K
Event: 243.328 GC heap after
Heap after GC invocations=159 (full 12):
 PSYoungGen      total 175616K, used 0K [0x0000000795580000, 0x00000007ac700000, 0x00000007c0000000)
  eden space 175104K, 0% used [0x0000000795580000,0x0000000795580000,0x00000007a0080000)
  from space 512K, 0% used [0x00000007ac200000,0x00000007ac200000,0x00000007ac280000)
  to   space 3072K, 0% used [0x00000007ac400000,0x00000007ac400000,0x00000007ac700000)
 ParOldGen       total 175104K, used 19913K [0x0000000740000000, 0x000000074ab00000, 0x0000000795580000)
  object space 175104K, 11% used [0x0000000740000000,0x0000000741372670,0x000000074ab00000)
 Metaspace       used 20715K, capacity 21138K, committed 21248K, reserved 1069056K
  class space    used 2402K, capacity 2516K, committed 2560K, reserved 1048576K
}

