# JRE version: Java(TM) 2 Runtime Environment, Standard Edition (8.0_121-b13) (build 1.8.0_121-b13 14_Feb_2017_06_58 Mac OS X x64(SR4 FP1))
# Java VM: Java HotSpot(TM) 64-Bit Server VM (25.121-b13 mixed mode bsd-amd64 compressed oops)
Heap:
 PSYoungGen      total 116224K, used 2287K [0x0000000795580000, 0x00000007a3e80000, 0x00000007c0000000)
  eden space 115200K, 1% used [0x0000000795580000,0x00000007957bbc50,0x000000079c600000)
  from space 1024K, 0% used [0x00000007a3b80000,0x00000007a3b80000,0x00000007a3c80000)
  to   space 2048K, 0% used [0x00000007a3c80000,0x00000007a3c80000,0x00000007a3e80000)
 ParOldGen       total 175104K, used 39191K [0x0000000740000000, 0x000000074ab00000, 0x0000000795580000)
  object space 175104K, 22% used [0x0000000740000000,0x0000000742645ec0,0x000000074ab00000)
 Metaspace       used 21048K, capacity 21522K, committed 21888K, reserved 1069056K
  class space    used 2420K, capacity 2564K, committed 2688K, reserved 1048576K
GC Heap History (10 events):
Event: 349.055 GC heap before
{Heap before GC invocations=452 (full 28):
 PSYoungGen      total 128000K, used 127648K [0x0000000795580000, 0x00000007a4100000, 0x00000007c0000000)
  eden space 126464K, 100% used [0x0000000795580000,0x000000079d100000,0x000000079d100000)
  from space 1536K, 77% used [0x00000007a3e00000,0x00000007a3f28000,0x00000007a3f80000)
  to   space 1536K, 0% used [0x00000007a3f80000,0x00000007a3f80000,0x00000007a4100000)
 ParOldGen       total 175104K, used 44537K [0x0000000740000000, 0x000000074ab00000, 0x0000000795580000)
  object space 175104K, 25% used [0x0000000740000000,0x0000000742b7e578,0x000000074ab00000)
 Metaspace       used 21044K, capacity 21522K, committed 21888K, reserved 1069056K
  class space    used 2420K, capacity 2564K, committed 2688K, reserved 1048576K
Event: 349.056 GC heap after
Heap after GC invocations=452 (full 28):
 PSYoungGen      total 123904K, used 1120K [0x0000000795580000, 0x00000007a4100000, 0x00000007c0000000)
  eden space 122368K, 0% used [0x0000000795580000,0x0000000795580000,0x000000079cd00000)
  from space 1536K, 72% used [0x00000007a3f80000,0x00000007a4098000,0x00000007a4100000)
  to   space 2048K, 0% used [0x00000007a3d00000,0x00000007a3d00000,0x00000007a3f00000)
 ParOldGen       total 175104K, used 44577K [0x0000000740000000, 0x000000074ab00000, 0x0000000795580000)
  object space 175104K, 25% used [0x0000000740000000,0x0000000742b88578,0x000000074ab00000)
 Metaspace       used 21044K, capacity 21522K, committed 21888K, reserved 1069056K
  class space    used 2420K, capacity 2564K, committed 2688K, reserved 1048576K
}
Event: 349.197 GC heap before
{Heap before GC invocations=453 (full 28):
 PSYoungGen      total 123904K, used 123488K [0x0000000795580000, 0x00000007a4100000, 0x00000007c0000000)
  eden space 122368K, 100% used [0x0000000795580000,0x000000079cd00000,0x000000079cd00000)
  from space 1536K, 72% used [0x00000007a3f80000,0x00000007a4098000,0x00000007a4100000)
  to   space 2048K, 0% used [0x00000007a3d00000,0x00000007a3d00000,0x00000007a3f00000)
 ParOldGen       total 175104K, used 44577K [0x0000000740000000, 0x000000074ab00000, 0x0000000795580000)
  object space 175104K, 25% used [0x0000000740000000,0x0000000742b88578,0x000000074ab00000)
 Metaspace       used 21044K, capacity 21522K, committed 21888K, reserved 1069056K
  class space    used 2420K, capacity 2564K, committed 2688K, reserved 1048576K
Event: 349.199 GC heap after
Heap after GC invocations=453 (full 28):
 PSYoungGen      total 119808K, used 928K [0x0000000795580000, 0x00000007a4000000, 0x00000007c0000000)
  eden space 118784K, 0% used [0x0000000795580000,0x0000000795580000,0x000000079c980000)
  from space 1024K, 90% used [0x00000007a3d00000,0x00000007a3de8000,0x00000007a3e00000)
  to   space 2048K, 0% used [0x00000007a3e00000,0x00000007a3e00000,0x00000007a4000000)
 ParOldGen       total 175104K, used 44625K [0x0000000740000000, 0x000000074ab00000, 0x0000000795580000)
  object space 175104K, 25% used [0x0000000740000000,0x0000000742b94578,0x000000074ab00000)
 Metaspace       used 21044K, capacity 21522K, committed 21888K, reserved 1069056K
  class space    used 2420K, capacity 2564K, committed 2688K, reserved 1048576K
}
Event: 349.324 GC heap before
{Heap before GC invocations=454 (full 28):
 PSYoungGen      total 119808K, used 119712K [0x0000000795580000, 0x00000007a4000000, 0x00000007c0000000)
  eden space 118784K, 100% used [0x0000000795580000,0x000000079c980000,0x000000079c980000)
  from space 1024K, 90% used [0x00000007a3d00000,0x00000007a3de8000,0x00000007a3e00000)
  to   space 2048K, 0% used [0x00000007a3e00000,0x00000007a3e00000,0x00000007a4000000)
 ParOldGen       total 175104K, used 44625K [0x0000000740000000, 0x000000074ab00000, 0x0000000795580000)
  object space 175104K, 25% used [0x0000000740000000,0x0000000742b94578,0x000000074ab00000)
 Metaspace       used 21044K, capacity 21522K, committed 21888K, reserved 1069056K
  class space    used 2420K, capacity 2564K, committed 2688K, reserved 1048576K
Event: 349.326 GC heap after
Heap after GC invocations=454 (full 28):
 PSYoungGen      total 116736K, used 1056K [0x0000000795580000, 0x00000007a3f80000, 0x00000007c0000000)
  eden space 115200K, 0% used [0x0000000795580000,0x0000000795580000,0x000000079c600000)
  from space 1536K, 68% used [0x00000007a3e00000,0x00000007a3f08000,0x00000007a3f80000)
  to   space 2048K, 0% used [0x00000007a3b80000,0x00000007a3b80000,0x00000007a3d80000)
 ParOldGen       total 175104K, used 44705K [0x0000000740000000, 0x000000074ab00000, 0x0000000795580000)
  object space 175104K, 25% used [0x0000000740000000,0x0000000742ba8578,0x000000074ab00000)
 Metaspace       used 21044K, capacity 21522K, committed 21888K, reserved 1069056K
  class space    used 2420K, capacity 2564K, committed 2688K, reserved 1048576K
}
Event: 349.465 GC heap before
{Heap before GC invocations=455 (full 28):
 PSYoungGen      total 116736K, used 113915K [0x0000000795580000, 0x00000007a3f80000, 0x00000007c0000000)
  eden space 115200K, 97% used [0x0000000795580000,0x000000079c3b6c90,0x000000079c600000)
  from space 1536K, 68% used [0x00000007a3e00000,0x00000007a3f08000,0x00000007a3f80000)
  to   space 2048K, 0% used [0x00000007a3b80000,0x00000007a3b80000,0x00000007a3d80000)
 ParOldGen       total 175104K, used 44705K [0x0000000740000000, 0x000000074ab00000, 0x0000000795580000)
  object space 175104K, 25% used [0x0000000740000000,0x0000000742ba8578,0x000000074ab00000)
 Metaspace       used 21048K, capacity 21522K, committed 21888K, reserved 1069056K
  class space    used 2420K, capacity 2564K, committed 2688K, reserved 1048576K
Event: 349.466 GC heap after
Heap after GC invocations=455 (full 28):
 PSYoungGen      total 116224K, used 704K [0x0000000795580000, 0x00000007a3e80000, 0x00000007c0000000)
  eden space 115200K, 0% used [0x0000000795580000,0x0000000795580000,0x000000079c600000)
  from space 1024K, 68% used [0x00000007a3b80000,0x00000007a3c30000,0x00000007a3c80000)
  to   space 2048K, 0% used [0x00000007a3c80000,0x00000007a3c80000,0x00000007a3e80000)
 ParOldGen       total 175104K, used 44753K [0x0000000740000000, 0x000000074ab00000, 0x0000000795580000)
  object space 175104K, 25% used [0x0000000740000000,0x0000000742bb4578,0x000000074ab00000)
 Metaspace       used 21048K, capacity 21522K, committed 21888K, reserved 1069056K
  class space    used 2420K, capacity 2564K, committed 2688K, reserved 1048576K
}
Event: 349.466 GC heap before
{Heap before GC invocations=456 (full 29):
 PSYoungGen      total 116224K, used 704K [0x0000000795580000, 0x00000007a3e80000, 0x00000007c0000000)
  eden space 115200K, 0% used [0x0000000795580000,0x0000000795580000,0x000000079c600000)
  from space 1024K, 68% used [0x00000007a3b80000,0x00000007a3c30000,0x00000007a3c80000)
  to   space 2048K, 0% used [0x00000007a3c80000,0x00000007a3c80000,0x00000007a3e80000)
 ParOldGen       total 175104K, used 44753K [0x0000000740000000, 0x000000074ab00000, 0x0000000795580000)
  object space 175104K, 25% used [0x0000000740000000,0x0000000742bb4578,0x000000074ab00000)
 Metaspace       used 21048K, capacity 21522K, committed 21888K, reserved 1069056K
  class space    used 2420K, capacity 2564K, committed 2688K, reserved 1048576K
Event: 349.524 GC heap after
Heap after GC invocations=456 (full 29):
 PSYoungGen      total 116224K, used 0K [0x0000000795580000, 0x00000007a3e80000, 0x00000007c0000000)
  eden space 115200K, 0% used [0x0000000795580000,0x0000000795580000,0x000000079c600000)
  from space 1024K, 0% used [0x00000007a3b80000,0x00000007a3b80000,0x00000007a3c80000)
  to   space 2048K, 0% used [0x00000007a3c80000,0x00000007a3c80000,0x00000007a3e80000)
 ParOldGen       total 175104K, used 39191K [0x0000000740000000, 0x000000074ab00000, 0x0000000795580000)
  object space 175104K, 22% used [0x0000000740000000,0x0000000742645ec0,0x000000074ab00000)
 Metaspace       used 21048K, capacity 21522K, committed 21888K, reserved 1069056K
  class space    used 2420K, capacity 2564K, committed 2688K, reserved 1048576K
}

