# JRE version: Java(TM) 2 Runtime Environment, Standard Edition (8.0_121-b13) (build 1.8.0_121-b13 14_Feb_2017_06_58 Mac OS X x64(SR4 FP1))
# Java VM: Java HotSpot(TM) 64-Bit Server VM (25.121-b13 mixed mode bsd-amd64 compressed oops)
Heap:
 PSYoungGen      total 373760K, used 7418K [0x0000000795580000, 0x00000007ba180000, 0x00000007c0000000)
  eden space 373248K, 1% used [0x0000000795580000,0x0000000795cbe950,0x00000007ac200000)
  from space 512K, 0% used [0x00000007b9000000,0x00000007b9000000,0x00000007b9080000)
  to   space 10240K, 0% used [0x00000007b9780000,0x00000007b9780000,0x00000007ba180000)
 ParOldGen       total 175104K, used 10804K [0x0000000740000000, 0x000000074ab00000, 0x0000000795580000)
  object space 175104K, 6% used [0x0000000740000000,0x0000000740a8d1b8,0x000000074ab00000)
 Metaspace       used 20301K, capacity 20656K, committed 20736K, reserved 1067008K
  class space    used 2385K, capacity 2489K, committed 2560K, reserved 1048576K
GC Heap History (10 events):
Event: 41.309 GC heap before
{Heap before GC invocations=29 (full 3):
 PSYoungGen      total 429056K, used 428800K [0x0000000795580000, 0x00000007bb600000, 0x00000007c0000000)
  eden space 425472K, 100% used [0x0000000795580000,0x00000007af500000,0x00000007af500000)
  from space 3584K, 92% used [0x00000007ba680000,0x00000007ba9c0000,0x00000007baa00000)
  to   space 11264K, 0% used [0x00000007bab00000,0x00000007bab00000,0x00000007bb600000)
 ParOldGen       total 175104K, used 15390K [0x0000000740000000, 0x000000074ab00000, 0x0000000795580000)
  object space 175104K, 8% used [0x0000000740000000,0x0000000740f078e8,0x000000074ab00000)
 Metaspace       used 20240K, capacity 20520K, committed 20736K, reserved 1067008K
  class space    used 2378K, capacity 2477K, committed 2560K, reserved 1048576K
Event: 41.311 GC heap after
Heap after GC invocations=29 (full 3):
 PSYoungGen      total 410624K, used 3136K [0x0000000795580000, 0x00000007bae80000, 0x00000007c0000000)
  eden space 407040K, 0% used [0x0000000795580000,0x0000000795580000,0x00000007ae300000)
  from space 3584K, 87% used [0x00000007bab00000,0x00000007bae10000,0x00000007bae80000)
  to   space 11264K, 0% used [0x00000007b9880000,0x00000007b9880000,0x00000007ba380000)
 ParOldGen       total 175104K, used 15438K [0x0000000740000000, 0x000000074ab00000, 0x0000000795580000)
  object space 175104K, 8% used [0x0000000740000000,0x0000000740f138e8,0x000000074ab00000)
 Metaspace       used 20240K, capacity 20520K, committed 20736K, reserved 1067008K
  class space    used 2378K, capacity 2477K, committed 2560K, reserved 1048576K
}
Event: 41.777 GC heap before
{Heap before GC invocations=30 (full 3):
 PSYoungGen      total 410624K, used 410176K [0x0000000795580000, 0x00000007bae80000, 0x00000007c0000000)
  eden space 407040K, 100% used [0x0000000795580000,0x00000007ae300000,0x00000007ae300000)
  from space 3584K, 87% used [0x00000007bab00000,0x00000007bae10000,0x00000007bae80000)
  to   space 11264K, 0% used [0x00000007b9880000,0x00000007b9880000,0x00000007ba380000)
 ParOldGen       total 175104K, used 15438K [0x0000000740000000, 0x000000074ab00000, 0x0000000795580000)
  object space 175104K, 8% used [0x0000000740000000,0x0000000740f138e8,0x000000074ab00000)
 Metaspace       used 20241K, capacity 20520K, committed 20736K, reserved 1067008K
  class space    used 2378K, capacity 2477K, committed 2560K, reserved 1048576K
Event: 41.780 GC heap after
Heap after GC invocations=30 (full 3):
 PSYoungGen      total 393216K, used 3168K [0x0000000795580000, 0x00000007bab80000, 0x00000007c0000000)
  eden space 389632K, 0% used [0x0000000795580000,0x0000000795580000,0x00000007ad200000)
  from space 3584K, 88% used [0x00000007b9880000,0x00000007b9b98000,0x00000007b9c00000)
  to   space 10752K, 0% used [0x00000007ba100000,0x00000007ba100000,0x00000007bab80000)
 ParOldGen       total 175104K, used 15510K [0x0000000740000000, 0x000000074ab00000, 0x0000000795580000)
  object space 175104K, 8% used [0x0000000740000000,0x0000000740f258e8,0x000000074ab00000)
 Metaspace       used 20241K, capacity 20520K, committed 20736K, reserved 1067008K
  class space    used 2378K, capacity 2477K, committed 2560K, reserved 1048576K
}
Event: 42.239 GC heap before
{Heap before GC invocations=31 (full 3):
 PSYoungGen      total 393216K, used 392800K [0x0000000795580000, 0x00000007bab80000, 0x00000007c0000000)
  eden space 389632K, 100% used [0x0000000795580000,0x00000007ad200000,0x00000007ad200000)
  from space 3584K, 88% used [0x00000007b9880000,0x00000007b9b98000,0x00000007b9c00000)
  to   space 10752K, 0% used [0x00000007ba100000,0x00000007ba100000,0x00000007bab80000)
 ParOldGen       total 175104K, used 15510K [0x0000000740000000, 0x000000074ab00000, 0x0000000795580000)
  object space 175104K, 8% used [0x0000000740000000,0x0000000740f258e8,0x000000074ab00000)
 Metaspace       used 20283K, capacity 20626K, committed 20736K, reserved 1067008K
  class space    used 2382K, capacity 2484K, committed 2560K, reserved 1048576K
Event: 42.242 GC heap after
Heap after GC invocations=31 (full 3):
 PSYoungGen      total 376320K, used 2656K [0x0000000795580000, 0x00000007ba400000, 0x00000007c0000000)
  eden space 373248K, 0% used [0x0000000795580000,0x0000000795580000,0x00000007ac200000)
  from space 3072K, 86% used [0x00000007ba100000,0x00000007ba398000,0x00000007ba400000)
  to   space 10240K, 0% used [0x00000007b9000000,0x00000007b9000000,0x00000007b9a00000)
 ParOldGen       total 175104K, used 15566K [0x0000000740000000, 0x000000074ab00000, 0x0000000795580000)
  object space 175104K, 8% used [0x0000000740000000,0x0000000740f338e8,0x000000074ab00000)
 Metaspace       used 20283K, capacity 20626K, committed 20736K, reserved 1067008K
  class space    used 2382K, capacity 2484K, committed 2560K, reserved 1048576K
}
Event: 42.248 GC heap before
{Heap before GC invocations=32 (full 3):
 PSYoungGen      total 376320K, used 10074K [0x0000000795580000, 0x00000007ba400000, 0x00000007c0000000)
  eden space 373248K, 1% used [0x0000000795580000,0x0000000795cbe9c8,0x00000007ac200000)
  from space 3072K, 86% used [0x00000007ba100000,0x00000007ba398000,0x00000007ba400000)
  to   space 10240K, 0% used [0x00000007b9000000,0x00000007b9000000,0x00000007b9a00000)
 ParOldGen       total 175104K, used 15566K [0x0000000740000000, 0x000000074ab00000, 0x0000000795580000)
  object space 175104K, 8% used [0x0000000740000000,0x0000000740f338e8,0x000000074ab00000)
 Metaspace       used 20301K, capacity 20656K, committed 20736K, reserved 1067008K
  class space    used 2385K, capacity 2489K, committed 2560K, reserved 1048576K
Event: 42.249 GC heap after
Heap after GC invocations=32 (full 3):
 PSYoungGen      total 373760K, used 224K [0x0000000795580000, 0x00000007ba180000, 0x00000007c0000000)
  eden space 373248K, 0% used [0x0000000795580000,0x0000000795580000,0x00000007ac200000)
  from space 512K, 43% used [0x00000007b9000000,0x00000007b9038000,0x00000007b9080000)
  to   space 10240K, 0% used [0x00000007b9780000,0x00000007b9780000,0x00000007ba180000)
 ParOldGen       total 175104K, used 15662K [0x0000000740000000, 0x000000074ab00000, 0x0000000795580000)
  object space 175104K, 8% used [0x0000000740000000,0x0000000740f4b8e8,0x000000074ab00000)
 Metaspace       used 20301K, capacity 20656K, committed 20736K, reserved 1067008K
  class space    used 2385K, capacity 2489K, committed 2560K, reserved 1048576K
}
Event: 42.249 GC heap before
{Heap before GC invocations=33 (full 4):
 PSYoungGen      total 373760K, used 224K [0x0000000795580000, 0x00000007ba180000, 0x00000007c0000000)
  eden space 373248K, 0% used [0x0000000795580000,0x0000000795580000,0x00000007ac200000)
  from space 512K, 43% used [0x00000007b9000000,0x00000007b9038000,0x00000007b9080000)
  to   space 10240K, 0% used [0x00000007b9780000,0x00000007b9780000,0x00000007ba180000)
 ParOldGen       total 175104K, used 15662K [0x0000000740000000, 0x000000074ab00000, 0x0000000795580000)
  object space 175104K, 8% used [0x0000000740000000,0x0000000740f4b8e8,0x000000074ab00000)
 Metaspace       used 20301K, capacity 20656K, committed 20736K, reserved 1067008K
  class space    used 2385K, capacity 2489K, committed 2560K, reserved 1048576K
Event: 42.296 GC heap after
Heap after GC invocations=33 (full 4):
 PSYoungGen      total 373760K, used 0K [0x0000000795580000, 0x00000007ba180000, 0x00000007c0000000)
  eden space 373248K, 0% used [0x0000000795580000,0x0000000795580000,0x00000007ac200000)
  from space 512K, 0% used [0x00000007b9000000,0x00000007b9000000,0x00000007b9080000)
  to   space 10240K, 0% used [0x00000007b9780000,0x00000007b9780000,0x00000007ba180000)
 ParOldGen       total 175104K, used 10804K [0x0000000740000000, 0x000000074ab00000, 0x0000000795580000)
  object space 175104K, 6% used [0x0000000740000000,0x0000000740a8d1b8,0x000000074ab00000)
 Metaspace       used 20301K, capacity 20656K, committed 20736K, reserved 1067008K
  class space    used 2385K, capacity 2489K, committed 2560K, reserved 1048576K
}

