# JRE version: Java(TM) 2 Runtime Environment, Standard Edition (8.0_121-b13) (build 1.8.0_121-b13 14_Feb_2017_06_58 Mac OS X x64(SR4 FP1))
# Java VM: Java HotSpot(TM) 64-Bit Server VM (25.121-b13 mixed mode bsd-amd64 compressed oops)
Heap:
 PSYoungGen      total 444928K, used 8806K [0x0000000795580000, 0x00000007bbd80000, 0x00000007c0000000)
  eden space 444416K, 1% used [0x0000000795580000,0x0000000795e19ab8,0x00000007b0780000)
  from space 512K, 0% used [0x00000007bad80000,0x00000007bad80000,0x00000007bae00000)
  to   space 9728K, 0% used [0x00000007bb400000,0x00000007bb400000,0x00000007bbd80000)
 ParOldGen       total 175104K, used 10986K [0x0000000740000000, 0x000000074ab00000, 0x0000000795580000)
  object space 175104K, 6% used [0x0000000740000000,0x0000000740aba8f0,0x000000074ab00000)
 Metaspace       used 20291K, capacity 20656K, committed 20736K, reserved 1067008K
  class space    used 2385K, capacity 2489K, committed 2560K, reserved 1048576K
GC Heap History (10 events):
Event: 38.840 GC heap before
{Heap before GC invocations=27 (full 3):
 PSYoungGen      total 512000K, used 511680K [0x0000000795580000, 0x00000007bd080000, 0x00000007c0000000)
  eden space 507392K, 100% used [0x0000000795580000,0x00000007b4500000,0x00000007b4500000)
  from space 4608K, 93% used [0x00000007bbf00000,0x00000007bc330000,0x00000007bc380000)
  to   space 10752K, 0% used [0x00000007bc600000,0x00000007bc600000,0x00000007bd080000)
 ParOldGen       total 175104K, used 17223K [0x0000000740000000, 0x000000074ab00000, 0x0000000795580000)
  object space 175104K, 9% used [0x0000000740000000,0x00000007410d1fd8,0x000000074ab00000)
 Metaspace       used 20230K, capacity 20520K, committed 20736K, reserved 1067008K
  class space    used 2378K, capacity 2477K, committed 2560K, reserved 1048576K
Event: 38.844 GC heap after
Heap after GC invocations=27 (full 3):
 PSYoungGen      total 489472K, used 3808K [0x0000000795580000, 0x00000007bca00000, 0x00000007c0000000)
  eden space 485376K, 0% used [0x0000000795580000,0x0000000795580000,0x00000007b2f80000)
  from space 4096K, 92% used [0x00000007bc600000,0x00000007bc9b8000,0x00000007bca00000)
  to   space 10240K, 0% used [0x00000007bb600000,0x00000007bb600000,0x00000007bc000000)
 ParOldGen       total 175104K, used 17583K [0x0000000740000000, 0x000000074ab00000, 0x0000000795580000)
  object space 175104K, 10% used [0x0000000740000000,0x000000074112bfe8,0x000000074ab00000)
 Metaspace       used 20230K, capacity 20520K, committed 20736K, reserved 1067008K
  class space    used 2378K, capacity 2477K, committed 2560K, reserved 1048576K
}
Event: 39.479 GC heap before
{Heap before GC invocations=28 (full 3):
 PSYoungGen      total 489472K, used 489184K [0x0000000795580000, 0x00000007bca00000, 0x00000007c0000000)
  eden space 485376K, 100% used [0x0000000795580000,0x00000007b2f80000,0x00000007b2f80000)
  from space 4096K, 92% used [0x00000007bc600000,0x00000007bc9b8000,0x00000007bca00000)
  to   space 10240K, 0% used [0x00000007bb600000,0x00000007bb600000,0x00000007bc000000)
 ParOldGen       total 175104K, used 17583K [0x0000000740000000, 0x000000074ab00000, 0x0000000795580000)
  object space 175104K, 10% used [0x0000000740000000,0x000000074112bfe8,0x000000074ab00000)
 Metaspace       used 20230K, capacity 20584K, committed 20736K, reserved 1067008K
  class space    used 2378K, capacity 2477K, committed 2560K, reserved 1048576K
Event: 39.484 GC heap after
Heap after GC invocations=28 (full 3):
 PSYoungGen      total 467968K, used 3584K [0x0000000795580000, 0x00000007bc680000, 0x00000007c0000000)
  eden space 464384K, 0% used [0x0000000795580000,0x0000000795580000,0x00000007b1b00000)
  from space 3584K, 100% used [0x00000007bb600000,0x00000007bb980000,0x00000007bb980000)
  to   space 9728K, 0% used [0x00000007bbd00000,0x00000007bbd00000,0x00000007bc680000)
 ParOldGen       total 175104K, used 17623K [0x0000000740000000, 0x000000074ab00000, 0x0000000795580000)
  object space 175104K, 10% used [0x0000000740000000,0x0000000741135fe8,0x000000074ab00000)
 Metaspace       used 20230K, capacity 20584K, committed 20736K, reserved 1067008K
  class space    used 2378K, capacity 2477K, committed 2560K, reserved 1048576K
}
Event: 40.216 GC heap before
{Heap before GC invocations=29 (full 3):
 PSYoungGen      total 467968K, used 467968K [0x0000000795580000, 0x00000007bc680000, 0x00000007c0000000)
  eden space 464384K, 100% used [0x0000000795580000,0x00000007b1b00000,0x00000007b1b00000)
  from space 3584K, 100% used [0x00000007bb600000,0x00000007bb980000,0x00000007bb980000)
  to   space 9728K, 0% used [0x00000007bbd00000,0x00000007bbd00000,0x00000007bc680000)
 ParOldGen       total 175104K, used 17623K [0x0000000740000000, 0x000000074ab00000, 0x0000000795580000)
  object space 175104K, 10% used [0x0000000740000000,0x0000000741135fe8,0x000000074ab00000)
 Metaspace       used 20238K, capacity 20584K, committed 20736K, reserved 1067008K
  class space    used 2378K, capacity 2477K, committed 2560K, reserved 1048576K
Event: 40.223 GC heap after
Heap after GC invocations=29 (full 3):
 PSYoungGen      total 448000K, used 3552K [0x0000000795580000, 0x00000007bc080000, 0x00000007c0000000)
  eden space 444416K, 0% used [0x0000000795580000,0x0000000795580000,0x00000007b0780000)
  from space 3584K, 99% used [0x00000007bbd00000,0x00000007bc078000,0x00000007bc080000)
  to   space 9728K, 0% used [0x00000007bad80000,0x00000007bad80000,0x00000007bb700000)
 ParOldGen       total 175104K, used 17703K [0x0000000740000000, 0x000000074ab00000, 0x0000000795580000)
  object space 175104K, 10% used [0x0000000740000000,0x0000000741149fe8,0x000000074ab00000)
 Metaspace       used 20238K, capacity 20584K, committed 20736K, reserved 1067008K
  class space    used 2378K, capacity 2477K, committed 2560K, reserved 1048576K
}
Event: 40.373 GC heap before
{Heap before GC invocations=30 (full 3):
 PSYoungGen      total 448000K, used 82812K [0x0000000795580000, 0x00000007bc080000, 0x00000007c0000000)
  eden space 444416K, 17% used [0x0000000795580000,0x000000079a2e70b0,0x00000007b0780000)
  from space 3584K, 99% used [0x00000007bbd00000,0x00000007bc078000,0x00000007bc080000)
  to   space 9728K, 0% used [0x00000007bad80000,0x00000007bad80000,0x00000007bb700000)
 ParOldGen       total 175104K, used 17703K [0x0000000740000000, 0x000000074ab00000, 0x0000000795580000)
  object space 175104K, 10% used [0x0000000740000000,0x0000000741149fe8,0x000000074ab00000)
 Metaspace       used 20291K, capacity 20656K, committed 20736K, reserved 1067008K
  class space    used 2385K, capacity 2489K, committed 2560K, reserved 1048576K
Event: 40.374 GC heap after
Heap after GC invocations=30 (full 3):
 PSYoungGen      total 444928K, used 448K [0x0000000795580000, 0x00000007bbd80000, 0x00000007c0000000)
  eden space 444416K, 0% used [0x0000000795580000,0x0000000795580000,0x00000007b0780000)
  from space 512K, 87% used [0x00000007bad80000,0x00000007badf0000,0x00000007bae00000)
  to   space 9728K, 0% used [0x00000007bb400000,0x00000007bb400000,0x00000007bbd80000)
 ParOldGen       total 175104K, used 17775K [0x0000000740000000, 0x000000074ab00000, 0x0000000795580000)
  object space 175104K, 10% used [0x0000000740000000,0x000000074115bfe8,0x000000074ab00000)
 Metaspace       used 20291K, capacity 20656K, committed 20736K, reserved 1067008K
  class space    used 2385K, capacity 2489K, committed 2560K, reserved 1048576K
}
Event: 40.374 GC heap before
{Heap before GC invocations=31 (full 4):
 PSYoungGen      total 444928K, used 448K [0x0000000795580000, 0x00000007bbd80000, 0x00000007c0000000)
  eden space 444416K, 0% used [0x0000000795580000,0x0000000795580000,0x00000007b0780000)
  from space 512K, 87% used [0x00000007bad80000,0x00000007badf0000,0x00000007bae00000)
  to   space 9728K, 0% used [0x00000007bb400000,0x00000007bb400000,0x00000007bbd80000)
 ParOldGen       total 175104K, used 17775K [0x0000000740000000, 0x000000074ab00000, 0x0000000795580000)
  object space 175104K, 10% used [0x0000000740000000,0x000000074115bfe8,0x000000074ab00000)
 Metaspace       used 20291K, capacity 20656K, committed 20736K, reserved 1067008K
  class space    used 2385K, capacity 2489K, committed 2560K, reserved 1048576K
Event: 40.420 GC heap after
Heap after GC invocations=31 (full 4):
 PSYoungGen      total 444928K, used 0K [0x0000000795580000, 0x00000007bbd80000, 0x00000007c0000000)
  eden space 444416K, 0% used [0x0000000795580000,0x0000000795580000,0x00000007b0780000)
  from space 512K, 0% used [0x00000007bad80000,0x00000007bad80000,0x00000007bae00000)
  to   space 9728K, 0% used [0x00000007bb400000,0x00000007bb400000,0x00000007bbd80000)
 ParOldGen       total 175104K, used 10986K [0x0000000740000000, 0x000000074ab00000, 0x0000000795580000)
  object space 175104K, 6% used [0x0000000740000000,0x0000000740aba8f0,0x000000074ab00000)
 Metaspace       used 20291K, capacity 20656K, committed 20736K, reserved 1067008K
  class space    used 2385K, capacity 2489K, committed 2560K, reserved 1048576K
}

