# JRE version: Java(TM) 2 Runtime Environment, Standard Edition (8.0_121-b13) (build 1.8.0_121-b13 14_Feb_2017_06_58 Mac OS X x64(SR4 FP1))
# Java VM: Java HotSpot(TM) 64-Bit Server VM (25.121-b13 mixed mode bsd-amd64 compressed oops)
Heap:
 PSYoungGen      total 445440K, used 8825K [0x0000000795580000, 0x00000007bbd80000, 0x00000007c0000000)
  eden space 444416K, 1% used [0x0000000795580000,0x0000000795e1e670,0x00000007b0780000)
  from space 1024K, 0% used [0x00000007bad80000,0x00000007bad80000,0x00000007bae80000)
  to   space 9728K, 0% used [0x00000007bb400000,0x00000007bb400000,0x00000007bbd80000)
 ParOldGen       total 175104K, used 11028K [0x0000000740000000, 0x000000074ab00000, 0x0000000795580000)
  object space 175104K, 6% used [0x0000000740000000,0x0000000740ac5238,0x000000074ab00000)
 Metaspace       used 20300K, capacity 20656K, committed 20736K, reserved 1067008K
  class space    used 2385K, capacity 2489K, committed 2560K, reserved 1048576K
GC Heap History (10 events):
Event: 39.075 GC heap before
{Heap before GC invocations=27 (full 3):
 PSYoungGen      total 512000K, used 511680K [0x0000000795580000, 0x00000007bd080000, 0x00000007c0000000)
  eden space 507392K, 100% used [0x0000000795580000,0x00000007b4500000,0x00000007b4500000)
  from space 4608K, 93% used [0x00000007bbf00000,0x00000007bc330000,0x00000007bc380000)
  to   space 10752K, 0% used [0x00000007bc600000,0x00000007bc600000,0x00000007bd080000)
 ParOldGen       total 175104K, used 17232K [0x0000000740000000, 0x000000074ab00000, 0x0000000795580000)
  object space 175104K, 9% used [0x0000000740000000,0x00000007410d4158,0x000000074ab00000)
 Metaspace       used 20239K, capacity 20520K, committed 20736K, reserved 1067008K
  class space    used 2378K, capacity 2477K, committed 2560K, reserved 1048576K
Event: 39.079 GC heap after
Heap after GC invocations=27 (full 3):
 PSYoungGen      total 489472K, used 3840K [0x0000000795580000, 0x00000007bca00000, 0x00000007c0000000)
  eden space 485376K, 0% used [0x0000000795580000,0x0000000795580000,0x00000007b2f80000)
  from space 4096K, 93% used [0x00000007bc600000,0x00000007bc9c0000,0x00000007bca00000)
  to   space 10240K, 0% used [0x00000007bb600000,0x00000007bb600000,0x00000007bc000000)
 ParOldGen       total 175104K, used 17600K [0x0000000740000000, 0x000000074ab00000, 0x0000000795580000)
  object space 175104K, 10% used [0x0000000740000000,0x0000000741130168,0x000000074ab00000)
 Metaspace       used 20239K, capacity 20520K, committed 20736K, reserved 1067008K
  class space    used 2378K, capacity 2477K, committed 2560K, reserved 1048576K
}
Event: 39.656 GC heap before
{Heap before GC invocations=28 (full 3):
 PSYoungGen      total 489472K, used 489216K [0x0000000795580000, 0x00000007bca00000, 0x00000007c0000000)
  eden space 485376K, 100% used [0x0000000795580000,0x00000007b2f80000,0x00000007b2f80000)
  from space 4096K, 93% used [0x00000007bc600000,0x00000007bc9c0000,0x00000007bca00000)
  to   space 10240K, 0% used [0x00000007bb600000,0x00000007bb600000,0x00000007bc000000)
 ParOldGen       total 175104K, used 17600K [0x0000000740000000, 0x000000074ab00000, 0x0000000795580000)
  object space 175104K, 10% used [0x0000000740000000,0x0000000741130168,0x000000074ab00000)
 Metaspace       used 20240K, capacity 20520K, committed 20736K, reserved 1067008K
  class space    used 2378K, capacity 2477K, committed 2560K, reserved 1048576K
Event: 39.659 GC heap after
Heap after GC invocations=28 (full 3):
 PSYoungGen      total 468480K, used 3616K [0x0000000795580000, 0x00000007bc680000, 0x00000007c0000000)
  eden space 464384K, 0% used [0x0000000795580000,0x0000000795580000,0x00000007b1b00000)
  from space 4096K, 88% used [0x00000007bb600000,0x00000007bb988000,0x00000007bba00000)
  to   space 9728K, 0% used [0x00000007bbd00000,0x00000007bbd00000,0x00000007bc680000)
 ParOldGen       total 175104K, used 17648K [0x0000000740000000, 0x000000074ab00000, 0x0000000795580000)
  object space 175104K, 10% used [0x0000000740000000,0x000000074113c168,0x000000074ab00000)
 Metaspace       used 20240K, capacity 20520K, committed 20736K, reserved 1067008K
  class space    used 2378K, capacity 2477K, committed 2560K, reserved 1048576K
}
Event: 40.190 GC heap before
{Heap before GC invocations=29 (full 3):
 PSYoungGen      total 468480K, used 468000K [0x0000000795580000, 0x00000007bc680000, 0x00000007c0000000)
  eden space 464384K, 100% used [0x0000000795580000,0x00000007b1b00000,0x00000007b1b00000)
  from space 4096K, 88% used [0x00000007bb600000,0x00000007bb988000,0x00000007bba00000)
  to   space 9728K, 0% used [0x00000007bbd00000,0x00000007bbd00000,0x00000007bc680000)
 ParOldGen       total 175104K, used 17648K [0x0000000740000000, 0x000000074ab00000, 0x0000000795580000)
  object space 175104K, 10% used [0x0000000740000000,0x000000074113c168,0x000000074ab00000)
 Metaspace       used 20247K, capacity 20584K, committed 20736K, reserved 1067008K
  class space    used 2378K, capacity 2477K, committed 2560K, reserved 1048576K
Event: 40.193 GC heap after
Heap after GC invocations=29 (full 3):
 PSYoungGen      total 448000K, used 3456K [0x0000000795580000, 0x00000007bc080000, 0x00000007c0000000)
  eden space 444416K, 0% used [0x0000000795580000,0x0000000795580000,0x00000007b0780000)
  from space 3584K, 96% used [0x00000007bbd00000,0x00000007bc060000,0x00000007bc080000)
  to   space 9728K, 0% used [0x00000007bad80000,0x00000007bad80000,0x00000007bb700000)
 ParOldGen       total 175104K, used 17728K [0x0000000740000000, 0x000000074ab00000, 0x0000000795580000)
  object space 175104K, 10% used [0x0000000740000000,0x0000000741150168,0x000000074ab00000)
 Metaspace       used 20247K, capacity 20584K, committed 20736K, reserved 1067008K
  class space    used 2378K, capacity 2477K, committed 2560K, reserved 1048576K
}
Event: 40.293 GC heap before
{Heap before GC invocations=30 (full 3):
 PSYoungGen      total 448000K, used 82886K [0x0000000795580000, 0x00000007bc080000, 0x00000007c0000000)
  eden space 444416K, 17% used [0x0000000795580000,0x000000079a311a28,0x00000007b0780000)
  from space 3584K, 96% used [0x00000007bbd00000,0x00000007bc060000,0x00000007bc080000)
  to   space 9728K, 0% used [0x00000007bad80000,0x00000007bad80000,0x00000007bb700000)
 ParOldGen       total 175104K, used 17728K [0x0000000740000000, 0x000000074ab00000, 0x0000000795580000)
  object space 175104K, 10% used [0x0000000740000000,0x0000000741150168,0x000000074ab00000)
 Metaspace       used 20300K, capacity 20656K, committed 20736K, reserved 1067008K
  class space    used 2385K, capacity 2489K, committed 2560K, reserved 1048576K
Event: 40.294 GC heap after
Heap after GC invocations=30 (full 3):
 PSYoungGen      total 445440K, used 544K [0x0000000795580000, 0x00000007bbd80000, 0x00000007c0000000)
  eden space 444416K, 0% used [0x0000000795580000,0x0000000795580000,0x00000007b0780000)
  from space 1024K, 53% used [0x00000007bad80000,0x00000007bae08000,0x00000007bae80000)
  to   space 9728K, 0% used [0x00000007bb400000,0x00000007bb400000,0x00000007bbd80000)
 ParOldGen       total 175104K, used 17808K [0x0000000740000000, 0x000000074ab00000, 0x0000000795580000)
  object space 175104K, 10% used [0x0000000740000000,0x0000000741164168,0x000000074ab00000)
 Metaspace       used 20300K, capacity 20656K, committed 20736K, reserved 1067008K
  class space    used 2385K, capacity 2489K, committed 2560K, reserved 1048576K
}
Event: 40.294 GC heap before
{Heap before GC invocations=31 (full 4):
 PSYoungGen      total 445440K, used 544K [0x0000000795580000, 0x00000007bbd80000, 0x00000007c0000000)
  eden space 444416K, 0% used [0x0000000795580000,0x0000000795580000,0x00000007b0780000)
  from space 1024K, 53% used [0x00000007bad80000,0x00000007bae08000,0x00000007bae80000)
  to   space 9728K, 0% used [0x00000007bb400000,0x00000007bb400000,0x00000007bbd80000)
 ParOldGen       total 175104K, used 17808K [0x0000000740000000, 0x000000074ab00000, 0x0000000795580000)
  object space 175104K, 10% used [0x0000000740000000,0x0000000741164168,0x000000074ab00000)
 Metaspace       used 20300K, capacity 20656K, committed 20736K, reserved 1067008K
  class space    used 2385K, capacity 2489K, committed 2560K, reserved 1048576K
Event: 40.340 GC heap after
Heap after GC invocations=31 (full 4):
 PSYoungGen      total 445440K, used 0K [0x0000000795580000, 0x00000007bbd80000, 0x00000007c0000000)
  eden space 444416K, 0% used [0x0000000795580000,0x0000000795580000,0x00000007b0780000)
  from space 1024K, 0% used [0x00000007bad80000,0x00000007bad80000,0x00000007bae80000)
  to   space 9728K, 0% used [0x00000007bb400000,0x00000007bb400000,0x00000007bbd80000)
 ParOldGen       total 175104K, used 11028K [0x0000000740000000, 0x000000074ab00000, 0x0000000795580000)
  object space 175104K, 6% used [0x0000000740000000,0x0000000740ac5238,0x000000074ab00000)
 Metaspace       used 20300K, capacity 20656K, committed 20736K, reserved 1067008K
  class space    used 2385K, capacity 2489K, committed 2560K, reserved 1048576K
}

