# JRE version: Java(TM) 2 Runtime Environment, Standard Edition (8.0_121-b13) (build 1.8.0_121-b13 14_Feb_2017_06_58 Mac OS X x64(SR4 FP1))
# Java VM: Java HotSpot(TM) 64-Bit Server VM (25.121-b13 mixed mode bsd-amd64 compressed oops)
Heap:
 PSYoungGen      total 464384K, used 9201K [0x0000000795580000, 0x00000007bbb00000, 0x00000007c0000000)
  eden space 462848K, 1% used [0x0000000795580000,0x0000000795e7c798,0x00000007b1980000)
  from space 1536K, 0% used [0x00000007bb980000,0x00000007bb980000,0x00000007bbb00000)
  to   space 11264K, 0% used [0x00000007ba500000,0x00000007ba500000,0x00000007bb000000)
 ParOldGen       total 175104K, used 11418K [0x0000000740000000, 0x000000074ab00000, 0x0000000795580000)
  object space 175104K, 6% used [0x0000000740000000,0x0000000740b26860,0x000000074ab00000)
 Metaspace       used 20258K, capacity 20592K, committed 20736K, reserved 1067008K
  class space    used 2390K, capacity 2489K, committed 2560K, reserved 1048576K
GC Heap History (10 events):
Event: 26.460 GC heap before
{Heap before GC invocations=26 (full 3):
 PSYoungGen      total 537088K, used 536608K [0x0000000795580000, 0x00000007bd700000, 0x00000007c0000000)
  eden space 528896K, 100% used [0x0000000795580000,0x00000007b5a00000,0x00000007b5a00000)
  from space 8192K, 94% used [0x00000007bcf00000,0x00000007bd688010,0x00000007bd700000)
  to   space 12288K, 0% used [0x00000007bbf00000,0x00000007bbf00000,0x00000007bcb00000)
 ParOldGen       total 175104K, used 12346K [0x0000000740000000, 0x000000074ab00000, 0x0000000795580000)
  object space 175104K, 7% used [0x0000000740000000,0x0000000740c0ebc0,0x000000074ab00000)
 Metaspace       used 20188K, capacity 20520K, committed 20736K, reserved 1067008K
  class space    used 2383K, capacity 2477K, committed 2560K, reserved 1048576K
Event: 26.466 GC heap after
Heap after GC invocations=26 (full 3):
 PSYoungGen      total 509952K, used 3936K [0x0000000795580000, 0x00000007bcf80000, 0x00000007c0000000)
  eden space 505856K, 0% used [0x0000000795580000,0x0000000795580000,0x00000007b4380000)
  from space 4096K, 96% used [0x00000007bbf00000,0x00000007bc2d8000,0x00000007bc300000)
  to   space 11776K, 0% used [0x00000007bc400000,0x00000007bc400000,0x00000007bcf80000)
 ParOldGen       total 175104K, used 16770K [0x0000000740000000, 0x000000074ab00000, 0x0000000795580000)
  object space 175104K, 9% used [0x0000000740000000,0x0000000741060be0,0x000000074ab00000)
 Metaspace       used 20188K, capacity 20520K, committed 20736K, reserved 1067008K
  class space    used 2383K, capacity 2477K, committed 2560K, reserved 1048576K
}
Event: 27.066 GC heap before
{Heap before GC invocations=27 (full 3):
 PSYoungGen      total 509952K, used 509792K [0x0000000795580000, 0x00000007bcf80000, 0x00000007c0000000)
  eden space 505856K, 100% used [0x0000000795580000,0x00000007b4380000,0x00000007b4380000)
  from space 4096K, 96% used [0x00000007bbf00000,0x00000007bc2d8000,0x00000007bc300000)
  to   space 11776K, 0% used [0x00000007bc400000,0x00000007bc400000,0x00000007bcf80000)
 ParOldGen       total 175104K, used 16770K [0x0000000740000000, 0x000000074ab00000, 0x0000000795580000)
  object space 175104K, 9% used [0x0000000740000000,0x0000000741060be0,0x000000074ab00000)
 Metaspace       used 20189K, capacity 20520K, committed 20736K, reserved 1067008K
  class space    used 2383K, capacity 2477K, committed 2560K, reserved 1048576K
Event: 27.070 GC heap after
Heap after GC invocations=27 (full 3):
 PSYoungGen      total 487936K, used 3712K [0x0000000795580000, 0x00000007bc800000, 0x00000007c0000000)
  eden space 483840K, 0% used [0x0000000795580000,0x0000000795580000,0x00000007b2e00000)
  from space 4096K, 90% used [0x00000007bc400000,0x00000007bc7a0000,0x00000007bc800000)
  to   space 11264K, 0% used [0x00000007bb200000,0x00000007bb200000,0x00000007bbd00000)
 ParOldGen       total 175104K, used 16818K [0x0000000740000000, 0x000000074ab00000, 0x0000000795580000)
  object space 175104K, 9% used [0x0000000740000000,0x000000074106cbe0,0x000000074ab00000)
 Metaspace       used 20189K, capacity 20520K, committed 20736K, reserved 1067008K
  class space    used 2383K, capacity 2477K, committed 2560K, reserved 1048576K
}
Event: 27.617 GC heap before
{Heap before GC invocations=28 (full 3):
 PSYoungGen      total 487936K, used 487552K [0x0000000795580000, 0x00000007bc800000, 0x00000007c0000000)
  eden space 483840K, 100% used [0x0000000795580000,0x00000007b2e00000,0x00000007b2e00000)
  from space 4096K, 90% used [0x00000007bc400000,0x00000007bc7a0000,0x00000007bc800000)
  to   space 11264K, 0% used [0x00000007bb200000,0x00000007bb200000,0x00000007bbd00000)
 ParOldGen       total 175104K, used 16818K [0x0000000740000000, 0x000000074ab00000, 0x0000000795580000)
  object space 175104K, 9% used [0x0000000740000000,0x000000074106cbe0,0x000000074ab00000)
 Metaspace       used 20191K, capacity 20520K, committed 20736K, reserved 1067008K
  class space    used 2383K, capacity 2477K, committed 2560K, reserved 1048576K
Event: 27.621 GC heap after
Heap after GC invocations=28 (full 3):
 PSYoungGen      total 466944K, used 3616K [0x0000000795580000, 0x00000007bc480000, 0x00000007c0000000)
  eden space 462848K, 0% used [0x0000000795580000,0x0000000795580000,0x00000007b1980000)
  from space 4096K, 88% used [0x00000007bb200000,0x00000007bb588000,0x00000007bb600000)
  to   space 11264K, 0% used [0x00000007bb980000,0x00000007bb980000,0x00000007bc480000)
 ParOldGen       total 175104K, used 16882K [0x0000000740000000, 0x000000074ab00000, 0x0000000795580000)
  object space 175104K, 9% used [0x0000000740000000,0x000000074107cbe0,0x000000074ab00000)
 Metaspace       used 20191K, capacity 20520K, committed 20736K, reserved 1067008K
  class space    used 2383K, capacity 2477K, committed 2560K, reserved 1048576K
}
Event: 27.852 GC heap before
{Heap before GC invocations=29 (full 3):
 PSYoungGen      total 466944K, used 187656K [0x0000000795580000, 0x00000007bc480000, 0x00000007c0000000)
  eden space 462848K, 39% used [0x0000000795580000,0x00000007a093a008,0x00000007b1980000)
  from space 4096K, 88% used [0x00000007bb200000,0x00000007bb588000,0x00000007bb600000)
  to   space 11264K, 0% used [0x00000007bb980000,0x00000007bb980000,0x00000007bc480000)
 ParOldGen       total 175104K, used 16882K [0x0000000740000000, 0x000000074ab00000, 0x0000000795580000)
  object space 175104K, 9% used [0x0000000740000000,0x000000074107cbe0,0x000000074ab00000)
 Metaspace       used 20258K, capacity 20592K, committed 20736K, reserved 1067008K
  class space    used 2390K, capacity 2489K, committed 2560K, reserved 1048576K
Event: 27.854 GC heap after
Heap after GC invocations=29 (full 3):
 PSYoungGen      total 464384K, used 1248K [0x0000000795580000, 0x00000007bbb00000, 0x00000007c0000000)
  eden space 462848K, 0% used [0x0000000795580000,0x0000000795580000,0x00000007b1980000)
  from space 1536K, 81% used [0x00000007bb980000,0x00000007bbab8000,0x00000007bbb00000)
  to   space 11264K, 0% used [0x00000007ba500000,0x00000007ba500000,0x00000007bb000000)
 ParOldGen       total 175104K, used 16954K [0x0000000740000000, 0x000000074ab00000, 0x0000000795580000)
  object space 175104K, 9% used [0x0000000740000000,0x000000074108ebe0,0x000000074ab00000)
 Metaspace       used 20258K, capacity 20592K, committed 20736K, reserved 1067008K
  class space    used 2390K, capacity 2489K, committed 2560K, reserved 1048576K
}
Event: 27.854 GC heap before
{Heap before GC invocations=30 (full 4):
 PSYoungGen      total 464384K, used 1248K [0x0000000795580000, 0x00000007bbb00000, 0x00000007c0000000)
  eden space 462848K, 0% used [0x0000000795580000,0x0000000795580000,0x00000007b1980000)
  from space 1536K, 81% used [0x00000007bb980000,0x00000007bbab8000,0x00000007bbb00000)
  to   space 11264K, 0% used [0x00000007ba500000,0x00000007ba500000,0x00000007bb000000)
 ParOldGen       total 175104K, used 16954K [0x0000000740000000, 0x000000074ab00000, 0x0000000795580000)
  object space 175104K, 9% used [0x0000000740000000,0x000000074108ebe0,0x000000074ab00000)
 Metaspace       used 20258K, capacity 20592K, committed 20736K, reserved 1067008K
  class space    used 2390K, capacity 2489K, committed 2560K, reserved 1048576K
Event: 27.891 GC heap after
Heap after GC invocations=30 (full 4):
 PSYoungGen      total 464384K, used 0K [0x0000000795580000, 0x00000007bbb00000, 0x00000007c0000000)
  eden space 462848K, 0% used [0x0000000795580000,0x0000000795580000,0x00000007b1980000)
  from space 1536K, 0% used [0x00000007bb980000,0x00000007bb980000,0x00000007bbb00000)
  to   space 11264K, 0% used [0x00000007ba500000,0x00000007ba500000,0x00000007bb000000)
 ParOldGen       total 175104K, used 11418K [0x0000000740000000, 0x000000074ab00000, 0x0000000795580000)
  object space 175104K, 6% used [0x0000000740000000,0x0000000740b26860,0x000000074ab00000)
 Metaspace       used 20258K, capacity 20592K, committed 20736K, reserved 1067008K
  class space    used 2390K, capacity 2489K, committed 2560K, reserved 1048576K
}

