# JRE version: Java(TM) 2 Runtime Environment, Standard Edition (8.0_121-b13) (build 1.8.0_121-b13 14_Feb_2017_06_58 Mac OS X x64(SR4 FP1))
# Java VM: Java HotSpot(TM) 64-Bit Server VM (25.121-b13 mixed mode bsd-amd64 compressed oops)
Heap:
 PSYoungGen      total 467456K, used 9167K [0x0000000795580000, 0x00000007bbd80000, 0x00000007c0000000)
  eden space 464384K, 1% used [0x0000000795580000,0x0000000795e73f90,0x00000007b1b00000)
  from space 3072K, 0% used [0x00000007bba80000,0x00000007bba80000,0x00000007bbd80000)
  to   space 10240K, 0% used [0x00000007ba980000,0x00000007ba980000,0x00000007bb380000)
 ParOldGen       total 175104K, used 12713K [0x0000000740000000, 0x000000074ab00000, 0x0000000795580000)
  object space 175104K, 7% used [0x0000000740000000,0x0000000740c6a410,0x000000074ab00000)
 Metaspace       used 20283K, capacity 20656K, committed 20736K, reserved 1067008K
  class space    used 2385K, capacity 2489K, committed 2560K, reserved 1048576K
GC Heap History (10 events):
Event: 32.208 GC heap before
{Heap before GC invocations=26 (full 3):
 PSYoungGen      total 537088K, used 537056K [0x0000000795580000, 0x00000007bd480000, 0x00000007c0000000)
  eden space 530944K, 100% used [0x0000000795580000,0x00000007b5c00000,0x00000007b5c00000)
  from space 6144K, 99% used [0x00000007bce80000,0x00000007bd478010,0x00000007bd480000)
  to   space 11776K, 0% used [0x00000007bbd80000,0x00000007bbd80000,0x00000007bc900000)
 ParOldGen       total 175104K, used 12614K [0x0000000740000000, 0x000000074ab00000, 0x0000000795580000)
  object space 175104K, 7% used [0x0000000740000000,0x0000000740c519b8,0x000000074ab00000)
 Metaspace       used 20212K, capacity 20520K, committed 20736K, reserved 1067008K
  class space    used 2378K, capacity 2477K, committed 2560K, reserved 1048576K
Event: 32.215 GC heap after
Heap after GC invocations=26 (full 3):
 PSYoungGen      total 511488K, used 3968K [0x0000000795580000, 0x00000007bcf00000, 0x00000007c0000000)
  eden space 507392K, 0% used [0x0000000795580000,0x0000000795580000,0x00000007b4500000)
  from space 4096K, 96% used [0x00000007bbd80000,0x00000007bc160000,0x00000007bc180000)
  to   space 11264K, 0% used [0x00000007bc400000,0x00000007bc400000,0x00000007bcf00000)
 ParOldGen       total 175104K, used 17030K [0x0000000740000000, 0x000000074ab00000, 0x0000000795580000)
  object space 175104K, 9% used [0x0000000740000000,0x00000007410a19d8,0x000000074ab00000)
 Metaspace       used 20212K, capacity 20520K, committed 20736K, reserved 1067008K
  class space    used 2378K, capacity 2477K, committed 2560K, reserved 1048576K
}
Event: 32.781 GC heap before
{Heap before GC invocations=27 (full 3):
 PSYoungGen      total 511488K, used 511360K [0x0000000795580000, 0x00000007bcf00000, 0x00000007c0000000)
  eden space 507392K, 100% used [0x0000000795580000,0x00000007b4500000,0x00000007b4500000)
  from space 4096K, 96% used [0x00000007bbd80000,0x00000007bc160000,0x00000007bc180000)
  to   space 11264K, 0% used [0x00000007bc400000,0x00000007bc400000,0x00000007bcf00000)
 ParOldGen       total 175104K, used 17030K [0x0000000740000000, 0x000000074ab00000, 0x0000000795580000)
  object space 175104K, 9% used [0x0000000740000000,0x00000007410a19d8,0x000000074ab00000)
 Metaspace       used 20215K, capacity 20520K, committed 20736K, reserved 1067008K
  class space    used 2378K, capacity 2477K, committed 2560K, reserved 1048576K
Event: 32.784 GC heap after
Heap after GC invocations=27 (full 3):
 PSYoungGen      total 489472K, used 3776K [0x0000000795580000, 0x00000007bc800000, 0x00000007c0000000)
  eden space 485376K, 0% used [0x0000000795580000,0x0000000795580000,0x00000007b2f80000)
  from space 4096K, 92% used [0x00000007bc400000,0x00000007bc7b0000,0x00000007bc800000)
  to   space 10752K, 0% used [0x00000007bb300000,0x00000007bb300000,0x00000007bbd80000)
 ParOldGen       total 175104K, used 17078K [0x0000000740000000, 0x000000074ab00000, 0x0000000795580000)
  object space 175104K, 9% used [0x0000000740000000,0x00000007410ad9d8,0x000000074ab00000)
 Metaspace       used 20215K, capacity 20520K, committed 20736K, reserved 1067008K
  class space    used 2378K, capacity 2477K, committed 2560K, reserved 1048576K
}
Event: 33.316 GC heap before
{Heap before GC invocations=28 (full 3):
 PSYoungGen      total 489472K, used 489152K [0x0000000795580000, 0x00000007bc800000, 0x00000007c0000000)
  eden space 485376K, 100% used [0x0000000795580000,0x00000007b2f80000,0x00000007b2f80000)
  from space 4096K, 92% used [0x00000007bc400000,0x00000007bc7b0000,0x00000007bc800000)
  to   space 10752K, 0% used [0x00000007bb300000,0x00000007bb300000,0x00000007bbd80000)
 ParOldGen       total 175104K, used 17078K [0x0000000740000000, 0x000000074ab00000, 0x0000000795580000)
  object space 175104K, 9% used [0x0000000740000000,0x00000007410ad9d8,0x000000074ab00000)
 Metaspace       used 20215K, capacity 20520K, committed 20736K, reserved 1067008K
  class space    used 2378K, capacity 2477K, committed 2560K, reserved 1048576K
Event: 33.319 GC heap after
Heap after GC invocations=28 (full 3):
 PSYoungGen      total 468480K, used 3776K [0x0000000795580000, 0x00000007bc480000, 0x00000007c0000000)
  eden space 464384K, 0% used [0x0000000795580000,0x0000000795580000,0x00000007b1b00000)
  from space 4096K, 92% used [0x00000007bb300000,0x00000007bb6b0000,0x00000007bb700000)
  to   space 10240K, 0% used [0x00000007bba80000,0x00000007bba80000,0x00000007bc480000)
 ParOldGen       total 175104K, used 17150K [0x0000000740000000, 0x000000074ab00000, 0x0000000795580000)
  object space 175104K, 9% used [0x0000000740000000,0x00000007410bf9d8,0x000000074ab00000)
 Metaspace       used 20215K, capacity 20520K, committed 20736K, reserved 1067008K
  class space    used 2378K, capacity 2477K, committed 2560K, reserved 1048576K
}
Event: 33.766 GC heap before
{Heap before GC invocations=29 (full 3):
 PSYoungGen      total 468480K, used 391134K [0x0000000795580000, 0x00000007bc480000, 0x00000007c0000000)
  eden space 464384K, 83% used [0x0000000795580000,0x00000007acfc7ad8,0x00000007b1b00000)
  from space 4096K, 92% used [0x00000007bb300000,0x00000007bb6b0000,0x00000007bb700000)
  to   space 10240K, 0% used [0x00000007bba80000,0x00000007bba80000,0x00000007bc480000)
 ParOldGen       total 175104K, used 17150K [0x0000000740000000, 0x000000074ab00000, 0x0000000795580000)
  object space 175104K, 9% used [0x0000000740000000,0x00000007410bf9d8,0x000000074ab00000)
 Metaspace       used 20283K, capacity 20656K, committed 20736K, reserved 1067008K
  class space    used 2385K, capacity 2489K, committed 2560K, reserved 1048576K
Event: 33.769 GC heap after
Heap after GC invocations=29 (full 3):
 PSYoungGen      total 467456K, used 2624K [0x0000000795580000, 0x00000007bbd80000, 0x00000007c0000000)
  eden space 464384K, 0% used [0x0000000795580000,0x0000000795580000,0x00000007b1b00000)
  from space 3072K, 85% used [0x00000007bba80000,0x00000007bbd10000,0x00000007bbd80000)
  to   space 10240K, 0% used [0x00000007ba980000,0x00000007ba980000,0x00000007bb380000)
 ParOldGen       total 175104K, used 17214K [0x0000000740000000, 0x000000074ab00000, 0x0000000795580000)
  object space 175104K, 9% used [0x0000000740000000,0x00000007410cf9d8,0x000000074ab00000)
 Metaspace       used 20283K, capacity 20656K, committed 20736K, reserved 1067008K
  class space    used 2385K, capacity 2489K, committed 2560K, reserved 1048576K
}
Event: 33.769 GC heap before
{Heap before GC invocations=30 (full 4):
 PSYoungGen      total 467456K, used 2624K [0x0000000795580000, 0x00000007bbd80000, 0x00000007c0000000)
  eden space 464384K, 0% used [0x0000000795580000,0x0000000795580000,0x00000007b1b00000)
  from space 3072K, 85% used [0x00000007bba80000,0x00000007bbd10000,0x00000007bbd80000)
  to   space 10240K, 0% used [0x00000007ba980000,0x00000007ba980000,0x00000007bb380000)
 ParOldGen       total 175104K, used 17214K [0x0000000740000000, 0x000000074ab00000, 0x0000000795580000)
  object space 175104K, 9% used [0x0000000740000000,0x00000007410cf9d8,0x000000074ab00000)
 Metaspace       used 20283K, capacity 20656K, committed 20736K, reserved 1067008K
  class space    used 2385K, capacity 2489K, committed 2560K, reserved 1048576K
Event: 33.809 GC heap after
Heap after GC invocations=30 (full 4):
 PSYoungGen      total 467456K, used 0K [0x0000000795580000, 0x00000007bbd80000, 0x00000007c0000000)
  eden space 464384K, 0% used [0x0000000795580000,0x0000000795580000,0x00000007b1b00000)
  from space 3072K, 0% used [0x00000007bba80000,0x00000007bba80000,0x00000007bbd80000)
  to   space 10240K, 0% used [0x00000007ba980000,0x00000007ba980000,0x00000007bb380000)
 ParOldGen       total 175104K, used 12713K [0x0000000740000000, 0x000000074ab00000, 0x0000000795580000)
  object space 175104K, 7% used [0x0000000740000000,0x0000000740c6a410,0x000000074ab00000)
 Metaspace       used 20283K, capacity 20656K, committed 20736K, reserved 1067008K
  class space    used 2385K, capacity 2489K, committed 2560K, reserved 1048576K
}

