# JRE version: Java(TM) 2 Runtime Environment, Standard Edition (8.0_121-b13) (build 1.8.0_121-b13 14_Feb_2017_06_58 Mac OS X x64(SR4 FP1))
# Java VM: Java HotSpot(TM) 64-Bit Server VM (25.121-b13 mixed mode bsd-amd64 compressed oops)
Heap:
 PSYoungGen      total 164352K, used 3236K [0x0000000795580000, 0x00000007ace80000, 0x00000007c0000000)
  eden space 163328K, 1% used [0x0000000795580000,0x00000007958a9018,0x000000079f500000)
  from space 1024K, 0% used [0x00000007acd80000,0x00000007acd80000,0x00000007ace80000)
  to   space 3072K, 0% used [0x00000007ac880000,0x00000007ac880000,0x00000007acb80000)
 ParOldGen       total 175104K, used 20385K [0x0000000740000000, 0x000000074ab00000, 0x0000000795580000)
  object space 175104K, 11% used [0x0000000740000000,0x00000007413e86b0,0x000000074ab00000)
 Metaspace       used 20715K, capacity 21138K, committed 21248K, reserved 1069056K
  class space    used 2402K, capacity 2516K, committed 2560K, reserved 1048576K
GC Heap History (10 events):
Event: 222.201 GC heap before
{Heap before GC invocations=154 (full 11):
 PSYoungGen      total 183296K, used 183296K [0x0000000795580000, 0x00000007ad400000, 0x00000007c0000000)
  eden space 181760K, 100% used [0x0000000795580000,0x00000007a0700000,0x00000007a0700000)
  from space 1536K, 100% used [0x00000007ad280000,0x00000007ad400000,0x00000007ad400000)
  to   space 3072K, 0% used [0x00000007ace00000,0x00000007ace00000,0x00000007ad100000)
 ParOldGen       total 175104K, used 26166K [0x0000000740000000, 0x000000074ab00000, 0x0000000795580000)
  object space 175104K, 14% used [0x0000000740000000,0x000000074198d828,0x000000074ab00000)
 Metaspace       used 20715K, capacity 21138K, committed 21248K, reserved 1069056K
  class space    used 2402K, capacity 2516K, committed 2560K, reserved 1048576K
Event: 222.204 GC heap after
Heap after GC invocations=154 (full 11):
 PSYoungGen      total 177152K, used 1568K [0x0000000795580000, 0x00000007ad300000, 0x00000007c0000000)
  eden space 175104K, 0% used [0x0000000795580000,0x0000000795580000,0x00000007a0080000)
  from space 2048K, 76% used [0x00000007ace00000,0x00000007acf88000,0x00000007ad000000)
  to   space 3072K, 0% used [0x00000007ad000000,0x00000007ad000000,0x00000007ad300000)
 ParOldGen       total 175104K, used 26222K [0x0000000740000000, 0x000000074ab00000, 0x0000000795580000)
  object space 175104K, 14% used [0x0000000740000000,0x000000074199b828,0x000000074ab00000)
 Metaspace       used 20715K, capacity 21138K, committed 21248K, reserved 1069056K
  class space    used 2402K, capacity 2516K, committed 2560K, reserved 1048576K
}
Event: 222.419 GC heap before
{Heap before GC invocations=155 (full 11):
 PSYoungGen      total 177152K, used 176672K [0x0000000795580000, 0x00000007ad300000, 0x00000007c0000000)
  eden space 175104K, 100% used [0x0000000795580000,0x00000007a0080000,0x00000007a0080000)
  from space 2048K, 76% used [0x00000007ace00000,0x00000007acf88000,0x00000007ad000000)
  to   space 3072K, 0% used [0x00000007ad000000,0x00000007ad000000,0x00000007ad300000)
 ParOldGen       total 175104K, used 26222K [0x0000000740000000, 0x000000074ab00000, 0x0000000795580000)
  object space 175104K, 14% used [0x0000000740000000,0x000000074199b828,0x000000074ab00000)
 Metaspace       used 20715K, capacity 21138K, committed 21248K, reserved 1069056K
  class space    used 2402K, capacity 2516K, committed 2560K, reserved 1048576K
Event: 222.420 GC heap after
Heap after GC invocations=155 (full 11):
 PSYoungGen      total 170496K, used 1312K [0x0000000795580000, 0x00000007ad180000, 0x00000007c0000000)
  eden space 168960K, 0% used [0x0000000795580000,0x0000000795580000,0x000000079fa80000)
  from space 1536K, 85% used [0x00000007ad000000,0x00000007ad148000,0x00000007ad180000)
  to   space 3072K, 0% used [0x00000007acb80000,0x00000007acb80000,0x00000007ace80000)
 ParOldGen       total 175104K, used 26262K [0x0000000740000000, 0x000000074ab00000, 0x0000000795580000)
  object space 175104K, 14% used [0x0000000740000000,0x00000007419a5828,0x000000074ab00000)
 Metaspace       used 20715K, capacity 21138K, committed 21248K, reserved 1069056K
  class space    used 2402K, capacity 2516K, committed 2560K, reserved 1048576K
}
Event: 222.642 GC heap before
{Heap before GC invocations=156 (full 11):
 PSYoungGen      total 170496K, used 170272K [0x0000000795580000, 0x00000007ad180000, 0x00000007c0000000)
  eden space 168960K, 100% used [0x0000000795580000,0x000000079fa80000,0x000000079fa80000)
  from space 1536K, 85% used [0x00000007ad000000,0x00000007ad148000,0x00000007ad180000)
  to   space 3072K, 0% used [0x00000007acb80000,0x00000007acb80000,0x00000007ace80000)
 ParOldGen       total 175104K, used 26262K [0x0000000740000000, 0x000000074ab00000, 0x0000000795580000)
  object space 175104K, 14% used [0x0000000740000000,0x00000007419a5828,0x000000074ab00000)
 Metaspace       used 20715K, capacity 21138K, committed 21248K, reserved 1069056K
  class space    used 2402K, capacity 2516K, committed 2560K, reserved 1048576K
Event: 222.644 GC heap after
Heap after GC invocations=156 (full 11):
 PSYoungGen      total 164864K, used 1376K [0x0000000795580000, 0x00000007ad080000, 0x00000007c0000000)
  eden space 163328K, 0% used [0x0000000795580000,0x0000000795580000,0x000000079f500000)
  from space 1536K, 89% used [0x00000007acb80000,0x00000007accd8000,0x00000007acd00000)
  to   space 3072K, 0% used [0x00000007acd80000,0x00000007acd80000,0x00000007ad080000)
 ParOldGen       total 175104K, used 26326K [0x0000000740000000, 0x000000074ab00000, 0x0000000795580000)
  object space 175104K, 15% used [0x0000000740000000,0x00000007419b5828,0x000000074ab00000)
 Metaspace       used 20715K, capacity 21138K, committed 21248K, reserved 1069056K
  class space    used 2402K, capacity 2516K, committed 2560K, reserved 1048576K
}
Event: 222.816 GC heap before
{Heap before GC invocations=157 (full 11):
 PSYoungGen      total 164864K, used 131928K [0x0000000795580000, 0x00000007ad080000, 0x00000007c0000000)
  eden space 163328K, 79% used [0x0000000795580000,0x000000079d4fe0a0,0x000000079f500000)
  from space 1536K, 89% used [0x00000007acb80000,0x00000007accd8000,0x00000007acd00000)
  to   space 3072K, 0% used [0x00000007acd80000,0x00000007acd80000,0x00000007ad080000)
 ParOldGen       total 175104K, used 26326K [0x0000000740000000, 0x000000074ab00000, 0x0000000795580000)
  object space 175104K, 15% used [0x0000000740000000,0x00000007419b5828,0x000000074ab00000)
 Metaspace       used 20715K, capacity 21138K, committed 21248K, reserved 1069056K
  class space    used 2402K, capacity 2516K, committed 2560K, reserved 1048576K
Event: 222.817 GC heap after
Heap after GC invocations=157 (full 11):
 PSYoungGen      total 164352K, used 800K [0x0000000795580000, 0x00000007ace80000, 0x00000007c0000000)
  eden space 163328K, 0% used [0x0000000795580000,0x0000000795580000,0x000000079f500000)
  from space 1024K, 78% used [0x00000007acd80000,0x00000007ace48000,0x00000007ace80000)
  to   space 3072K, 0% used [0x00000007ac880000,0x00000007ac880000,0x00000007acb80000)
 ParOldGen       total 175104K, used 26382K [0x0000000740000000, 0x000000074ab00000, 0x0000000795580000)
  object space 175104K, 15% used [0x0000000740000000,0x00000007419c3828,0x000000074ab00000)
 Metaspace       used 20715K, capacity 21138K, committed 21248K, reserved 1069056K
  class space    used 2402K, capacity 2516K, committed 2560K, reserved 1048576K
}
Event: 222.817 GC heap before
{Heap before GC invocations=158 (full 12):
 PSYoungGen      total 164352K, used 800K [0x0000000795580000, 0x00000007ace80000, 0x00000007c0000000)
  eden space 163328K, 0% used [0x0000000795580000,0x0000000795580000,0x000000079f500000)
  from space 1024K, 78% used [0x00000007acd80000,0x00000007ace48000,0x00000007ace80000)
  to   space 3072K, 0% used [0x00000007ac880000,0x00000007ac880000,0x00000007acb80000)
 ParOldGen       total 175104K, used 26382K [0x0000000740000000, 0x000000074ab00000, 0x0000000795580000)
  object space 175104K, 15% used [0x0000000740000000,0x00000007419c3828,0x000000074ab00000)
 Metaspace       used 20715K, capacity 21138K, committed 21248K, reserved 1069056K
  class space    used 2402K, capacity 2516K, committed 2560K, reserved 1048576K
Event: 222.859 GC heap after
Heap after GC invocations=158 (full 12):
 PSYoungGen      total 164352K, used 0K [0x0000000795580000, 0x00000007ace80000, 0x00000007c0000000)
  eden space 163328K, 0% used [0x0000000795580000,0x0000000795580000,0x000000079f500000)
  from space 1024K, 0% used [0x00000007acd80000,0x00000007acd80000,0x00000007ace80000)
  to   space 3072K, 0% used [0x00000007ac880000,0x00000007ac880000,0x00000007acb80000)
 ParOldGen       total 175104K, used 20385K [0x0000000740000000, 0x000000074ab00000, 0x0000000795580000)
  object space 175104K, 11% used [0x0000000740000000,0x00000007413e86b0,0x000000074ab00000)
 Metaspace       used 20715K, capacity 21138K, committed 21248K, reserved 1069056K
  class space    used 2402K, capacity 2516K, committed 2560K, reserved 1048576K
}

