# JRE version: Java(TM) 2 Runtime Environment, Standard Edition (8.0_121-b13) (build 1.8.0_121-b13 14_Feb_2017_06_58 Mac OS X x64(SR4 FP1))
# Java VM: Java HotSpot(TM) 64-Bit Server VM (25.121-b13 mixed mode bsd-amd64 compressed oops)
Heap:
 PSYoungGen      total 134144K, used 2671K [0x0000000795580000, 0x00000007ad380000, 0x00000007c0000000)
  eden space 133632K, 1% used [0x0000000795580000,0x000000079581be90,0x000000079d800000)
  from space 512K, 0% used [0x00000007ad300000,0x00000007ad300000,0x00000007ad380000)
  to   space 2560K, 0% used [0x00000007ace80000,0x00000007ace80000,0x00000007ad100000)
 ParOldGen       total 175104K, used 19888K [0x0000000740000000, 0x000000074ab00000, 0x0000000795580000)
  object space 175104K, 11% used [0x0000000740000000,0x000000074136c198,0x000000074ab00000)
 Metaspace       used 20718K, capacity 21138K, committed 21248K, reserved 1069056K
  class space    used 2402K, capacity 2516K, committed 2560K, reserved 1048576K
GC Heap History (10 events):
Event: 219.138 GC heap before
{Heap before GC invocations=156 (full 11):
 PSYoungGen      total 149504K, used 149312K [0x0000000795580000, 0x00000007ad880000, 0x00000007c0000000)
  eden space 147968K, 100% used [0x0000000795580000,0x000000079e600000,0x000000079e600000)
  from space 1536K, 87% used [0x00000007ad700000,0x00000007ad850000,0x00000007ad880000)
  to   space 2560K, 0% used [0x00000007ad380000,0x00000007ad380000,0x00000007ad600000)
 ParOldGen       total 175104K, used 26424K [0x0000000740000000, 0x000000074ab00000, 0x0000000795580000)
  object space 175104K, 15% used [0x0000000740000000,0x00000007419ce2d8,0x000000074ab00000)
 Metaspace       used 20718K, capacity 21138K, committed 21248K, reserved 1069056K
  class space    used 2402K, capacity 2516K, committed 2560K, reserved 1048576K
Event: 219.140 GC heap after
Heap after GC invocations=156 (full 11):
 PSYoungGen      total 144384K, used 1088K [0x0000000795580000, 0x00000007ad780000, 0x00000007c0000000)
  eden space 142848K, 0% used [0x0000000795580000,0x0000000795580000,0x000000079e100000)
  from space 1536K, 70% used [0x00000007ad380000,0x00000007ad490000,0x00000007ad500000)
  to   space 2560K, 0% used [0x00000007ad500000,0x00000007ad500000,0x00000007ad780000)
 ParOldGen       total 175104K, used 26472K [0x0000000740000000, 0x000000074ab00000, 0x0000000795580000)
  object space 175104K, 15% used [0x0000000740000000,0x00000007419da2d8,0x000000074ab00000)
 Metaspace       used 20718K, capacity 21138K, committed 21248K, reserved 1069056K
  class space    used 2402K, capacity 2516K, committed 2560K, reserved 1048576K
}
Event: 219.293 GC heap before
{Heap before GC invocations=157 (full 11):
 PSYoungGen      total 144384K, used 143936K [0x0000000795580000, 0x00000007ad780000, 0x00000007c0000000)
  eden space 142848K, 100% used [0x0000000795580000,0x000000079e100000,0x000000079e100000)
  from space 1536K, 70% used [0x00000007ad380000,0x00000007ad490000,0x00000007ad500000)
  to   space 2560K, 0% used [0x00000007ad500000,0x00000007ad500000,0x00000007ad780000)
 ParOldGen       total 175104K, used 26472K [0x0000000740000000, 0x000000074ab00000, 0x0000000795580000)
  object space 175104K, 15% used [0x0000000740000000,0x00000007419da2d8,0x000000074ab00000)
 Metaspace       used 20718K, capacity 21138K, committed 21248K, reserved 1069056K
  class space    used 2402K, capacity 2516K, committed 2560K, reserved 1048576K
Event: 219.295 GC heap after
Heap after GC invocations=157 (full 11):
 PSYoungGen      total 139776K, used 1216K [0x0000000795580000, 0x00000007ad680000, 0x00000007c0000000)
  eden space 138240K, 0% used [0x0000000795580000,0x0000000795580000,0x000000079dc80000)
  from space 1536K, 79% used [0x00000007ad500000,0x00000007ad630000,0x00000007ad680000)
  to   space 2560K, 0% used [0x00000007ad180000,0x00000007ad180000,0x00000007ad400000)
 ParOldGen       total 175104K, used 26536K [0x0000000740000000, 0x000000074ab00000, 0x0000000795580000)
  object space 175104K, 15% used [0x0000000740000000,0x00000007419ea2d8,0x000000074ab00000)
 Metaspace       used 20718K, capacity 21138K, committed 21248K, reserved 1069056K
  class space    used 2402K, capacity 2516K, committed 2560K, reserved 1048576K
}
Event: 219.452 GC heap before
{Heap before GC invocations=158 (full 11):
 PSYoungGen      total 139776K, used 139456K [0x0000000795580000, 0x00000007ad680000, 0x00000007c0000000)
  eden space 138240K, 100% used [0x0000000795580000,0x000000079dc80000,0x000000079dc80000)
  from space 1536K, 79% used [0x00000007ad500000,0x00000007ad630000,0x00000007ad680000)
  to   space 2560K, 0% used [0x00000007ad180000,0x00000007ad180000,0x00000007ad400000)
 ParOldGen       total 175104K, used 26536K [0x0000000740000000, 0x000000074ab00000, 0x0000000795580000)
  object space 175104K, 15% used [0x0000000740000000,0x00000007419ea2d8,0x000000074ab00000)
 Metaspace       used 20718K, capacity 21138K, committed 21248K, reserved 1069056K
  class space    used 2402K, capacity 2516K, committed 2560K, reserved 1048576K
Event: 219.454 GC heap after
Heap after GC invocations=158 (full 11):
 PSYoungGen      total 134656K, used 1024K [0x0000000795580000, 0x00000007ad580000, 0x00000007c0000000)
  eden space 133632K, 0% used [0x0000000795580000,0x0000000795580000,0x000000079d800000)
  from space 1024K, 100% used [0x00000007ad180000,0x00000007ad280000,0x00000007ad280000)
  to   space 2560K, 0% used [0x00000007ad300000,0x00000007ad300000,0x00000007ad580000)
 ParOldGen       total 175104K, used 26592K [0x0000000740000000, 0x000000074ab00000, 0x0000000795580000)
  object space 175104K, 15% used [0x0000000740000000,0x00000007419f82d8,0x000000074ab00000)
 Metaspace       used 20718K, capacity 21138K, committed 21248K, reserved 1069056K
  class space    used 2402K, capacity 2516K, committed 2560K, reserved 1048576K
}
Event: 219.483 GC heap before
{Heap before GC invocations=159 (full 11):
 PSYoungGen      total 134656K, used 14382K [0x0000000795580000, 0x00000007ad580000, 0x00000007c0000000)
  eden space 133632K, 9% used [0x0000000795580000,0x000000079628b930,0x000000079d800000)
  from space 1024K, 100% used [0x00000007ad180000,0x00000007ad280000,0x00000007ad280000)
  to   space 2560K, 0% used [0x00000007ad300000,0x00000007ad300000,0x00000007ad580000)
 ParOldGen       total 175104K, used 26592K [0x0000000740000000, 0x000000074ab00000, 0x0000000795580000)
  object space 175104K, 15% used [0x0000000740000000,0x00000007419f82d8,0x000000074ab00000)
 Metaspace       used 20718K, capacity 21138K, committed 21248K, reserved 1069056K
  class space    used 2402K, capacity 2516K, committed 2560K, reserved 1048576K
Event: 219.484 GC heap after
Heap after GC invocations=159 (full 11):
 PSYoungGen      total 134144K, used 192K [0x0000000795580000, 0x00000007ad380000, 0x00000007c0000000)
  eden space 133632K, 0% used [0x0000000795580000,0x0000000795580000,0x000000079d800000)
  from space 512K, 37% used [0x00000007ad300000,0x00000007ad330000,0x00000007ad380000)
  to   space 2560K, 0% used [0x00000007ace80000,0x00000007ace80000,0x00000007ad100000)
 ParOldGen       total 175104K, used 26688K [0x0000000740000000, 0x000000074ab00000, 0x0000000795580000)
  object space 175104K, 15% used [0x0000000740000000,0x0000000741a102d8,0x000000074ab00000)
 Metaspace       used 20718K, capacity 21138K, committed 21248K, reserved 1069056K
  class space    used 2402K, capacity 2516K, committed 2560K, reserved 1048576K
}
Event: 219.484 GC heap before
{Heap before GC invocations=160 (full 12):
 PSYoungGen      total 134144K, used 192K [0x0000000795580000, 0x00000007ad380000, 0x00000007c0000000)
  eden space 133632K, 0% used [0x0000000795580000,0x0000000795580000,0x000000079d800000)
  from space 512K, 37% used [0x00000007ad300000,0x00000007ad330000,0x00000007ad380000)
  to   space 2560K, 0% used [0x00000007ace80000,0x00000007ace80000,0x00000007ad100000)
 ParOldGen       total 175104K, used 26688K [0x0000000740000000, 0x000000074ab00000, 0x0000000795580000)
  object space 175104K, 15% used [0x0000000740000000,0x0000000741a102d8,0x000000074ab00000)
 Metaspace       used 20718K, capacity 21138K, committed 21248K, reserved 1069056K
  class space    used 2402K, capacity 2516K, committed 2560K, reserved 1048576K
Event: 219.530 GC heap after
Heap after GC invocations=160 (full 12):
 PSYoungGen      total 134144K, used 0K [0x0000000795580000, 0x00000007ad380000, 0x00000007c0000000)
  eden space 133632K, 0% used [0x0000000795580000,0x0000000795580000,0x000000079d800000)
  from space 512K, 0% used [0x00000007ad300000,0x00000007ad300000,0x00000007ad380000)
  to   space 2560K, 0% used [0x00000007ace80000,0x00000007ace80000,0x00000007ad100000)
 ParOldGen       total 175104K, used 19888K [0x0000000740000000, 0x000000074ab00000, 0x0000000795580000)
  object space 175104K, 11% used [0x0000000740000000,0x000000074136c198,0x000000074ab00000)
 Metaspace       used 20718K, capacity 21138K, committed 21248K, reserved 1069056K
  class space    used 2402K, capacity 2516K, committed 2560K, reserved 1048576K
}

