# JRE version: Java(TM) 2 Runtime Environment, Standard Edition (8.0_121-b13) (build 1.8.0_121-b13 14_Feb_2017_06_58 Mac OS X x64(SR4 FP1))
# Java VM: Java HotSpot(TM) 64-Bit Server VM (25.121-b13 mixed mode bsd-amd64 compressed oops)
Heap:
 PSYoungGen      total 254464K, used 4989K [0x0000000795580000, 0x00000007b0900000, 0x00000007c0000000)
  eden space 252928K, 1% used [0x0000000795580000,0x0000000795a5f708,0x00000007a4c80000)
  from space 1536K, 0% used [0x00000007afb80000,0x00000007afb80000,0x00000007afd00000)
  to   space 7680K, 0% used [0x00000007b0180000,0x00000007b0180000,0x00000007b0900000)
 ParOldGen       total 175104K, used 11782K [0x0000000740000000, 0x000000074ab00000, 0x0000000795580000)
  object space 175104K, 6% used [0x0000000740000000,0x0000000740b818c8,0x000000074ab00000)
 Metaspace       used 20301K, capacity 20656K, committed 20736K, reserved 1067008K
  class space    used 2385K, capacity 2489K, committed 2560K, reserved 1048576K
GC Heap History (10 events):
Event: 38.662 GC heap before
{Heap before GC invocations=35 (full 3):
 PSYoungGen      total 287744K, used 287424K [0x0000000795580000, 0x00000007b1880000, 0x00000007c0000000)
  eden space 285184K, 100% used [0x0000000795580000,0x00000007a6c00000,0x00000007a6c00000)
  from space 2560K, 87% used [0x00000007b0880000,0x00000007b0ab0000,0x00000007b0b00000)
  to   space 8704K, 0% used [0x00000007b1000000,0x00000007b1000000,0x00000007b1880000)
 ParOldGen       total 175104K, used 16637K [0x0000000740000000, 0x000000074ab00000, 0x0000000795580000)
  object space 175104K, 9% used [0x0000000740000000,0x000000074103f428,0x000000074ab00000)
 Metaspace       used 20240K, capacity 20520K, committed 20736K, reserved 1067008K
  class space    used 2378K, capacity 2477K, committed 2560K, reserved 1048576K
Event: 38.665 GC heap after
Heap after GC invocations=35 (full 3):
 PSYoungGen      total 276480K, used 2208K [0x0000000795580000, 0x00000007b1280000, 0x00000007c0000000)
  eden space 273920K, 0% used [0x0000000795580000,0x0000000795580000,0x00000007a6100000)
  from space 2560K, 86% used [0x00000007b1000000,0x00000007b1228000,0x00000007b1280000)
  to   space 8192K, 0% used [0x00000007b0280000,0x00000007b0280000,0x00000007b0a80000)
 ParOldGen       total 175104K, used 16685K [0x0000000740000000, 0x000000074ab00000, 0x0000000795580000)
  object space 175104K, 9% used [0x0000000740000000,0x000000074104b428,0x000000074ab00000)
 Metaspace       used 20240K, capacity 20520K, committed 20736K, reserved 1067008K
  class space    used 2378K, capacity 2477K, committed 2560K, reserved 1048576K
}
Event: 38.968 GC heap before
{Heap before GC invocations=36 (full 3):
 PSYoungGen      total 276480K, used 276128K [0x0000000795580000, 0x00000007b1280000, 0x00000007c0000000)
  eden space 273920K, 100% used [0x0000000795580000,0x00000007a6100000,0x00000007a6100000)
  from space 2560K, 86% used [0x00000007b1000000,0x00000007b1228000,0x00000007b1280000)
  to   space 8192K, 0% used [0x00000007b0280000,0x00000007b0280000,0x00000007b0a80000)
 ParOldGen       total 175104K, used 16685K [0x0000000740000000, 0x000000074ab00000, 0x0000000795580000)
  object space 175104K, 9% used [0x0000000740000000,0x000000074104b428,0x000000074ab00000)
 Metaspace       used 20240K, capacity 20520K, committed 20736K, reserved 1067008K
  class space    used 2378K, capacity 2477K, committed 2560K, reserved 1048576K
Event: 38.970 GC heap after
Heap after GC invocations=36 (full 3):
 PSYoungGen      total 265728K, used 2176K [0x0000000795580000, 0x00000007b1080000, 0x00000007c0000000)
  eden space 263168K, 0% used [0x0000000795580000,0x0000000795580000,0x00000007a5680000)
  from space 2560K, 85% used [0x00000007b0280000,0x00000007b04a0000,0x00000007b0500000)
  to   space 8192K, 0% used [0x00000007b0880000,0x00000007b0880000,0x00000007b1080000)
 ParOldGen       total 175104K, used 16765K [0x0000000740000000, 0x000000074ab00000, 0x0000000795580000)
  object space 175104K, 9% used [0x0000000740000000,0x000000074105f428,0x000000074ab00000)
 Metaspace       used 20240K, capacity 20520K, committed 20736K, reserved 1067008K
  class space    used 2378K, capacity 2477K, committed 2560K, reserved 1048576K
}
Event: 39.274 GC heap before
{Heap before GC invocations=37 (full 3):
 PSYoungGen      total 265728K, used 265344K [0x0000000795580000, 0x00000007b1080000, 0x00000007c0000000)
  eden space 263168K, 100% used [0x0000000795580000,0x00000007a5680000,0x00000007a5680000)
  from space 2560K, 85% used [0x00000007b0280000,0x00000007b04a0000,0x00000007b0500000)
  to   space 8192K, 0% used [0x00000007b0880000,0x00000007b0880000,0x00000007b1080000)
 ParOldGen       total 175104K, used 16765K [0x0000000740000000, 0x000000074ab00000, 0x0000000795580000)
  object space 175104K, 9% used [0x0000000740000000,0x000000074105f428,0x000000074ab00000)
 Metaspace       used 20241K, capacity 20584K, committed 20736K, reserved 1067008K
  class space    used 2378K, capacity 2477K, committed 2560K, reserved 1048576K
Event: 39.276 GC heap after
Heap after GC invocations=37 (full 3):
 PSYoungGen      total 254976K, used 1984K [0x0000000795580000, 0x00000007b0a80000, 0x00000007c0000000)
  eden space 252928K, 0% used [0x0000000795580000,0x0000000795580000,0x00000007a4c80000)
  from space 2048K, 96% used [0x00000007b0880000,0x00000007b0a70000,0x00000007b0a80000)
  to   space 7680K, 0% used [0x00000007afb80000,0x00000007afb80000,0x00000007b0300000)
 ParOldGen       total 175104K, used 16805K [0x0000000740000000, 0x000000074ab00000, 0x0000000795580000)
  object space 175104K, 9% used [0x0000000740000000,0x0000000741069428,0x000000074ab00000)
 Metaspace       used 20241K, capacity 20584K, committed 20736K, reserved 1067008K
  class space    used 2378K, capacity 2477K, committed 2560K, reserved 1048576K
}
Event: 39.508 GC heap before
{Heap before GC invocations=38 (full 3):
 PSYoungGen      total 254976K, used 192913K [0x0000000795580000, 0x00000007b0a80000, 0x00000007c0000000)
  eden space 252928K, 75% used [0x0000000795580000,0x00000007a0ff44a0,0x00000007a4c80000)
  from space 2048K, 96% used [0x00000007b0880000,0x00000007b0a70000,0x00000007b0a80000)
  to   space 7680K, 0% used [0x00000007afb80000,0x00000007afb80000,0x00000007b0300000)
 ParOldGen       total 175104K, used 16805K [0x0000000740000000, 0x000000074ab00000, 0x0000000795580000)
  object space 175104K, 9% used [0x0000000740000000,0x0000000741069428,0x000000074ab00000)
 Metaspace       used 20301K, capacity 20656K, committed 20736K, reserved 1067008K
  class space    used 2385K, capacity 2489K, committed 2560K, reserved 1048576K
Event: 39.510 GC heap after
Heap after GC invocations=38 (full 3):
 PSYoungGen      total 254464K, used 1280K [0x0000000795580000, 0x00000007b0900000, 0x00000007c0000000)
  eden space 252928K, 0% used [0x0000000795580000,0x0000000795580000,0x00000007a4c80000)
  from space 1536K, 83% used [0x00000007afb80000,0x00000007afcc0000,0x00000007afd00000)
  to   space 7680K, 0% used [0x00000007b0180000,0x00000007b0180000,0x00000007b0900000)
 ParOldGen       total 175104K, used 16869K [0x0000000740000000, 0x000000074ab00000, 0x0000000795580000)
  object space 175104K, 9% used [0x0000000740000000,0x0000000741079428,0x000000074ab00000)
 Metaspace       used 20301K, capacity 20656K, committed 20736K, reserved 1067008K
  class space    used 2385K, capacity 2489K, committed 2560K, reserved 1048576K
}
Event: 39.510 GC heap before
{Heap before GC invocations=39 (full 4):
 PSYoungGen      total 254464K, used 1280K [0x0000000795580000, 0x00000007b0900000, 0x00000007c0000000)
  eden space 252928K, 0% used [0x0000000795580000,0x0000000795580000,0x00000007a4c80000)
  from space 1536K, 83% used [0x00000007afb80000,0x00000007afcc0000,0x00000007afd00000)
  to   space 7680K, 0% used [0x00000007b0180000,0x00000007b0180000,0x00000007b0900000)
 ParOldGen       total 175104K, used 16869K [0x0000000740000000, 0x000000074ab00000, 0x0000000795580000)
  object space 175104K, 9% used [0x0000000740000000,0x0000000741079428,0x000000074ab00000)
 Metaspace       used 20301K, capacity 20656K, committed 20736K, reserved 1067008K
  class space    used 2385K, capacity 2489K, committed 2560K, reserved 1048576K
Event: 39.559 GC heap after
Heap after GC invocations=39 (full 4):
 PSYoungGen      total 254464K, used 0K [0x0000000795580000, 0x00000007b0900000, 0x00000007c0000000)
  eden space 252928K, 0% used [0x0000000795580000,0x0000000795580000,0x00000007a4c80000)
  from space 1536K, 0% used [0x00000007afb80000,0x00000007afb80000,0x00000007afd00000)
  to   space 7680K, 0% used [0x00000007b0180000,0x00000007b0180000,0x00000007b0900000)
 ParOldGen       total 175104K, used 11782K [0x0000000740000000, 0x000000074ab00000, 0x0000000795580000)
  object space 175104K, 6% used [0x0000000740000000,0x0000000740b818c8,0x000000074ab00000)
 Metaspace       used 20301K, capacity 20656K, committed 20736K, reserved 1067008K
  class space    used 2385K, capacity 2489K, committed 2560K, reserved 1048576K
}

