# JRE version: Java(TM) 2 Runtime Environment, Standard Edition (8.0_121-b13) (build 1.8.0_121-b13 14_Feb_2017_06_58 Mac OS X x64(SR4 FP1))
# Java VM: Java HotSpot(TM) 64-Bit Server VM (25.121-b13 mixed mode bsd-amd64 compressed oops)
Heap:
 PSYoungGen      total 182784K, used 3629K [0x0000000795580000, 0x00000007ace80000, 0x00000007c0000000)
  eden space 181760K, 1% used [0x0000000795580000,0x000000079590b6c8,0x00000007a0700000)
  from space 1024K, 0% used [0x00000007acd80000,0x00000007acd80000,0x00000007ace80000)
  to   space 3072K, 0% used [0x00000007ac880000,0x00000007ac880000,0x00000007acb80000)
 ParOldGen       total 175104K, used 21254K [0x0000000740000000, 0x000000074ab00000, 0x0000000795580000)
  object space 175104K, 12% used [0x0000000740000000,0x00000007414c1860,0x000000074ab00000)
 Metaspace       used 20712K, capacity 21138K, committed 21248K, reserved 1069056K
  class space    used 2402K, capacity 2516K, committed 2560K, reserved 1048576K
GC Heap History (10 events):
Event: 195.836 GC heap before
{Heap before GC invocations=154 (full 11):
 PSYoungGen      total 205312K, used 204960K [0x0000000795580000, 0x00000007ad400000, 0x00000007c0000000)
  eden space 203264K, 100% used [0x0000000795580000,0x00000007a1c00000,0x00000007a1c00000)
  from space 2048K, 82% used [0x00000007ad200000,0x00000007ad3a8000,0x00000007ad400000)
  to   space 3072K, 0% used [0x00000007ace00000,0x00000007ace00000,0x00000007ad100000)
 ParOldGen       total 175104K, used 27378K [0x0000000740000000, 0x000000074ab00000, 0x0000000795580000)
  object space 175104K, 15% used [0x0000000740000000,0x0000000741abcbd8,0x000000074ab00000)
 Metaspace       used 20712K, capacity 21138K, committed 21248K, reserved 1069056K
  class space    used 2402K, capacity 2516K, committed 2560K, reserved 1048576K
Event: 195.837 GC heap after
Heap after GC invocations=154 (full 11):
 PSYoungGen      total 197632K, used 1728K [0x0000000795580000, 0x00000007ad280000, 0x00000007c0000000)
  eden space 195584K, 0% used [0x0000000795580000,0x0000000795580000,0x00000007a1480000)
  from space 2048K, 84% used [0x00000007ace00000,0x00000007acfb0000,0x00000007ad000000)
  to   space 2560K, 0% used [0x00000007ad000000,0x00000007ad000000,0x00000007ad280000)
 ParOldGen       total 175104K, used 27418K [0x0000000740000000, 0x000000074ab00000, 0x0000000795580000)
  object space 175104K, 15% used [0x0000000740000000,0x0000000741ac6bd8,0x000000074ab00000)
 Metaspace       used 20712K, capacity 21138K, committed 21248K, reserved 1069056K
  class space    used 2402K, capacity 2516K, committed 2560K, reserved 1048576K
}
Event: 196.035 GC heap before
{Heap before GC invocations=155 (full 11):
 PSYoungGen      total 197632K, used 197312K [0x0000000795580000, 0x00000007ad280000, 0x00000007c0000000)
  eden space 195584K, 100% used [0x0000000795580000,0x00000007a1480000,0x00000007a1480000)
  from space 2048K, 84% used [0x00000007ace00000,0x00000007acfb0000,0x00000007ad000000)
  to   space 2560K, 0% used [0x00000007ad000000,0x00000007ad000000,0x00000007ad280000)
 ParOldGen       total 175104K, used 27418K [0x0000000740000000, 0x000000074ab00000, 0x0000000795580000)
  object space 175104K, 15% used [0x0000000740000000,0x0000000741ac6bd8,0x000000074ab00000)
 Metaspace       used 20712K, capacity 21138K, committed 21248K, reserved 1069056K
  class space    used 2402K, capacity 2516K, committed 2560K, reserved 1048576K
Event: 196.036 GC heap after
Heap after GC invocations=155 (full 11):
 PSYoungGen      total 189952K, used 1536K [0x0000000795580000, 0x00000007ad180000, 0x00000007c0000000)
  eden space 188416K, 0% used [0x0000000795580000,0x0000000795580000,0x00000007a0d80000)
  from space 1536K, 100% used [0x00000007ad000000,0x00000007ad180000,0x00000007ad180000)
  to   space 3072K, 0% used [0x00000007acb80000,0x00000007acb80000,0x00000007ace80000)
 ParOldGen       total 175104K, used 27482K [0x0000000740000000, 0x000000074ab00000, 0x0000000795580000)
  object space 175104K, 15% used [0x0000000740000000,0x0000000741ad6bd8,0x000000074ab00000)
 Metaspace       used 20712K, capacity 21138K, committed 21248K, reserved 1069056K
  class space    used 2402K, capacity 2516K, committed 2560K, reserved 1048576K
}
Event: 196.222 GC heap before
{Heap before GC invocations=156 (full 11):
 PSYoungGen      total 189952K, used 189952K [0x0000000795580000, 0x00000007ad180000, 0x00000007c0000000)
  eden space 188416K, 100% used [0x0000000795580000,0x00000007a0d80000,0x00000007a0d80000)
  from space 1536K, 100% used [0x00000007ad000000,0x00000007ad180000,0x00000007ad180000)
  to   space 3072K, 0% used [0x00000007acb80000,0x00000007acb80000,0x00000007ace80000)
 ParOldGen       total 175104K, used 27482K [0x0000000740000000, 0x000000074ab00000, 0x0000000795580000)
  object space 175104K, 15% used [0x0000000740000000,0x0000000741ad6bd8,0x000000074ab00000)
 Metaspace       used 20712K, capacity 21138K, committed 21248K, reserved 1069056K
  class space    used 2402K, capacity 2516K, committed 2560K, reserved 1048576K
Event: 196.224 GC heap after
Heap after GC invocations=156 (full 11):
 PSYoungGen      total 183296K, used 1504K [0x0000000795580000, 0x00000007ad080000, 0x00000007c0000000)
  eden space 181760K, 0% used [0x0000000795580000,0x0000000795580000,0x00000007a0700000)
  from space 1536K, 97% used [0x00000007acb80000,0x00000007accf8000,0x00000007acd00000)
  to   space 3072K, 0% used [0x00000007acd80000,0x00000007acd80000,0x00000007ad080000)
 ParOldGen       total 175104K, used 27570K [0x0000000740000000, 0x000000074ab00000, 0x0000000795580000)
  object space 175104K, 15% used [0x0000000740000000,0x0000000741aecbd8,0x000000074ab00000)
 Metaspace       used 20712K, capacity 21138K, committed 21248K, reserved 1069056K
  class space    used 2402K, capacity 2516K, committed 2560K, reserved 1048576K
}
Event: 196.342 GC heap before
{Heap before GC invocations=157 (full 11):
 PSYoungGen      total 183296K, used 92246K [0x0000000795580000, 0x00000007ad080000, 0x00000007c0000000)
  eden space 181760K, 49% used [0x0000000795580000,0x000000079ae1d9a8,0x00000007a0700000)
  from space 1536K, 97% used [0x00000007acb80000,0x00000007accf8000,0x00000007acd00000)
  to   space 3072K, 0% used [0x00000007acd80000,0x00000007acd80000,0x00000007ad080000)
 ParOldGen       total 175104K, used 27570K [0x0000000740000000, 0x000000074ab00000, 0x0000000795580000)
  object space 175104K, 15% used [0x0000000740000000,0x0000000741aecbd8,0x000000074ab00000)
 Metaspace       used 20712K, capacity 21138K, committed 21248K, reserved 1069056K
  class space    used 2402K, capacity 2516K, committed 2560K, reserved 1048576K
Event: 196.343 GC heap after
Heap after GC invocations=157 (full 11):
 PSYoungGen      total 182784K, used 544K [0x0000000795580000, 0x00000007ace80000, 0x00000007c0000000)
  eden space 181760K, 0% used [0x0000000795580000,0x0000000795580000,0x00000007a0700000)
  from space 1024K, 53% used [0x00000007acd80000,0x00000007ace08000,0x00000007ace80000)
  to   space 3072K, 0% used [0x00000007ac880000,0x00000007ac880000,0x00000007acb80000)
 ParOldGen       total 175104K, used 27618K [0x0000000740000000, 0x000000074ab00000, 0x0000000795580000)
  object space 175104K, 15% used [0x0000000740000000,0x0000000741af8bd8,0x000000074ab00000)
 Metaspace       used 20712K, capacity 21138K, committed 21248K, reserved 1069056K
  class space    used 2402K, capacity 2516K, committed 2560K, reserved 1048576K
}
Event: 196.343 GC heap before
{Heap before GC invocations=158 (full 12):
 PSYoungGen      total 182784K, used 544K [0x0000000795580000, 0x00000007ace80000, 0x00000007c0000000)
  eden space 181760K, 0% used [0x0000000795580000,0x0000000795580000,0x00000007a0700000)
  from space 1024K, 53% used [0x00000007acd80000,0x00000007ace08000,0x00000007ace80000)
  to   space 3072K, 0% used [0x00000007ac880000,0x00000007ac880000,0x00000007acb80000)
 ParOldGen       total 175104K, used 27618K [0x0000000740000000, 0x000000074ab00000, 0x0000000795580000)
  object space 175104K, 15% used [0x0000000740000000,0x0000000741af8bd8,0x000000074ab00000)
 Metaspace       used 20712K, capacity 21138K, committed 21248K, reserved 1069056K
  class space    used 2402K, capacity 2516K, committed 2560K, reserved 1048576K
Event: 196.386 GC heap after
Heap after GC invocations=158 (full 12):
 PSYoungGen      total 182784K, used 0K [0x0000000795580000, 0x00000007ace80000, 0x00000007c0000000)
  eden space 181760K, 0% used [0x0000000795580000,0x0000000795580000,0x00000007a0700000)
  from space 1024K, 0% used [0x00000007acd80000,0x00000007acd80000,0x00000007ace80000)
  to   space 3072K, 0% used [0x00000007ac880000,0x00000007ac880000,0x00000007acb80000)
 ParOldGen       total 175104K, used 21254K [0x0000000740000000, 0x000000074ab00000, 0x0000000795580000)
  object space 175104K, 12% used [0x0000000740000000,0x00000007414c1860,0x000000074ab00000)
 Metaspace       used 20712K, capacity 21138K, committed 21248K, reserved 1069056K
  class space    used 2402K, capacity 2516K, committed 2560K, reserved 1048576K
}

