# JRE version: Java(TM) 2 Runtime Environment, Standard Edition (8.0_121-b13) (build 1.8.0_121-b13 14_Feb_2017_06_58 Mac OS X x64(SR4 FP1))
# Java VM: Java HotSpot(TM) 64-Bit Server VM (25.121-b13 mixed mode bsd-amd64 compressed oops)
Heap:
 PSYoungGen      total 148480K, used 2956K [0x0000000795580000, 0x00000007ac500000, 0x00000007c0000000)
  eden space 147968K, 1% used [0x0000000795580000,0x00000007958633c0,0x000000079e600000)
  from space 512K, 0% used [0x00000007ac480000,0x00000007ac480000,0x00000007ac500000)
  to   space 2560K, 0% used [0x00000007ac000000,0x00000007ac000000,0x00000007ac280000)
 ParOldGen       total 175104K, used 18588K [0x0000000740000000, 0x000000074ab00000, 0x0000000795580000)
  object space 175104K, 10% used [0x0000000740000000,0x0000000741227128,0x000000074ab00000)
 Metaspace       used 20696K, capacity 21138K, committed 21248K, reserved 1069056K
  class space    used 2402K, capacity 2516K, committed 2560K, reserved 1048576K
GC Heap History (10 events):
Event: 195.564 GC heap before
{Heap before GC invocations=134 (full 11):
 PSYoungGen      total 165376K, used 165344K [0x0000000795580000, 0x00000007aca00000, 0x00000007c0000000)
  eden space 163840K, 100% used [0x0000000795580000,0x000000079f580000,0x000000079f580000)
  from space 1536K, 97% used [0x00000007ac880000,0x00000007ac9f8000,0x00000007aca00000)
  to   space 2560K, 0% used [0x00000007ac500000,0x00000007ac500000,0x00000007ac780000)
 ParOldGen       total 175104K, used 24128K [0x0000000740000000, 0x000000074ab00000, 0x0000000795580000)
  object space 175104K, 13% used [0x0000000740000000,0x00000007417900f8,0x000000074ab00000)
 Metaspace       used 20696K, capacity 21138K, committed 21248K, reserved 1069056K
  class space    used 2402K, capacity 2516K, committed 2560K, reserved 1048576K
Event: 195.566 GC heap after
Heap after GC invocations=134 (full 11):
 PSYoungGen      total 159744K, used 1376K [0x0000000795580000, 0x00000007ac900000, 0x00000007c0000000)
  eden space 158208K, 0% used [0x0000000795580000,0x0000000795580000,0x000000079f000000)
  from space 1536K, 89% used [0x00000007ac500000,0x00000007ac658000,0x00000007ac680000)
  to   space 2560K, 0% used [0x00000007ac680000,0x00000007ac680000,0x00000007ac900000)
 ParOldGen       total 175104K, used 24160K [0x0000000740000000, 0x000000074ab00000, 0x0000000795580000)
  object space 175104K, 13% used [0x0000000740000000,0x00000007417980f8,0x000000074ab00000)
 Metaspace       used 20696K, capacity 21138K, committed 21248K, reserved 1069056K
  class space    used 2402K, capacity 2516K, committed 2560K, reserved 1048576K
}
Event: 195.733 GC heap before
{Heap before GC invocations=135 (full 11):
 PSYoungGen      total 159744K, used 159584K [0x0000000795580000, 0x00000007ac900000, 0x00000007c0000000)
  eden space 158208K, 100% used [0x0000000795580000,0x000000079f000000,0x000000079f000000)
  from space 1536K, 89% used [0x00000007ac500000,0x00000007ac658000,0x00000007ac680000)
  to   space 2560K, 0% used [0x00000007ac680000,0x00000007ac680000,0x00000007ac900000)
 ParOldGen       total 175104K, used 24160K [0x0000000740000000, 0x000000074ab00000, 0x0000000795580000)
  object space 175104K, 13% used [0x0000000740000000,0x00000007417980f8,0x000000074ab00000)
 Metaspace       used 20696K, capacity 21138K, committed 21248K, reserved 1069056K
  class space    used 2402K, capacity 2516K, committed 2560K, reserved 1048576K
Event: 195.735 GC heap after
Heap after GC invocations=135 (full 11):
 PSYoungGen      total 154624K, used 1280K [0x0000000795580000, 0x00000007ac800000, 0x00000007c0000000)
  eden space 153088K, 0% used [0x0000000795580000,0x0000000795580000,0x000000079eb00000)
  from space 1536K, 83% used [0x00000007ac680000,0x00000007ac7c0000,0x00000007ac800000)
  to   space 2560K, 0% used [0x00000007ac300000,0x00000007ac300000,0x00000007ac580000)
 ParOldGen       total 175104K, used 24200K [0x0000000740000000, 0x000000074ab00000, 0x0000000795580000)
  object space 175104K, 13% used [0x0000000740000000,0x00000007417a20f8,0x000000074ab00000)
 Metaspace       used 20696K, capacity 21138K, committed 21248K, reserved 1069056K
  class space    used 2402K, capacity 2516K, committed 2560K, reserved 1048576K
}
Event: 195.895 GC heap before
{Heap before GC invocations=136 (full 11):
 PSYoungGen      total 154624K, used 154368K [0x0000000795580000, 0x00000007ac800000, 0x00000007c0000000)
  eden space 153088K, 100% used [0x0000000795580000,0x000000079eb00000,0x000000079eb00000)
  from space 1536K, 83% used [0x00000007ac680000,0x00000007ac7c0000,0x00000007ac800000)
  to   space 2560K, 0% used [0x00000007ac300000,0x00000007ac300000,0x00000007ac580000)
 ParOldGen       total 175104K, used 24200K [0x0000000740000000, 0x000000074ab00000, 0x0000000795580000)
  object space 175104K, 13% used [0x0000000740000000,0x00000007417a20f8,0x000000074ab00000)
 Metaspace       used 20696K, capacity 21138K, committed 21248K, reserved 1069056K
  class space    used 2402K, capacity 2516K, committed 2560K, reserved 1048576K
Event: 195.897 GC heap after
Heap after GC invocations=136 (full 11):
 PSYoungGen      total 149504K, used 1312K [0x0000000795580000, 0x00000007ac700000, 0x00000007c0000000)
  eden space 147968K, 0% used [0x0000000795580000,0x0000000795580000,0x000000079e600000)
  from space 1536K, 85% used [0x00000007ac300000,0x00000007ac448000,0x00000007ac480000)
  to   space 2560K, 0% used [0x00000007ac480000,0x00000007ac480000,0x00000007ac700000)
 ParOldGen       total 175104K, used 24264K [0x0000000740000000, 0x000000074ab00000, 0x0000000795580000)
  object space 175104K, 13% used [0x0000000740000000,0x00000007417b20f8,0x000000074ab00000)
 Metaspace       used 20696K, capacity 21138K, committed 21248K, reserved 1069056K
  class space    used 2402K, capacity 2516K, committed 2560K, reserved 1048576K
}
Event: 195.991 GC heap before
{Heap before GC invocations=137 (full 11):
 PSYoungGen      total 149504K, used 72278K [0x0000000795580000, 0x00000007ac700000, 0x00000007c0000000)
  eden space 147968K, 47% used [0x0000000795580000,0x0000000799acd9c0,0x000000079e600000)
  from space 1536K, 85% used [0x00000007ac300000,0x00000007ac448000,0x00000007ac480000)
  to   space 2560K, 0% used [0x00000007ac480000,0x00000007ac480000,0x00000007ac700000)
 ParOldGen       total 175104K, used 24264K [0x0000000740000000, 0x000000074ab00000, 0x0000000795580000)
  object space 175104K, 13% used [0x0000000740000000,0x00000007417b20f8,0x000000074ab00000)
 Metaspace       used 20696K, capacity 21138K, committed 21248K, reserved 1069056K
  class space    used 2402K, capacity 2516K, committed 2560K, reserved 1048576K
Event: 195.993 GC heap after
Heap after GC invocations=137 (full 11):
 PSYoungGen      total 148480K, used 384K [0x0000000795580000, 0x00000007ac500000, 0x00000007c0000000)
  eden space 147968K, 0% used [0x0000000795580000,0x0000000795580000,0x000000079e600000)
  from space 512K, 75% used [0x00000007ac480000,0x00000007ac4e0000,0x00000007ac500000)
  to   space 2560K, 0% used [0x00000007ac000000,0x00000007ac000000,0x00000007ac280000)
 ParOldGen       total 175104K, used 24304K [0x0000000740000000, 0x000000074ab00000, 0x0000000795580000)
  object space 175104K, 13% used [0x0000000740000000,0x00000007417bc0f8,0x000000074ab00000)
 Metaspace       used 20696K, capacity 21138K, committed 21248K, reserved 1069056K
  class space    used 2402K, capacity 2516K, committed 2560K, reserved 1048576K
}
Event: 195.993 GC heap before
{Heap before GC invocations=138 (full 12):
 PSYoungGen      total 148480K, used 384K [0x0000000795580000, 0x00000007ac500000, 0x00000007c0000000)
  eden space 147968K, 0% used [0x0000000795580000,0x0000000795580000,0x000000079e600000)
  from space 512K, 75% used [0x00000007ac480000,0x00000007ac4e0000,0x00000007ac500000)
  to   space 2560K, 0% used [0x00000007ac000000,0x00000007ac000000,0x00000007ac280000)
 ParOldGen       total 175104K, used 24304K [0x0000000740000000, 0x000000074ab00000, 0x0000000795580000)
  object space 175104K, 13% used [0x0000000740000000,0x00000007417bc0f8,0x000000074ab00000)
 Metaspace       used 20696K, capacity 21138K, committed 21248K, reserved 1069056K
  class space    used 2402K, capacity 2516K, committed 2560K, reserved 1048576K
Event: 196.034 GC heap after
Heap after GC invocations=138 (full 12):
 PSYoungGen      total 148480K, used 0K [0x0000000795580000, 0x00000007ac500000, 0x00000007c0000000)
  eden space 147968K, 0% used [0x0000000795580000,0x0000000795580000,0x000000079e600000)
  from space 512K, 0% used [0x00000007ac480000,0x00000007ac480000,0x00000007ac500000)
  to   space 2560K, 0% used [0x00000007ac000000,0x00000007ac000000,0x00000007ac280000)
 ParOldGen       total 175104K, used 18588K [0x0000000740000000, 0x000000074ab00000, 0x0000000795580000)
  object space 175104K, 10% used [0x0000000740000000,0x0000000741227128,0x000000074ab00000)
 Metaspace       used 20696K, capacity 21138K, committed 21248K, reserved 1069056K
  class space    used 2402K, capacity 2516K, committed 2560K, reserved 1048576K
}

