# JRE version: Java(TM) 2 Runtime Environment, Standard Edition (8.0_121-b13) (build 1.8.0_121-b13 14_Feb_2017_06_58 Mac OS X x64(SR4 FP1))
# Java VM: Java HotSpot(TM) 64-Bit Server VM (25.121-b13 mixed mode bsd-amd64 compressed oops)
Heap:
 PSYoungGen      total 345600K, used 6791K [0x0000000795580000, 0x00000007b9880000, 0x00000007c0000000)
  eden space 343552K, 1% used [0x0000000795580000,0x0000000795c21e58,0x00000007aa500000)
  from space 2048K, 0% used [0x00000007b8700000,0x00000007b8700000,0x00000007b8900000)
  to   space 9728K, 0% used [0x00000007b8f00000,0x00000007b8f00000,0x00000007b9880000)
 ParOldGen       total 175104K, used 14741K [0x0000000740000000, 0x000000074ab00000, 0x0000000795580000)
  object space 175104K, 8% used [0x0000000740000000,0x0000000740e655d0,0x000000074ab00000)
 Metaspace       used 20411K, capacity 20784K, committed 20992K, reserved 1067008K
  class space    used 2386K, capacity 2489K, committed 2560K, reserved 1048576K
GC Heap History (10 events):
Event: 86.645 GC heap before
{Heap before GC invocations=29 (full 3):
 PSYoungGen      total 394240K, used 393824K [0x0000000795580000, 0x00000007bac80000, 0x00000007c0000000)
  eden space 390656K, 100% used [0x0000000795580000,0x00000007ad300000,0x00000007ad300000)
  from space 3584K, 88% used [0x00000007b9c00000,0x00000007b9f18000,0x00000007b9f80000)
  to   space 11264K, 0% used [0x00000007ba180000,0x00000007ba180000,0x00000007bac80000)
 ParOldGen       total 175104K, used 21413K [0x0000000740000000, 0x000000074ab00000, 0x0000000795580000)
  object space 175104K, 12% used [0x0000000740000000,0x00000007414e95f0,0x000000074ab00000)
 Metaspace       used 20349K, capacity 20712K, committed 20992K, reserved 1067008K
  class space    used 2380K, capacity 2477K, committed 2560K, reserved 1048576K
Event: 86.648 GC heap after
Heap after GC invocations=29 (full 3):
 PSYoungGen      total 377344K, used 2816K [0x0000000795580000, 0x00000007ba480000, 0x00000007c0000000)
  eden space 374272K, 0% used [0x0000000795580000,0x0000000795580000,0x00000007ac300000)
  from space 3072K, 91% used [0x00000007ba180000,0x00000007ba440000,0x00000007ba480000)
  to   space 10752K, 0% used [0x00000007b8f80000,0x00000007b8f80000,0x00000007b9a00000)
 ParOldGen       total 175104K, used 21453K [0x0000000740000000, 0x000000074ab00000, 0x0000000795580000)
  object space 175104K, 12% used [0x0000000740000000,0x00000007414f35f0,0x000000074ab00000)
 Metaspace       used 20349K, capacity 20712K, committed 20992K, reserved 1067008K
  class space    used 2380K, capacity 2477K, committed 2560K, reserved 1048576K
}
Event: 87.067 GC heap before
{Heap before GC invocations=30 (full 3):
 PSYoungGen      total 377344K, used 377088K [0x0000000795580000, 0x00000007ba480000, 0x00000007c0000000)
  eden space 374272K, 100% used [0x0000000795580000,0x00000007ac300000,0x00000007ac300000)
  from space 3072K, 91% used [0x00000007ba180000,0x00000007ba440000,0x00000007ba480000)
  to   space 10752K, 0% used [0x00000007b8f80000,0x00000007b8f80000,0x00000007b9a00000)
 ParOldGen       total 175104K, used 21453K [0x0000000740000000, 0x000000074ab00000, 0x0000000795580000)
  object space 175104K, 12% used [0x0000000740000000,0x00000007414f35f0,0x000000074ab00000)
 Metaspace       used 20349K, capacity 20712K, committed 20992K, reserved 1067008K
  class space    used 2380K, capacity 2477K, committed 2560K, reserved 1048576K
Event: 87.070 GC heap after
Heap after GC invocations=30 (full 3):
 PSYoungGen      total 361472K, used 2848K [0x0000000795580000, 0x00000007ba200000, 0x00000007c0000000)
  eden space 358400K, 0% used [0x0000000795580000,0x0000000795580000,0x00000007ab380000)
  from space 3072K, 92% used [0x00000007b8f80000,0x00000007b9248000,0x00000007b9280000)
  to   space 10240K, 0% used [0x00000007b9800000,0x00000007b9800000,0x00000007ba200000)
 ParOldGen       total 175104K, used 21501K [0x0000000740000000, 0x000000074ab00000, 0x0000000795580000)
  object space 175104K, 12% used [0x0000000740000000,0x00000007414ff5f0,0x000000074ab00000)
 Metaspace       used 20349K, capacity 20712K, committed 20992K, reserved 1067008K
  class space    used 2380K, capacity 2477K, committed 2560K, reserved 1048576K
}
Event: 87.479 GC heap before
{Heap before GC invocations=31 (full 3):
 PSYoungGen      total 361472K, used 361248K [0x0000000795580000, 0x00000007ba200000, 0x00000007c0000000)
  eden space 358400K, 100% used [0x0000000795580000,0x00000007ab380000,0x00000007ab380000)
  from space 3072K, 92% used [0x00000007b8f80000,0x00000007b9248000,0x00000007b9280000)
  to   space 10240K, 0% used [0x00000007b9800000,0x00000007b9800000,0x00000007ba200000)
 ParOldGen       total 175104K, used 21501K [0x0000000740000000, 0x000000074ab00000, 0x0000000795580000)
  object space 175104K, 12% used [0x0000000740000000,0x00000007414ff5f0,0x000000074ab00000)
 Metaspace       used 20349K, capacity 20712K, committed 20992K, reserved 1067008K
  class space    used 2380K, capacity 2477K, committed 2560K, reserved 1048576K
Event: 87.481 GC heap after
Heap after GC invocations=31 (full 3):
 PSYoungGen      total 346624K, used 2784K [0x0000000795580000, 0x00000007b9b00000, 0x00000007c0000000)
  eden space 343552K, 0% used [0x0000000795580000,0x0000000795580000,0x00000007aa500000)
  from space 3072K, 90% used [0x00000007b9800000,0x00000007b9ab8000,0x00000007b9b00000)
  to   space 10240K, 0% used [0x00000007b8700000,0x00000007b8700000,0x00000007b9100000)
 ParOldGen       total 175104K, used 21605K [0x0000000740000000, 0x000000074ab00000, 0x0000000795580000)
  object space 175104K, 12% used [0x0000000740000000,0x00000007415195f0,0x000000074ab00000)
 Metaspace       used 20349K, capacity 20712K, committed 20992K, reserved 1067008K
  class space    used 2380K, capacity 2477K, committed 2560K, reserved 1048576K
}
Event: 87.888 GC heap before
{Heap before GC invocations=32 (full 3):
 PSYoungGen      total 346624K, used 337180K [0x0000000795580000, 0x00000007b9b00000, 0x00000007c0000000)
  eden space 343552K, 97% used [0x0000000795580000,0x00000007a9c0f2e0,0x00000007aa500000)
  from space 3072K, 90% used [0x00000007b9800000,0x00000007b9ab8000,0x00000007b9b00000)
  to   space 10240K, 0% used [0x00000007b8700000,0x00000007b8700000,0x00000007b9100000)
 ParOldGen       total 175104K, used 21605K [0x0000000740000000, 0x000000074ab00000, 0x0000000795580000)
  object space 175104K, 12% used [0x0000000740000000,0x00000007415195f0,0x000000074ab00000)
 Metaspace       used 20411K, capacity 20784K, committed 20992K, reserved 1067008K
  class space    used 2386K, capacity 2489K, committed 2560K, reserved 1048576K
Event: 87.890 GC heap after
Heap after GC invocations=32 (full 3):
 PSYoungGen      total 345600K, used 2016K [0x0000000795580000, 0x00000007b9880000, 0x00000007c0000000)
  eden space 343552K, 0% used [0x0000000795580000,0x0000000795580000,0x00000007aa500000)
  from space 2048K, 98% used [0x00000007b8700000,0x00000007b88f8000,0x00000007b8900000)
  to   space 9728K, 0% used [0x00000007b8f00000,0x00000007b8f00000,0x00000007b9880000)
 ParOldGen       total 175104K, used 21661K [0x0000000740000000, 0x000000074ab00000, 0x0000000795580000)
  object space 175104K, 12% used [0x0000000740000000,0x00000007415275f0,0x000000074ab00000)
 Metaspace       used 20411K, capacity 20784K, committed 20992K, reserved 1067008K
  class space    used 2386K, capacity 2489K, committed 2560K, reserved 1048576K
}
Event: 87.890 GC heap before
{Heap before GC invocations=33 (full 4):
 PSYoungGen      total 345600K, used 2016K [0x0000000795580000, 0x00000007b9880000, 0x00000007c0000000)
  eden space 343552K, 0% used [0x0000000795580000,0x0000000795580000,0x00000007aa500000)
  from space 2048K, 98% used [0x00000007b8700000,0x00000007b88f8000,0x00000007b8900000)
  to   space 9728K, 0% used [0x00000007b8f00000,0x00000007b8f00000,0x00000007b9880000)
 ParOldGen       total 175104K, used 21661K [0x0000000740000000, 0x000000074ab00000, 0x0000000795580000)
  object space 175104K, 12% used [0x0000000740000000,0x00000007415275f0,0x000000074ab00000)
 Metaspace       used 20411K, capacity 20784K, committed 20992K, reserved 1067008K
  class space    used 2386K, capacity 2489K, committed 2560K, reserved 1048576K
Event: 87.938 GC heap after
Heap after GC invocations=33 (full 4):
 PSYoungGen      total 345600K, used 0K [0x0000000795580000, 0x00000007b9880000, 0x00000007c0000000)
  eden space 343552K, 0% used [0x0000000795580000,0x0000000795580000,0x00000007aa500000)
  from space 2048K, 0% used [0x00000007b8700000,0x00000007b8700000,0x00000007b8900000)
  to   space 9728K, 0% used [0x00000007b8f00000,0x00000007b8f00000,0x00000007b9880000)
 ParOldGen       total 175104K, used 14741K [0x0000000740000000, 0x000000074ab00000, 0x0000000795580000)
  object space 175104K, 8% used [0x0000000740000000,0x0000000740e655d0,0x000000074ab00000)
 Metaspace       used 20411K, capacity 20784K, committed 20992K, reserved 1067008K
  class space    used 2386K, capacity 2489K, committed 2560K, reserved 1048576K
}

