# JRE version: Java(TM) 2 Runtime Environment, Standard Edition (8.0_121-b13) (build 1.8.0_121-b13 14_Feb_2017_06_58 Mac OS X x64(SR4 FP1))
# Java VM: Java HotSpot(TM) 64-Bit Server VM (25.121-b13 mixed mode bsd-amd64 compressed oops)
Heap:
 PSYoungGen      total 153600K, used 3027K [0x0000000795580000, 0x00000007aa780000, 0x00000007c0000000)
  eden space 152576K, 1% used [0x0000000795580000,0x0000000795874dc0,0x000000079ea80000)
  from space 1024K, 0% used [0x00000007aa280000,0x00000007aa280000,0x00000007aa380000)
  to   space 2560K, 0% used [0x00000007aa500000,0x00000007aa500000,0x00000007aa780000)
 ParOldGen       total 175104K, used 20498K [0x0000000740000000, 0x000000074ab00000, 0x0000000795580000)
  object space 175104K, 11% used [0x0000000740000000,0x00000007414048f0,0x000000074ab00000)
 Metaspace       used 20711K, capacity 21138K, committed 21248K, reserved 1069056K
  class space    used 2402K, capacity 2516K, committed 2560K, reserved 1048576K
GC Heap History (10 events):
Event: 375.809 GC heap before
{Heap before GC invocations=177 (full 11):
 PSYoungGen      total 170496K, used 170368K [0x0000000795580000, 0x00000007aac80000, 0x00000007c0000000)
  eden space 168960K, 100% used [0x0000000795580000,0x000000079fa80000,0x000000079fa80000)
  from space 1536K, 91% used [0x00000007aa780000,0x00000007aa8e0000,0x00000007aa900000)
  to   space 3072K, 0% used [0x00000007aa980000,0x00000007aa980000,0x00000007aac80000)
 ParOldGen       total 175104K, used 27243K [0x0000000740000000, 0x000000074ab00000, 0x0000000795580000)
  object space 175104K, 15% used [0x0000000740000000,0x0000000741a9ac60,0x000000074ab00000)
 Metaspace       used 20710K, capacity 21138K, committed 21248K, reserved 1069056K
  class space    used 2402K, capacity 2516K, committed 2560K, reserved 1048576K
Event: 375.810 GC heap after
Heap after GC invocations=177 (full 11):
 PSYoungGen      total 164864K, used 1472K [0x0000000795580000, 0x00000007aab00000, 0x00000007c0000000)
  eden space 163328K, 0% used [0x0000000795580000,0x0000000795580000,0x000000079f500000)
  from space 1536K, 95% used [0x00000007aa980000,0x00000007aaaf0000,0x00000007aab00000)
  to   space 3072K, 0% used [0x00000007aa500000,0x00000007aa500000,0x00000007aa800000)
 ParOldGen       total 175104K, used 27291K [0x0000000740000000, 0x000000074ab00000, 0x0000000795580000)
  object space 175104K, 15% used [0x0000000740000000,0x0000000741aa6c60,0x000000074ab00000)
 Metaspace       used 20710K, capacity 21138K, committed 21248K, reserved 1069056K
  class space    used 2402K, capacity 2516K, committed 2560K, reserved 1048576K
}
Event: 375.986 GC heap before
{Heap before GC invocations=178 (full 11):
 PSYoungGen      total 164864K, used 164800K [0x0000000795580000, 0x00000007aab00000, 0x00000007c0000000)
  eden space 163328K, 100% used [0x0000000795580000,0x000000079f500000,0x000000079f500000)
  from space 1536K, 95% used [0x00000007aa980000,0x00000007aaaf0000,0x00000007aab00000)
  to   space 3072K, 0% used [0x00000007aa500000,0x00000007aa500000,0x00000007aa800000)
 ParOldGen       total 175104K, used 27291K [0x0000000740000000, 0x000000074ab00000, 0x0000000795580000)
  object space 175104K, 15% used [0x0000000740000000,0x0000000741aa6c60,0x000000074ab00000)
 Metaspace       used 20710K, capacity 21138K, committed 21248K, reserved 1069056K
  class space    used 2402K, capacity 2516K, committed 2560K, reserved 1048576K
Event: 375.987 GC heap after
Heap after GC invocations=178 (full 11):
 PSYoungGen      total 159232K, used 1280K [0x0000000795580000, 0x00000007aaa00000, 0x00000007c0000000)
  eden space 157696K, 0% used [0x0000000795580000,0x0000000795580000,0x000000079ef80000)
  from space 1536K, 83% used [0x00000007aa500000,0x00000007aa640000,0x00000007aa680000)
  to   space 3072K, 0% used [0x00000007aa700000,0x00000007aa700000,0x00000007aaa00000)
 ParOldGen       total 175104K, used 27323K [0x0000000740000000, 0x000000074ab00000, 0x0000000795580000)
  object space 175104K, 15% used [0x0000000740000000,0x0000000741aaec60,0x000000074ab00000)
 Metaspace       used 20710K, capacity 21138K, committed 21248K, reserved 1069056K
  class space    used 2402K, capacity 2516K, committed 2560K, reserved 1048576K
}
Event: 376.160 GC heap before
{Heap before GC invocations=179 (full 11):
 PSYoungGen      total 159232K, used 158976K [0x0000000795580000, 0x00000007aaa00000, 0x00000007c0000000)
  eden space 157696K, 100% used [0x0000000795580000,0x000000079ef80000,0x000000079ef80000)
  from space 1536K, 83% used [0x00000007aa500000,0x00000007aa640000,0x00000007aa680000)
  to   space 3072K, 0% used [0x00000007aa700000,0x00000007aa700000,0x00000007aaa00000)
 ParOldGen       total 175104K, used 27323K [0x0000000740000000, 0x000000074ab00000, 0x0000000795580000)
  object space 175104K, 15% used [0x0000000740000000,0x0000000741aaec60,0x000000074ab00000)
 Metaspace       used 20711K, capacity 21138K, committed 21248K, reserved 1069056K
  class space    used 2402K, capacity 2516K, committed 2560K, reserved 1048576K
Event: 376.161 GC heap after
Heap after GC invocations=179 (full 11):
 PSYoungGen      total 154112K, used 1248K [0x0000000795580000, 0x00000007aa880000, 0x00000007c0000000)
  eden space 152576K, 0% used [0x0000000795580000,0x0000000795580000,0x000000079ea80000)
  from space 1536K, 81% used [0x00000007aa700000,0x00000007aa838000,0x00000007aa880000)
  to   space 3072K, 0% used [0x00000007aa280000,0x00000007aa280000,0x00000007aa580000)
 ParOldGen       total 175104K, used 27371K [0x0000000740000000, 0x000000074ab00000, 0x0000000795580000)
  object space 175104K, 15% used [0x0000000740000000,0x0000000741abac60,0x000000074ab00000)
 Metaspace       used 20711K, capacity 21138K, committed 21248K, reserved 1069056K
  class space    used 2402K, capacity 2516K, committed 2560K, reserved 1048576K
}
Event: 376.343 GC heap before
{Heap before GC invocations=180 (full 11):
 PSYoungGen      total 154112K, used 147582K [0x0000000795580000, 0x00000007aa880000, 0x00000007c0000000)
  eden space 152576K, 95% used [0x0000000795580000,0x000000079e467980,0x000000079ea80000)
  from space 1536K, 81% used [0x00000007aa700000,0x00000007aa838000,0x00000007aa880000)
  to   space 3072K, 0% used [0x00000007aa280000,0x00000007aa280000,0x00000007aa580000)
 ParOldGen       total 175104K, used 27371K [0x0000000740000000, 0x000000074ab00000, 0x0000000795580000)
  object space 175104K, 15% used [0x0000000740000000,0x0000000741abac60,0x000000074ab00000)
 Metaspace       used 20711K, capacity 21138K, committed 21248K, reserved 1069056K
  class space    used 2402K, capacity 2516K, committed 2560K, reserved 1048576K
Event: 376.344 GC heap after
Heap after GC invocations=180 (full 11):
 PSYoungGen      total 153600K, used 896K [0x0000000795580000, 0x00000007aa780000, 0x00000007c0000000)
  eden space 152576K, 0% used [0x0000000795580000,0x0000000795580000,0x000000079ea80000)
  from space 1024K, 87% used [0x00000007aa280000,0x00000007aa360000,0x00000007aa380000)
  to   space 2560K, 0% used [0x00000007aa500000,0x00000007aa500000,0x00000007aa780000)
 ParOldGen       total 175104K, used 27435K [0x0000000740000000, 0x000000074ab00000, 0x0000000795580000)
  object space 175104K, 15% used [0x0000000740000000,0x0000000741acac60,0x000000074ab00000)
 Metaspace       used 20711K, capacity 21138K, committed 21248K, reserved 1069056K
  class space    used 2402K, capacity 2516K, committed 2560K, reserved 1048576K
}
Event: 376.344 GC heap before
{Heap before GC invocations=181 (full 12):
 PSYoungGen      total 153600K, used 896K [0x0000000795580000, 0x00000007aa780000, 0x00000007c0000000)
  eden space 152576K, 0% used [0x0000000795580000,0x0000000795580000,0x000000079ea80000)
  from space 1024K, 87% used [0x00000007aa280000,0x00000007aa360000,0x00000007aa380000)
  to   space 2560K, 0% used [0x00000007aa500000,0x00000007aa500000,0x00000007aa780000)
 ParOldGen       total 175104K, used 27435K [0x0000000740000000, 0x000000074ab00000, 0x0000000795580000)
  object space 175104K, 15% used [0x0000000740000000,0x0000000741acac60,0x000000074ab00000)
 Metaspace       used 20711K, capacity 21138K, committed 21248K, reserved 1069056K
  class space    used 2402K, capacity 2516K, committed 2560K, reserved 1048576K
Event: 376.383 GC heap after
Heap after GC invocations=181 (full 12):
 PSYoungGen      total 153600K, used 0K [0x0000000795580000, 0x00000007aa780000, 0x00000007c0000000)
  eden space 152576K, 0% used [0x0000000795580000,0x0000000795580000,0x000000079ea80000)
  from space 1024K, 0% used [0x00000007aa280000,0x00000007aa280000,0x00000007aa380000)
  to   space 2560K, 0% used [0x00000007aa500000,0x00000007aa500000,0x00000007aa780000)
 ParOldGen       total 175104K, used 20498K [0x0000000740000000, 0x000000074ab00000, 0x0000000795580000)
  object space 175104K, 11% used [0x0000000740000000,0x00000007414048f0,0x000000074ab00000)
 Metaspace       used 20711K, capacity 21138K, committed 21248K, reserved 1069056K
  class space    used 2402K, capacity 2516K, committed 2560K, reserved 1048576K
}

