# JRE version: Java(TM) 2 Runtime Environment, Standard Edition (8.0_121-b13) (build 1.8.0_121-b13 14_Feb_2017_06_58 Mac OS X x64(SR4 FP1))
# Java VM: Java HotSpot(TM) 64-Bit Server VM (25.121-b13 mixed mode bsd-amd64 compressed oops)
Heap:
 PSYoungGen      total 217088K, used 4322K [0x0000000795580000, 0x00000007af280000, 0x00000007c0000000)
  eden space 216576K, 1% used [0x0000000795580000,0x00000007959b8968,0x00000007a2900000)
  from space 512K, 0% used [0x00000007ae600000,0x00000007ae600000,0x00000007ae680000)
  to   space 7168K, 0% used [0x00000007aeb80000,0x00000007aeb80000,0x00000007af280000)
 ParOldGen       total 175104K, used 11157K [0x0000000740000000, 0x000000074ab00000, 0x0000000795580000)
  object space 175104K, 6% used [0x0000000740000000,0x0000000740ae55c0,0x000000074ab00000)
 Metaspace       used 20310K, capacity 20656K, committed 20736K, reserved 1067008K
  class space    used 2386K, capacity 2489K, committed 2560K, reserved 1048576K
GC Heap History (10 events):
Event: 46.967 GC heap before
{Heap before GC invocations=39 (full 3):
 PSYoungGen      total 245248K, used 245120K [0x0000000795580000, 0x00000007b0080000, 0x00000007c0000000)
  eden space 243200K, 100% used [0x0000000795580000,0x00000007a4300000,0x00000007a4300000)
  from space 2048K, 93% used [0x00000007af280000,0x00000007af460000,0x00000007af480000)
  to   space 8192K, 0% used [0x00000007af880000,0x00000007af880000,0x00000007b0080000)
 ParOldGen       total 175104K, used 16830K [0x0000000740000000, 0x000000074ab00000, 0x0000000795580000)
  object space 175104K, 9% used [0x0000000740000000,0x000000074106fb78,0x000000074ab00000)
 Metaspace       used 20249K, capacity 20520K, committed 20736K, reserved 1067008K
  class space    used 2379K, capacity 2477K, committed 2560K, reserved 1048576K
Event: 46.969 GC heap after
Heap after GC invocations=39 (full 3):
 PSYoungGen      total 236032K, used 1984K [0x0000000795580000, 0x00000007afa80000, 0x00000007c0000000)
  eden space 233984K, 0% used [0x0000000795580000,0x0000000795580000,0x00000007a3a00000)
  from space 2048K, 96% used [0x00000007af880000,0x00000007afa70000,0x00000007afa80000)
  to   space 7680K, 0% used [0x00000007aeb80000,0x00000007aeb80000,0x00000007af300000)
 ParOldGen       total 175104K, used 16902K [0x0000000740000000, 0x000000074ab00000, 0x0000000795580000)
  object space 175104K, 9% used [0x0000000740000000,0x0000000741081b78,0x000000074ab00000)
 Metaspace       used 20249K, capacity 20520K, committed 20736K, reserved 1067008K
  class space    used 2379K, capacity 2477K, committed 2560K, reserved 1048576K
}
Event: 47.237 GC heap before
{Heap before GC invocations=40 (full 3):
 PSYoungGen      total 236032K, used 235968K [0x0000000795580000, 0x00000007afa80000, 0x00000007c0000000)
  eden space 233984K, 100% used [0x0000000795580000,0x00000007a3a00000,0x00000007a3a00000)
  from space 2048K, 96% used [0x00000007af880000,0x00000007afa70000,0x00000007afa80000)
  to   space 7680K, 0% used [0x00000007aeb80000,0x00000007aeb80000,0x00000007af300000)
 ParOldGen       total 175104K, used 16902K [0x0000000740000000, 0x000000074ab00000, 0x0000000795580000)
  object space 175104K, 9% used [0x0000000740000000,0x0000000741081b78,0x000000074ab00000)
 Metaspace       used 20250K, capacity 20520K, committed 20736K, reserved 1067008K
  class space    used 2379K, capacity 2477K, committed 2560K, reserved 1048576K
Event: 47.239 GC heap after
Heap after GC invocations=40 (full 3):
 PSYoungGen      total 227328K, used 1792K [0x0000000795580000, 0x00000007af900000, 0x00000007c0000000)
  eden space 225280K, 0% used [0x0000000795580000,0x0000000795580000,0x00000007a3180000)
  from space 2048K, 87% used [0x00000007aeb80000,0x00000007aed40000,0x00000007aed80000)
  to   space 7168K, 0% used [0x00000007af200000,0x00000007af200000,0x00000007af900000)
 ParOldGen       total 175104K, used 16926K [0x0000000740000000, 0x000000074ab00000, 0x0000000795580000)
  object space 175104K, 9% used [0x0000000740000000,0x0000000741087b78,0x000000074ab00000)
 Metaspace       used 20250K, capacity 20520K, committed 20736K, reserved 1067008K
  class space    used 2379K, capacity 2477K, committed 2560K, reserved 1048576K
}
Event: 47.496 GC heap before
{Heap before GC invocations=41 (full 3):
 PSYoungGen      total 227328K, used 227072K [0x0000000795580000, 0x00000007af900000, 0x00000007c0000000)
  eden space 225280K, 100% used [0x0000000795580000,0x00000007a3180000,0x00000007a3180000)
  from space 2048K, 87% used [0x00000007aeb80000,0x00000007aed40000,0x00000007aed80000)
  to   space 7168K, 0% used [0x00000007af200000,0x00000007af200000,0x00000007af900000)
 ParOldGen       total 175104K, used 16926K [0x0000000740000000, 0x000000074ab00000, 0x0000000795580000)
  object space 175104K, 9% used [0x0000000740000000,0x0000000741087b78,0x000000074ab00000)
 Metaspace       used 20258K, capacity 20584K, committed 20736K, reserved 1067008K
  class space    used 2379K, capacity 2477K, committed 2560K, reserved 1048576K
Event: 47.498 GC heap after
Heap after GC invocations=41 (full 3):
 PSYoungGen      total 218624K, used 1792K [0x0000000795580000, 0x00000007af400000, 0x00000007c0000000)
  eden space 216576K, 0% used [0x0000000795580000,0x0000000795580000,0x00000007a2900000)
  from space 2048K, 87% used [0x00000007af200000,0x00000007af3c0000,0x00000007af400000)
  to   space 7168K, 0% used [0x00000007ae600000,0x00000007ae600000,0x00000007aed00000)
 ParOldGen       total 175104K, used 16982K [0x0000000740000000, 0x000000074ab00000, 0x0000000795580000)
  object space 175104K, 9% used [0x0000000740000000,0x0000000741095b78,0x000000074ab00000)
 Metaspace       used 20258K, capacity 20584K, committed 20736K, reserved 1067008K
  class space    used 2379K, capacity 2477K, committed 2560K, reserved 1048576K
}
Event: 47.568 GC heap before
{Heap before GC invocations=42 (full 3):
 PSYoungGen      total 218624K, used 57982K [0x0000000795580000, 0x00000007af400000, 0x00000007c0000000)
  eden space 216576K, 25% used [0x0000000795580000,0x0000000798c5fad0,0x00000007a2900000)
  from space 2048K, 87% used [0x00000007af200000,0x00000007af3c0000,0x00000007af400000)
  to   space 7168K, 0% used [0x00000007ae600000,0x00000007ae600000,0x00000007aed00000)
 ParOldGen       total 175104K, used 16982K [0x0000000740000000, 0x000000074ab00000, 0x0000000795580000)
  object space 175104K, 9% used [0x0000000740000000,0x0000000741095b78,0x000000074ab00000)
 Metaspace       used 20310K, capacity 20656K, committed 20736K, reserved 1067008K
  class space    used 2386K, capacity 2489K, committed 2560K, reserved 1048576K
Event: 47.570 GC heap after
Heap after GC invocations=42 (full 3):
 PSYoungGen      total 217088K, used 352K [0x0000000795580000, 0x00000007af280000, 0x00000007c0000000)
  eden space 216576K, 0% used [0x0000000795580000,0x0000000795580000,0x00000007a2900000)
  from space 512K, 68% used [0x00000007ae600000,0x00000007ae658000,0x00000007ae680000)
  to   space 7168K, 0% used [0x00000007aeb80000,0x00000007aeb80000,0x00000007af280000)
 ParOldGen       total 175104K, used 17022K [0x0000000740000000, 0x000000074ab00000, 0x0000000795580000)
  object space 175104K, 9% used [0x0000000740000000,0x000000074109fb78,0x000000074ab00000)
 Metaspace       used 20310K, capacity 20656K, committed 20736K, reserved 1067008K
  class space    used 2386K, capacity 2489K, committed 2560K, reserved 1048576K
}
Event: 47.570 GC heap before
{Heap before GC invocations=43 (full 4):
 PSYoungGen      total 217088K, used 352K [0x0000000795580000, 0x00000007af280000, 0x00000007c0000000)
  eden space 216576K, 0% used [0x0000000795580000,0x0000000795580000,0x00000007a2900000)
  from space 512K, 68% used [0x00000007ae600000,0x00000007ae658000,0x00000007ae680000)
  to   space 7168K, 0% used [0x00000007aeb80000,0x00000007aeb80000,0x00000007af280000)
 ParOldGen       total 175104K, used 17022K [0x0000000740000000, 0x000000074ab00000, 0x0000000795580000)
  object space 175104K, 9% used [0x0000000740000000,0x000000074109fb78,0x000000074ab00000)
 Metaspace       used 20310K, capacity 20656K, committed 20736K, reserved 1067008K
  class space    used 2386K, capacity 2489K, committed 2560K, reserved 1048576K
Event: 47.617 GC heap after
Heap after GC invocations=43 (full 4):
 PSYoungGen      total 217088K, used 0K [0x0000000795580000, 0x00000007af280000, 0x00000007c0000000)
  eden space 216576K, 0% used [0x0000000795580000,0x0000000795580000,0x00000007a2900000)
  from space 512K, 0% used [0x00000007ae600000,0x00000007ae600000,0x00000007ae680000)
  to   space 7168K, 0% used [0x00000007aeb80000,0x00000007aeb80000,0x00000007af280000)
 ParOldGen       total 175104K, used 11157K [0x0000000740000000, 0x000000074ab00000, 0x0000000795580000)
  object space 175104K, 6% used [0x0000000740000000,0x0000000740ae55c0,0x000000074ab00000)
 Metaspace       used 20310K, capacity 20656K, committed 20736K, reserved 1067008K
  class space    used 2386K, capacity 2489K, committed 2560K, reserved 1048576K
}

