# JRE version: Java(TM) 2 Runtime Environment, Standard Edition (8.0_121-b13) (build 1.8.0_121-b13 14_Feb_2017_06_58 Mac OS X x64(SR4 FP1))
# Java VM: Java HotSpot(TM) 64-Bit Server VM (25.121-b13 mixed mode bsd-amd64 compressed oops)
Heap:
 PSYoungGen      total 466432K, used 9200K [0x0000000795580000, 0x00000007bbb80000, 0x00000007c0000000)
  eden space 464896K, 1% used [0x0000000795580000,0x0000000795e7c2d0,0x00000007b1b80000)
  from space 1536K, 0% used [0x00000007bba00000,0x00000007bba00000,0x00000007bbb80000)
  to   space 11264K, 0% used [0x00000007ba580000,0x00000007ba580000,0x00000007bb080000)
 ParOldGen       total 175104K, used 11967K [0x0000000740000000, 0x000000074ab00000, 0x0000000795580000)
  object space 175104K, 6% used [0x0000000740000000,0x0000000740baffd8,0x000000074ab00000)
 Metaspace       used 20270K, capacity 20592K, committed 20736K, reserved 1067008K
  class space    used 2385K, capacity 2489K, committed 2560K, reserved 1048576K
GC Heap History (10 events):
Event: 28.730 GC heap before
{Heap before GC invocations=26 (full 3):
 PSYoungGen      total 539136K, used 539008K [0x0000000795580000, 0x00000007bd700000, 0x00000007c0000000)
  eden space 531456K, 100% used [0x0000000795580000,0x00000007b5c80000,0x00000007b5c80000)
  from space 7680K, 98% used [0x00000007bcf80000,0x00000007bd6e0010,0x00000007bd700000)
  to   space 12288K, 0% used [0x00000007bbf00000,0x00000007bbf00000,0x00000007bcb00000)
 ParOldGen       total 175104K, used 12582K [0x0000000740000000, 0x000000074ab00000, 0x0000000795580000)
  object space 175104K, 7% used [0x0000000740000000,0x0000000740c49858,0x000000074ab00000)
 Metaspace       used 20209K, capacity 20520K, committed 20736K, reserved 1067008K
  class space    used 2379K, capacity 2477K, committed 2560K, reserved 1048576K
Event: 28.736 GC heap after
Heap after GC invocations=26 (full 3):
 PSYoungGen      total 512000K, used 3968K [0x0000000795580000, 0x00000007bd000000, 0x00000007c0000000)
  eden space 507904K, 0% used [0x0000000795580000,0x0000000795580000,0x00000007b4580000)
  from space 4096K, 96% used [0x00000007bbf00000,0x00000007bc2e0000,0x00000007bc300000)
  to   space 11776K, 0% used [0x00000007bc480000,0x00000007bc480000,0x00000007bd000000)
 ParOldGen       total 175104K, used 17078K [0x0000000740000000, 0x000000074ab00000, 0x0000000795580000)
  object space 175104K, 9% used [0x0000000740000000,0x00000007410ad878,0x000000074ab00000)
 Metaspace       used 20209K, capacity 20520K, committed 20736K, reserved 1067008K
  class space    used 2379K, capacity 2477K, committed 2560K, reserved 1048576K
}
Event: 29.347 GC heap before
{Heap before GC invocations=27 (full 3):
 PSYoungGen      total 512000K, used 511872K [0x0000000795580000, 0x00000007bd000000, 0x00000007c0000000)
  eden space 507904K, 100% used [0x0000000795580000,0x00000007b4580000,0x00000007b4580000)
  from space 4096K, 96% used [0x00000007bbf00000,0x00000007bc2e0000,0x00000007bc300000)
  to   space 11776K, 0% used [0x00000007bc480000,0x00000007bc480000,0x00000007bd000000)
 ParOldGen       total 175104K, used 17078K [0x0000000740000000, 0x000000074ab00000, 0x0000000795580000)
  object space 175104K, 9% used [0x0000000740000000,0x00000007410ad878,0x000000074ab00000)
 Metaspace       used 20211K, capacity 20520K, committed 20736K, reserved 1067008K
  class space    used 2379K, capacity 2477K, committed 2560K, reserved 1048576K
Event: 29.351 GC heap after
Heap after GC invocations=27 (full 3):
 PSYoungGen      total 489984K, used 3616K [0x0000000795580000, 0x00000007bc880000, 0x00000007c0000000)
  eden space 485888K, 0% used [0x0000000795580000,0x0000000795580000,0x00000007b3000000)
  from space 4096K, 88% used [0x00000007bc480000,0x00000007bc808000,0x00000007bc880000)
  to   space 11264K, 0% used [0x00000007bb280000,0x00000007bb280000,0x00000007bbd80000)
 ParOldGen       total 175104K, used 17150K [0x0000000740000000, 0x000000074ab00000, 0x0000000795580000)
  object space 175104K, 9% used [0x0000000740000000,0x00000007410bf878,0x000000074ab00000)
 Metaspace       used 20211K, capacity 20520K, committed 20736K, reserved 1067008K
  class space    used 2379K, capacity 2477K, committed 2560K, reserved 1048576K
}
Event: 29.929 GC heap before
{Heap before GC invocations=28 (full 3):
 PSYoungGen      total 489984K, used 489504K [0x0000000795580000, 0x00000007bc880000, 0x00000007c0000000)
  eden space 485888K, 100% used [0x0000000795580000,0x00000007b3000000,0x00000007b3000000)
  from space 4096K, 88% used [0x00000007bc480000,0x00000007bc808000,0x00000007bc880000)
  to   space 11264K, 0% used [0x00000007bb280000,0x00000007bb280000,0x00000007bbd80000)
 ParOldGen       total 175104K, used 17150K [0x0000000740000000, 0x000000074ab00000, 0x0000000795580000)
  object space 175104K, 9% used [0x0000000740000000,0x00000007410bf878,0x000000074ab00000)
 Metaspace       used 20212K, capacity 20520K, committed 20736K, reserved 1067008K
  class space    used 2379K, capacity 2477K, committed 2560K, reserved 1048576K
Event: 29.932 GC heap after
Heap after GC invocations=28 (full 3):
 PSYoungGen      total 468992K, used 3712K [0x0000000795580000, 0x00000007bc500000, 0x00000007c0000000)
  eden space 464896K, 0% used [0x0000000795580000,0x0000000795580000,0x00000007b1b80000)
  from space 4096K, 90% used [0x00000007bb280000,0x00000007bb620000,0x00000007bb680000)
  to   space 11264K, 0% used [0x00000007bba00000,0x00000007bba00000,0x00000007bc500000)
 ParOldGen       total 175104K, used 17230K [0x0000000740000000, 0x000000074ab00000, 0x0000000795580000)
  object space 175104K, 9% used [0x0000000740000000,0x00000007410d3878,0x000000074ab00000)
 Metaspace       used 20212K, capacity 20520K, committed 20736K, reserved 1067008K
  class space    used 2379K, capacity 2477K, committed 2560K, reserved 1048576K
}
Event: 30.216 GC heap before
{Heap before GC invocations=29 (full 3):
 PSYoungGen      total 468992K, used 233734K [0x0000000795580000, 0x00000007bc500000, 0x00000007c0000000)
  eden space 464896K, 49% used [0x0000000795580000,0x00000007a3621ae0,0x00000007b1b80000)
  from space 4096K, 90% used [0x00000007bb280000,0x00000007bb620000,0x00000007bb680000)
  to   space 11264K, 0% used [0x00000007bba00000,0x00000007bba00000,0x00000007bc500000)
 ParOldGen       total 175104K, used 17230K [0x0000000740000000, 0x000000074ab00000, 0x0000000795580000)
  object space 175104K, 9% used [0x0000000740000000,0x00000007410d3878,0x000000074ab00000)
 Metaspace       used 20270K, capacity 20592K, committed 20736K, reserved 1067008K
  class space    used 2385K, capacity 2489K, committed 2560K, reserved 1048576K
Event: 30.218 GC heap after
Heap after GC invocations=29 (full 3):
 PSYoungGen      total 466432K, used 1504K [0x0000000795580000, 0x00000007bbb80000, 0x00000007c0000000)
  eden space 464896K, 0% used [0x0000000795580000,0x0000000795580000,0x00000007b1b80000)
  from space 1536K, 97% used [0x00000007bba00000,0x00000007bbb78000,0x00000007bbb80000)
  to   space 11264K, 0% used [0x00000007ba580000,0x00000007ba580000,0x00000007bb080000)
 ParOldGen       total 175104K, used 17302K [0x0000000740000000, 0x000000074ab00000, 0x0000000795580000)
  object space 175104K, 9% used [0x0000000740000000,0x00000007410e5878,0x000000074ab00000)
 Metaspace       used 20270K, capacity 20592K, committed 20736K, reserved 1067008K
  class space    used 2385K, capacity 2489K, committed 2560K, reserved 1048576K
}
Event: 30.218 GC heap before
{Heap before GC invocations=30 (full 4):
 PSYoungGen      total 466432K, used 1504K [0x0000000795580000, 0x00000007bbb80000, 0x00000007c0000000)
  eden space 464896K, 0% used [0x0000000795580000,0x0000000795580000,0x00000007b1b80000)
  from space 1536K, 97% used [0x00000007bba00000,0x00000007bbb78000,0x00000007bbb80000)
  to   space 11264K, 0% used [0x00000007ba580000,0x00000007ba580000,0x00000007bb080000)
 ParOldGen       total 175104K, used 17302K [0x0000000740000000, 0x000000074ab00000, 0x0000000795580000)
  object space 175104K, 9% used [0x0000000740000000,0x00000007410e5878,0x000000074ab00000)
 Metaspace       used 20270K, capacity 20592K, committed 20736K, reserved 1067008K
  class space    used 2385K, capacity 2489K, committed 2560K, reserved 1048576K
Event: 30.264 GC heap after
Heap after GC invocations=30 (full 4):
 PSYoungGen      total 466432K, used 0K [0x0000000795580000, 0x00000007bbb80000, 0x00000007c0000000)
  eden space 464896K, 0% used [0x0000000795580000,0x0000000795580000,0x00000007b1b80000)
  from space 1536K, 0% used [0x00000007bba00000,0x00000007bba00000,0x00000007bbb80000)
  to   space 11264K, 0% used [0x00000007ba580000,0x00000007ba580000,0x00000007bb080000)
 ParOldGen       total 175104K, used 11967K [0x0000000740000000, 0x000000074ab00000, 0x0000000795580000)
  object space 175104K, 6% used [0x0000000740000000,0x0000000740baffd8,0x000000074ab00000)
 Metaspace       used 20270K, capacity 20592K, committed 20736K, reserved 1067008K
  class space    used 2385K, capacity 2489K, committed 2560K, reserved 1048576K
}

