# JRE version: Java(TM) 2 Runtime Environment, Standard Edition (8.0_121-b13) (build 1.8.0_121-b13 14_Feb_2017_06_58 Mac OS X x64(SR4 FP1))
# Java VM: Java HotSpot(TM) 64-Bit Server VM (25.121-b13 mixed mode bsd-amd64 compressed oops)
Heap:
 PSYoungGen      total 409088K, used 8019K [0x0000000795580000, 0x00000007ba900000, 0x00000007c0000000)
  eden space 407040K, 1% used [0x0000000795580000,0x0000000795d54d68,0x00000007ae300000)
  from space 2048K, 0% used [0x00000007ba700000,0x00000007ba700000,0x00000007ba900000)
  to   space 9216K, 0% used [0x00000007b9700000,0x00000007b9700000,0x00000007ba000000)
 ParOldGen       total 175104K, used 12381K [0x0000000740000000, 0x000000074ab00000, 0x0000000795580000)
  object space 175104K, 7% used [0x0000000740000000,0x0000000740c177c0,0x000000074ab00000)
 Metaspace       used 20300K, capacity 20656K, committed 20736K, reserved 1067008K
  class space    used 2385K, capacity 2489K, committed 2560K, reserved 1048576K
GC Heap History (10 events):
Event: 40.348 GC heap before
{Heap before GC invocations=28 (full 3):
 PSYoungGen      total 468480K, used 468224K [0x0000000795580000, 0x00000007bbd80000, 0x00000007c0000000)
  eden space 464384K, 100% used [0x0000000795580000,0x00000007b1b00000,0x00000007b1b00000)
  from space 4096K, 93% used [0x00000007bb980000,0x00000007bbd40000,0x00000007bbd80000)
  to   space 10752K, 0% used [0x00000007ba880000,0x00000007ba880000,0x00000007bb300000)
 ParOldGen       total 175104K, used 14538K [0x0000000740000000, 0x000000074ab00000, 0x0000000795580000)
  object space 175104K, 8% used [0x0000000740000000,0x0000000740e32840,0x000000074ab00000)
 Metaspace       used 20237K, capacity 20520K, committed 20736K, reserved 1067008K
  class space    used 2378K, capacity 2477K, committed 2560K, reserved 1048576K
Event: 40.351 GC heap after
Heap after GC invocations=28 (full 3):
 PSYoungGen      total 448000K, used 3488K [0x0000000795580000, 0x00000007bba00000, 0x00000007c0000000)
  eden space 444416K, 0% used [0x0000000795580000,0x0000000795580000,0x00000007b0780000)
  from space 3584K, 97% used [0x00000007ba880000,0x00000007babe8000,0x00000007bac00000)
  to   space 10240K, 0% used [0x00000007bb000000,0x00000007bb000000,0x00000007bba00000)
 ParOldGen       total 175104K, used 14914K [0x0000000740000000, 0x000000074ab00000, 0x0000000795580000)
  object space 175104K, 8% used [0x0000000740000000,0x0000000740e90850,0x000000074ab00000)
 Metaspace       used 20237K, capacity 20520K, committed 20736K, reserved 1067008K
  class space    used 2378K, capacity 2477K, committed 2560K, reserved 1048576K
}
Event: 40.874 GC heap before
{Heap before GC invocations=29 (full 3):
 PSYoungGen      total 448000K, used 447904K [0x0000000795580000, 0x00000007bba00000, 0x00000007c0000000)
  eden space 444416K, 100% used [0x0000000795580000,0x00000007b0780000,0x00000007b0780000)
  from space 3584K, 97% used [0x00000007ba880000,0x00000007babe8000,0x00000007bac00000)
  to   space 10240K, 0% used [0x00000007bb000000,0x00000007bb000000,0x00000007bba00000)
 ParOldGen       total 175104K, used 14914K [0x0000000740000000, 0x000000074ab00000, 0x0000000795580000)
  object space 175104K, 8% used [0x0000000740000000,0x0000000740e90850,0x000000074ab00000)
 Metaspace       used 20237K, capacity 20520K, committed 20736K, reserved 1067008K
  class space    used 2378K, capacity 2477K, committed 2560K, reserved 1048576K
Event: 40.876 GC heap after
Heap after GC invocations=29 (full 3):
 PSYoungGen      total 429056K, used 3232K [0x0000000795580000, 0x00000007bb380000, 0x00000007c0000000)
  eden space 425472K, 0% used [0x0000000795580000,0x0000000795580000,0x00000007af500000)
  from space 3584K, 90% used [0x00000007bb000000,0x00000007bb328000,0x00000007bb380000)
  to   space 9728K, 0% used [0x00000007ba080000,0x00000007ba080000,0x00000007baa00000)
 ParOldGen       total 175104K, used 14962K [0x0000000740000000, 0x000000074ab00000, 0x0000000795580000)
  object space 175104K, 8% used [0x0000000740000000,0x0000000740e9c850,0x000000074ab00000)
 Metaspace       used 20237K, capacity 20520K, committed 20736K, reserved 1067008K
  class space    used 2378K, capacity 2477K, committed 2560K, reserved 1048576K
}
Event: 41.394 GC heap before
{Heap before GC invocations=30 (full 3):
 PSYoungGen      total 429056K, used 428704K [0x0000000795580000, 0x00000007bb380000, 0x00000007c0000000)
  eden space 425472K, 100% used [0x0000000795580000,0x00000007af500000,0x00000007af500000)
  from space 3584K, 90% used [0x00000007bb000000,0x00000007bb328000,0x00000007bb380000)
  to   space 9728K, 0% used [0x00000007ba080000,0x00000007ba080000,0x00000007baa00000)
 ParOldGen       total 175104K, used 14962K [0x0000000740000000, 0x000000074ab00000, 0x0000000795580000)
  object space 175104K, 8% used [0x0000000740000000,0x0000000740e9c850,0x000000074ab00000)
 Metaspace       used 20237K, capacity 20520K, committed 20736K, reserved 1067008K
  class space    used 2378K, capacity 2477K, committed 2560K, reserved 1048576K
Event: 41.397 GC heap after
Heap after GC invocations=30 (full 3):
 PSYoungGen      total 410624K, used 3360K [0x0000000795580000, 0x00000007bb080000, 0x00000007c0000000)
  eden space 407040K, 0% used [0x0000000795580000,0x0000000795580000,0x00000007ae300000)
  from space 3584K, 93% used [0x00000007ba080000,0x00000007ba3c8000,0x00000007ba400000)
  to   space 9728K, 0% used [0x00000007ba700000,0x00000007ba700000,0x00000007bb080000)
 ParOldGen       total 175104K, used 15018K [0x0000000740000000, 0x000000074ab00000, 0x0000000795580000)
  object space 175104K, 8% used [0x0000000740000000,0x0000000740eaa850,0x000000074ab00000)
 Metaspace       used 20237K, capacity 20520K, committed 20736K, reserved 1067008K
  class space    used 2378K, capacity 2477K, committed 2560K, reserved 1048576K
}
Event: 41.783 GC heap before
{Heap before GC invocations=31 (full 3):
 PSYoungGen      total 410624K, used 302067K [0x0000000795580000, 0x00000007bb080000, 0x00000007c0000000)
  eden space 407040K, 73% used [0x0000000795580000,0x00000007a7934d68,0x00000007ae300000)
  from space 3584K, 93% used [0x00000007ba080000,0x00000007ba3c8000,0x00000007ba400000)
  to   space 9728K, 0% used [0x00000007ba700000,0x00000007ba700000,0x00000007bb080000)
 ParOldGen       total 175104K, used 15018K [0x0000000740000000, 0x000000074ab00000, 0x0000000795580000)
  object space 175104K, 8% used [0x0000000740000000,0x0000000740eaa850,0x000000074ab00000)
 Metaspace       used 20300K, capacity 20656K, committed 20736K, reserved 1067008K
  class space    used 2385K, capacity 2489K, committed 2560K, reserved 1048576K
Event: 41.785 GC heap after
Heap after GC invocations=31 (full 3):
 PSYoungGen      total 409088K, used 1920K [0x0000000795580000, 0x00000007ba900000, 0x00000007c0000000)
  eden space 407040K, 0% used [0x0000000795580000,0x0000000795580000,0x00000007ae300000)
  from space 2048K, 93% used [0x00000007ba700000,0x00000007ba8e0000,0x00000007ba900000)
  to   space 9216K, 0% used [0x00000007b9700000,0x00000007b9700000,0x00000007ba000000)
 ParOldGen       total 175104K, used 15074K [0x0000000740000000, 0x000000074ab00000, 0x0000000795580000)
  object space 175104K, 8% used [0x0000000740000000,0x0000000740eb8850,0x000000074ab00000)
 Metaspace       used 20300K, capacity 20656K, committed 20736K, reserved 1067008K
  class space    used 2385K, capacity 2489K, committed 2560K, reserved 1048576K
}
Event: 41.785 GC heap before
{Heap before GC invocations=32 (full 4):
 PSYoungGen      total 409088K, used 1920K [0x0000000795580000, 0x00000007ba900000, 0x00000007c0000000)
  eden space 407040K, 0% used [0x0000000795580000,0x0000000795580000,0x00000007ae300000)
  from space 2048K, 93% used [0x00000007ba700000,0x00000007ba8e0000,0x00000007ba900000)
  to   space 9216K, 0% used [0x00000007b9700000,0x00000007b9700000,0x00000007ba000000)
 ParOldGen       total 175104K, used 15074K [0x0000000740000000, 0x000000074ab00000, 0x0000000795580000)
  object space 175104K, 8% used [0x0000000740000000,0x0000000740eb8850,0x000000074ab00000)
 Metaspace       used 20300K, capacity 20656K, committed 20736K, reserved 1067008K
  class space    used 2385K, capacity 2489K, committed 2560K, reserved 1048576K
Event: 41.829 GC heap after
Heap after GC invocations=32 (full 4):
 PSYoungGen      total 409088K, used 0K [0x0000000795580000, 0x00000007ba900000, 0x00000007c0000000)
  eden space 407040K, 0% used [0x0000000795580000,0x0000000795580000,0x00000007ae300000)
  from space 2048K, 0% used [0x00000007ba700000,0x00000007ba700000,0x00000007ba900000)
  to   space 9216K, 0% used [0x00000007b9700000,0x00000007b9700000,0x00000007ba000000)
 ParOldGen       total 175104K, used 12381K [0x0000000740000000, 0x000000074ab00000, 0x0000000795580000)
  object space 175104K, 7% used [0x0000000740000000,0x0000000740c177c0,0x000000074ab00000)
 Metaspace       used 20300K, capacity 20656K, committed 20736K, reserved 1067008K
  class space    used 2385K, capacity 2489K, committed 2560K, reserved 1048576K
}

