# JRE version: Java(TM) 2 Runtime Environment, Standard Edition (8.0_121-b13) (build 1.8.0_121-b13 14_Feb_2017_06_58 Mac OS X x64(SR4 FP1))
# Java VM: Java HotSpot(TM) 64-Bit Server VM (25.121-b13 mixed mode bsd-amd64 compressed oops)
Heap:
 PSYoungGen      total 393728K, used 7717K [0x0000000795580000, 0x00000007ba680000, 0x00000007c0000000)
  eden space 391168K, 1% used [0x0000000795580000,0x0000000795d096f8,0x00000007ad380000)
  from space 2560K, 0% used [0x00000007ba400000,0x00000007ba400000,0x00000007ba680000)
  to   space 9216K, 0% used [0x00000007b9480000,0x00000007b9480000,0x00000007b9d80000)
 ParOldGen       total 175104K, used 12903K [0x0000000740000000, 0x000000074ab00000, 0x0000000795580000)
  object space 175104K, 7% used [0x0000000740000000,0x0000000740c99db0,0x000000074ab00000)
 Metaspace       used 20306K, capacity 20656K, committed 20736K, reserved 1067008K
  class space    used 2386K, capacity 2489K, committed 2560K, reserved 1048576K
GC Heap History (10 events):
Event: 38.668 GC heap before
{Heap before GC invocations=28 (full 3):
 PSYoungGen      total 450048K, used 449888K [0x0000000795580000, 0x00000007bba80000, 0x00000007c0000000)
  eden space 445952K, 100% used [0x0000000795580000,0x00000007b0900000,0x00000007b0900000)
  from space 4096K, 96% used [0x00000007bb680000,0x00000007bba58000,0x00000007bba80000)
  to   space 10752K, 0% used [0x00000007ba580000,0x00000007ba580000,0x00000007bb000000)
 ParOldGen       total 175104K, used 15076K [0x0000000740000000, 0x000000074ab00000, 0x0000000795580000)
  object space 175104K, 8% used [0x0000000740000000,0x0000000740eb92b8,0x000000074ab00000)
 Metaspace       used 20245K, capacity 20520K, committed 20736K, reserved 1067008K
  class space    used 2379K, capacity 2477K, committed 2560K, reserved 1048576K
Event: 38.671 GC heap after
Heap after GC invocations=28 (full 3):
 PSYoungGen      total 430592K, used 3328K [0x0000000795580000, 0x00000007bb700000, 0x00000007c0000000)
  eden space 427008K, 0% used [0x0000000795580000,0x0000000795580000,0x00000007af680000)
  from space 3584K, 92% used [0x00000007ba580000,0x00000007ba8c0000,0x00000007ba900000)
  to   space 10240K, 0% used [0x00000007bad00000,0x00000007bad00000,0x00000007bb700000)
 ParOldGen       total 175104K, used 15508K [0x0000000740000000, 0x000000074ab00000, 0x0000000795580000)
  object space 175104K, 8% used [0x0000000740000000,0x0000000740f252c8,0x000000074ab00000)
 Metaspace       used 20245K, capacity 20520K, committed 20736K, reserved 1067008K
  class space    used 2379K, capacity 2477K, committed 2560K, reserved 1048576K
}
Event: 39.161 GC heap before
{Heap before GC invocations=29 (full 3):
 PSYoungGen      total 430592K, used 430336K [0x0000000795580000, 0x00000007bb700000, 0x00000007c0000000)
  eden space 427008K, 100% used [0x0000000795580000,0x00000007af680000,0x00000007af680000)
  from space 3584K, 92% used [0x00000007ba580000,0x00000007ba8c0000,0x00000007ba900000)
  to   space 10240K, 0% used [0x00000007bad00000,0x00000007bad00000,0x00000007bb700000)
 ParOldGen       total 175104K, used 15508K [0x0000000740000000, 0x000000074ab00000, 0x0000000795580000)
  object space 175104K, 8% used [0x0000000740000000,0x0000000740f252c8,0x000000074ab00000)
 Metaspace       used 20246K, capacity 20520K, committed 20736K, reserved 1067008K
  class space    used 2379K, capacity 2477K, committed 2560K, reserved 1048576K
Event: 39.163 GC heap after
Heap after GC invocations=29 (full 3):
 PSYoungGen      total 411648K, used 3072K [0x0000000795580000, 0x00000007bb000000, 0x00000007c0000000)
  eden space 408576K, 0% used [0x0000000795580000,0x0000000795580000,0x00000007ae480000)
  from space 3072K, 100% used [0x00000007bad00000,0x00000007bb000000,0x00000007bb000000)
  to   space 10240K, 0% used [0x00000007b9c00000,0x00000007b9c00000,0x00000007ba600000)
 ParOldGen       total 175104K, used 15564K [0x0000000740000000, 0x000000074ab00000, 0x0000000795580000)
  object space 175104K, 8% used [0x0000000740000000,0x0000000740f332c8,0x000000074ab00000)
 Metaspace       used 20246K, capacity 20520K, committed 20736K, reserved 1067008K
  class space    used 2379K, capacity 2477K, committed 2560K, reserved 1048576K
}
Event: 39.646 GC heap before
{Heap before GC invocations=30 (full 3):
 PSYoungGen      total 411648K, used 411648K [0x0000000795580000, 0x00000007bb000000, 0x00000007c0000000)
  eden space 408576K, 100% used [0x0000000795580000,0x00000007ae480000,0x00000007ae480000)
  from space 3072K, 100% used [0x00000007bad00000,0x00000007bb000000,0x00000007bb000000)
  to   space 10240K, 0% used [0x00000007b9c00000,0x00000007b9c00000,0x00000007ba600000)
 ParOldGen       total 175104K, used 15564K [0x0000000740000000, 0x000000074ab00000, 0x0000000795580000)
  object space 175104K, 8% used [0x0000000740000000,0x0000000740f332c8,0x000000074ab00000)
 Metaspace       used 20247K, capacity 20520K, committed 20736K, reserved 1067008K
  class space    used 2379K, capacity 2477K, committed 2560K, reserved 1048576K
Event: 39.649 GC heap after
Heap after GC invocations=30 (full 3):
 PSYoungGen      total 394752K, used 3200K [0x0000000795580000, 0x00000007bad80000, 0x00000007c0000000)
  eden space 391168K, 0% used [0x0000000795580000,0x0000000795580000,0x00000007ad380000)
  from space 3584K, 89% used [0x00000007b9c00000,0x00000007b9f20000,0x00000007b9f80000)
  to   space 9728K, 0% used [0x00000007ba400000,0x00000007ba400000,0x00000007bad80000)
 ParOldGen       total 175104K, used 15636K [0x0000000740000000, 0x000000074ab00000, 0x0000000795580000)
  object space 175104K, 8% used [0x0000000740000000,0x0000000740f452c8,0x000000074ab00000)
 Metaspace       used 20247K, capacity 20520K, committed 20736K, reserved 1067008K
  class space    used 2379K, capacity 2477K, committed 2560K, reserved 1048576K
}
Event: 40.076 GC heap before
{Heap before GC invocations=31 (full 3):
 PSYoungGen      total 394752K, used 344496K [0x0000000795580000, 0x00000007bad80000, 0x00000007c0000000)
  eden space 391168K, 87% used [0x0000000795580000,0x00000007aa2cc0f8,0x00000007ad380000)
  from space 3584K, 89% used [0x00000007b9c00000,0x00000007b9f20000,0x00000007b9f80000)
  to   space 9728K, 0% used [0x00000007ba400000,0x00000007ba400000,0x00000007bad80000)
 ParOldGen       total 175104K, used 15636K [0x0000000740000000, 0x000000074ab00000, 0x0000000795580000)
  object space 175104K, 8% used [0x0000000740000000,0x0000000740f452c8,0x000000074ab00000)
 Metaspace       used 20306K, capacity 20656K, committed 20736K, reserved 1067008K
  class space    used 2386K, capacity 2489K, committed 2560K, reserved 1048576K
Event: 40.078 GC heap after
Heap after GC invocations=31 (full 3):
 PSYoungGen      total 393728K, used 2240K [0x0000000795580000, 0x00000007ba680000, 0x00000007c0000000)
  eden space 391168K, 0% used [0x0000000795580000,0x0000000795580000,0x00000007ad380000)
  from space 2560K, 87% used [0x00000007ba400000,0x00000007ba630000,0x00000007ba680000)
  to   space 9216K, 0% used [0x00000007b9480000,0x00000007b9480000,0x00000007b9d80000)
 ParOldGen       total 175104K, used 15692K [0x0000000740000000, 0x000000074ab00000, 0x0000000795580000)
  object space 175104K, 8% used [0x0000000740000000,0x0000000740f532c8,0x000000074ab00000)
 Metaspace       used 20306K, capacity 20656K, committed 20736K, reserved 1067008K
  class space    used 2386K, capacity 2489K, committed 2560K, reserved 1048576K
}
Event: 40.078 GC heap before
{Heap before GC invocations=32 (full 4):
 PSYoungGen      total 393728K, used 2240K [0x0000000795580000, 0x00000007ba680000, 0x00000007c0000000)
  eden space 391168K, 0% used [0x0000000795580000,0x0000000795580000,0x00000007ad380000)
  from space 2560K, 87% used [0x00000007ba400000,0x00000007ba630000,0x00000007ba680000)
  to   space 9216K, 0% used [0x00000007b9480000,0x00000007b9480000,0x00000007b9d80000)
 ParOldGen       total 175104K, used 15692K [0x0000000740000000, 0x000000074ab00000, 0x0000000795580000)
  object space 175104K, 8% used [0x0000000740000000,0x0000000740f532c8,0x000000074ab00000)
 Metaspace       used 20306K, capacity 20656K, committed 20736K, reserved 1067008K
  class space    used 2386K, capacity 2489K, committed 2560K, reserved 1048576K
Event: 40.124 GC heap after
Heap after GC invocations=32 (full 4):
 PSYoungGen      total 393728K, used 0K [0x0000000795580000, 0x00000007ba680000, 0x00000007c0000000)
  eden space 391168K, 0% used [0x0000000795580000,0x0000000795580000,0x00000007ad380000)
  from space 2560K, 0% used [0x00000007ba400000,0x00000007ba400000,0x00000007ba680000)
  to   space 9216K, 0% used [0x00000007b9480000,0x00000007b9480000,0x00000007b9d80000)
 ParOldGen       total 175104K, used 12903K [0x0000000740000000, 0x000000074ab00000, 0x0000000795580000)
  object space 175104K, 7% used [0x0000000740000000,0x0000000740c99db0,0x000000074ab00000)
 Metaspace       used 20306K, capacity 20656K, committed 20736K, reserved 1067008K
  class space    used 2386K, capacity 2489K, committed 2560K, reserved 1048576K
}

