# JRE version: Java(TM) 2 Runtime Environment, Standard Edition (8.0_121-b13) (build 1.8.0_121-b13 14_Feb_2017_06_58 Mac OS X x64(SR4 FP1))
# Java VM: Java HotSpot(TM) 64-Bit Server VM (25.121-b13 mixed mode bsd-amd64 compressed oops)
Heap:
 PSYoungGen      total 473600K, used 9400K [0x0000000795580000, 0x00000007bef80000, 0x00000007c0000000)
  eden space 473088K, 1% used [0x0000000795580000,0x0000000795eae3d8,0x00000007b2380000)
  from space 512K, 0% used [0x00000007bef00000,0x00000007bef00000,0x00000007bef80000)
  to   space 9216K, 0% used [0x00000007bdd80000,0x00000007bdd80000,0x00000007be680000)
 ParOldGen       total 175104K, used 9975K [0x0000000740000000, 0x000000074ab00000, 0x0000000795580000)
  object space 175104K, 5% used [0x0000000740000000,0x00000007409bde28,0x000000074ab00000)
 Metaspace       used 19828K, capacity 20116K, committed 20224K, reserved 1067008K
  class space    used 2369K, capacity 2463K, committed 2560K, reserved 1048576K
GC Heap History (10 events):
Event: 16.266 GC heap before
{Heap before GC invocations=9 (full 0):
 PSYoungGen      total 525824K, used 522466K [0x0000000795580000, 0x00000007b6080000, 0x00000007c0000000)
  eden space 517120K, 100% used [0x0000000795580000,0x00000007b4e80000,0x00000007b4e80000)
  from space 8704K, 61% used [0x00000007b5800000,0x00000007b5d38a90,0x00000007b6080000)
  to   space 9216K, 0% used [0x00000007b4e80000,0x00000007b4e80000,0x00000007b5780000)
 ParOldGen       total 175104K, used 7372K [0x0000000740000000, 0x000000074ab00000, 0x0000000795580000)
  object space 175104K, 4% used [0x0000000740000000,0x0000000740733218,0x000000074ab00000)
 Metaspace       used 19146K, capacity 19458K, committed 19584K, reserved 1067008K
  class space    used 2289K, capacity 2396K, committed 2432K, reserved 1048576K
Event: 16.272 GC heap after
Heap after GC invocations=9 (full 0):
 PSYoungGen      total 526336K, used 3904K [0x0000000795580000, 0x00000007c0000000, 0x00000007c0000000)
  eden space 517120K, 0% used [0x0000000795580000,0x0000000795580000,0x00000007b4e80000)
  from space 9216K, 42% used [0x00000007b4e80000,0x00000007b5250000,0x00000007b5780000)
  to   space 9216K, 0% used [0x00000007bf700000,0x00000007bf700000,0x00000007c0000000)
 ParOldGen       total 175104K, used 10567K [0x0000000740000000, 0x000000074ab00000, 0x0000000795580000)
  object space 175104K, 6% used [0x0000000740000000,0x0000000740a51d98,0x000000074ab00000)
 Metaspace       used 19146K, capacity 19458K, committed 19584K, reserved 1067008K
  class space    used 2289K, capacity 2396K, committed 2432K, reserved 1048576K
}
Event: 16.990 GC heap before
{Heap before GC invocations=10 (full 0):
 PSYoungGen      total 526336K, used 521024K [0x0000000795580000, 0x00000007c0000000, 0x00000007c0000000)
  eden space 517120K, 100% used [0x0000000795580000,0x00000007b4e80000,0x00000007b4e80000)
  from space 9216K, 42% used [0x00000007b4e80000,0x00000007b5250000,0x00000007b5780000)
  to   space 9216K, 0% used [0x00000007bf700000,0x00000007bf700000,0x00000007c0000000)
 ParOldGen       total 175104K, used 10567K [0x0000000740000000, 0x000000074ab00000, 0x0000000795580000)
  object space 175104K, 6% used [0x0000000740000000,0x0000000740a51d98,0x000000074ab00000)
 Metaspace       used 19333K, capacity 19586K, committed 19840K, reserved 1067008K
  class space    used 2292K, capacity 2396K, committed 2432K, reserved 1048576K
Event: 16.994 GC heap after
Heap after GC invocations=10 (full 0):
 PSYoungGen      total 498688K, used 3968K [0x0000000795580000, 0x00000007bfb00000, 0x00000007c0000000)
  eden space 494592K, 0% used [0x0000000795580000,0x0000000795580000,0x00000007b3880000)
  from space 4096K, 96% used [0x00000007bf700000,0x00000007bfae0000,0x00000007bfb00000)
  to   space 8704K, 0% used [0x00000007bea00000,0x00000007bea00000,0x00000007bf280000)
 ParOldGen       total 175104K, used 10687K [0x0000000740000000, 0x000000074ab00000, 0x0000000795580000)
  object space 175104K, 6% used [0x0000000740000000,0x0000000740a6fd98,0x000000074ab00000)
 Metaspace       used 19333K, capacity 19586K, committed 19840K, reserved 1067008K
  class space    used 2292K, capacity 2396K, committed 2432K, reserved 1048576K
}
Event: 17.651 GC heap before
{Heap before GC invocations=11 (full 0):
 PSYoungGen      total 498688K, used 498560K [0x0000000795580000, 0x00000007bfb00000, 0x00000007c0000000)
  eden space 494592K, 100% used [0x0000000795580000,0x00000007b3880000,0x00000007b3880000)
  from space 4096K, 96% used [0x00000007bf700000,0x00000007bfae0000,0x00000007bfb00000)
  to   space 8704K, 0% used [0x00000007bea00000,0x00000007bea00000,0x00000007bf280000)
 ParOldGen       total 175104K, used 10687K [0x0000000740000000, 0x000000074ab00000, 0x0000000795580000)
  object space 175104K, 6% used [0x0000000740000000,0x0000000740a6fd98,0x000000074ab00000)
 Metaspace       used 19733K, capacity 20014K, committed 20096K, reserved 1067008K
  class space    used 2352K, capacity 2430K, committed 2432K, reserved 1048576K
Event: 17.655 GC heap after
Heap after GC invocations=11 (full 0):
 PSYoungGen      total 477184K, used 3648K [0x0000000795580000, 0x00000007bf780000, 0x00000007c0000000)
  eden space 473088K, 0% used [0x0000000795580000,0x0000000795580000,0x00000007b2380000)
  from space 4096K, 89% used [0x00000007bea00000,0x00000007bed90000,0x00000007bee00000)
  to   space 8704K, 0% used [0x00000007bef00000,0x00000007bef00000,0x00000007bf780000)
 ParOldGen       total 175104K, used 10847K [0x0000000740000000, 0x000000074ab00000, 0x0000000795580000)
  object space 175104K, 6% used [0x0000000740000000,0x0000000740a97d98,0x000000074ab00000)
 Metaspace       used 19733K, capacity 20014K, committed 20096K, reserved 1067008K
  class space    used 2352K, capacity 2430K, committed 2432K, reserved 1048576K
}
Event: 17.744 GC heap before
{Heap before GC invocations=12 (full 0):
 PSYoungGen      total 477184K, used 22548K [0x0000000795580000, 0x00000007bf780000, 0x00000007c0000000)
  eden space 473088K, 3% used [0x0000000795580000,0x00000007967f5148,0x00000007b2380000)
  from space 4096K, 89% used [0x00000007bea00000,0x00000007bed90000,0x00000007bee00000)
  to   space 8704K, 0% used [0x00000007bef00000,0x00000007bef00000,0x00000007bf780000)
 ParOldGen       total 175104K, used 10847K [0x0000000740000000, 0x000000074ab00000, 0x0000000795580000)
  object space 175104K, 6% used [0x0000000740000000,0x0000000740a97d98,0x000000074ab00000)
 Metaspace       used 19801K, capacity 20116K, committed 20224K, reserved 1067008K
  class space    used 2365K, capacity 2463K, committed 2560K, reserved 1048576K
Event: 17.745 GC heap after
Heap after GC invocations=12 (full 0):
 PSYoungGen      total 473600K, used 192K [0x0000000795580000, 0x00000007bef80000, 0x00000007c0000000)
  eden space 473088K, 0% used [0x0000000795580000,0x0000000795580000,0x00000007b2380000)
  from space 512K, 37% used [0x00000007bef00000,0x00000007bef30000,0x00000007bef80000)
  to   space 9216K, 0% used [0x00000007bdd80000,0x00000007bdd80000,0x00000007be680000)
 ParOldGen       total 175104K, used 11033K [0x0000000740000000, 0x000000074ab00000, 0x0000000795580000)
  object space 175104K, 6% used [0x0000000740000000,0x0000000740ac65a8,0x000000074ab00000)
 Metaspace       used 19801K, capacity 20116K, committed 20224K, reserved 1067008K
  class space    used 2365K, capacity 2463K, committed 2560K, reserved 1048576K
}
Event: 17.745 GC heap before
{Heap before GC invocations=13 (full 1):
 PSYoungGen      total 473600K, used 192K [0x0000000795580000, 0x00000007bef80000, 0x00000007c0000000)
  eden space 473088K, 0% used [0x0000000795580000,0x0000000795580000,0x00000007b2380000)
  from space 512K, 37% used [0x00000007bef00000,0x00000007bef30000,0x00000007bef80000)
  to   space 9216K, 0% used [0x00000007bdd80000,0x00000007bdd80000,0x00000007be680000)
 ParOldGen       total 175104K, used 11033K [0x0000000740000000, 0x000000074ab00000, 0x0000000795580000)
  object space 175104K, 6% used [0x0000000740000000,0x0000000740ac65a8,0x000000074ab00000)
 Metaspace       used 19801K, capacity 20116K, committed 20224K, reserved 1067008K
  class space    used 2365K, capacity 2463K, committed 2560K, reserved 1048576K
Event: 17.788 GC heap after
Heap after GC invocations=13 (full 1):
 PSYoungGen      total 473600K, used 0K [0x0000000795580000, 0x00000007bef80000, 0x00000007c0000000)
  eden space 473088K, 0% used [0x0000000795580000,0x0000000795580000,0x00000007b2380000)
  from space 512K, 0% used [0x00000007bef00000,0x00000007bef00000,0x00000007bef80000)
  to   space 9216K, 0% used [0x00000007bdd80000,0x00000007bdd80000,0x00000007be680000)
 ParOldGen       total 175104K, used 9975K [0x0000000740000000, 0x000000074ab00000, 0x0000000795580000)
  object space 175104K, 5% used [0x0000000740000000,0x00000007409bde28,0x000000074ab00000)
 Metaspace       used 19801K, capacity 20116K, committed 20224K, reserved 1067008K
  class space    used 2365K, capacity 2463K, committed 2560K, reserved 1048576K
}

