# JRE version: Java(TM) 2 Runtime Environment, Standard Edition (8.0_121-b13) (build 1.8.0_121-b13 14_Feb_2017_06_58 Mac OS X x64(SR4 FP1))
# Java VM: Java HotSpot(TM) 64-Bit Server VM (25.121-b13 mixed mode bsd-amd64 compressed oops)
Heap:
 PSYoungGen      total 157184K, used 3094K [0x0000000795580000, 0x00000007ae600000, 0x00000007c0000000)
  eden space 156160K, 1% used [0x0000000795580000,0x0000000795885ab8,0x000000079ee00000)
  from space 1024K, 0% used [0x00000007ae500000,0x00000007ae500000,0x00000007ae600000)
  to   space 2048K, 0% used [0x00000007ae200000,0x00000007ae200000,0x00000007ae400000)
 ParOldGen       total 175104K, used 17867K [0x0000000740000000, 0x000000074ab00000, 0x0000000795580000)
  object space 175104K, 10% used [0x0000000740000000,0x0000000741172e90,0x000000074ab00000)
 Metaspace       used 20698K, capacity 21138K, committed 21248K, reserved 1069056K
  class space    used 2402K, capacity 2516K, committed 2560K, reserved 1048576K
GC Heap History (10 events):
Event: 166.805 GC heap before
{Heap before GC invocations=138 (full 11):
 PSYoungGen      total 175104K, used 175008K [0x0000000795580000, 0x00000007ae980000, 0x00000007c0000000)
  eden space 173568K, 100% used [0x0000000795580000,0x000000079ff00000,0x000000079ff00000)
  from space 1536K, 93% used [0x00000007ae800000,0x00000007ae968000,0x00000007ae980000)
  to   space 2560K, 0% used [0x00000007ae480000,0x00000007ae480000,0x00000007ae700000)
 ParOldGen       total 175104K, used 22643K [0x0000000740000000, 0x000000074ab00000, 0x0000000795580000)
  object space 175104K, 12% used [0x0000000740000000,0x000000074161cce8,0x000000074ab00000)
 Metaspace       used 20698K, capacity 21138K, committed 21248K, reserved 1069056K
  class space    used 2402K, capacity 2516K, committed 2560K, reserved 1048576K
Event: 166.806 GC heap after
Heap after GC invocations=138 (full 11):
 PSYoungGen      total 168960K, used 1472K [0x0000000795580000, 0x00000007ae880000, 0x00000007c0000000)
  eden space 167424K, 0% used [0x0000000795580000,0x0000000795580000,0x000000079f900000)
  from space 1536K, 95% used [0x00000007ae480000,0x00000007ae5f0000,0x00000007ae600000)
  to   space 2560K, 0% used [0x00000007ae600000,0x00000007ae600000,0x00000007ae880000)
 ParOldGen       total 175104K, used 22683K [0x0000000740000000, 0x000000074ab00000, 0x0000000795580000)
  object space 175104K, 12% used [0x0000000740000000,0x0000000741626ce8,0x000000074ab00000)
 Metaspace       used 20698K, capacity 21138K, committed 21248K, reserved 1069056K
  class space    used 2402K, capacity 2516K, committed 2560K, reserved 1048576K
}
Event: 166.993 GC heap before
{Heap before GC invocations=139 (full 11):
 PSYoungGen      total 168960K, used 168896K [0x0000000795580000, 0x00000007ae880000, 0x00000007c0000000)
  eden space 167424K, 100% used [0x0000000795580000,0x000000079f900000,0x000000079f900000)
  from space 1536K, 95% used [0x00000007ae480000,0x00000007ae5f0000,0x00000007ae600000)
  to   space 2560K, 0% used [0x00000007ae600000,0x00000007ae600000,0x00000007ae880000)
 ParOldGen       total 175104K, used 22683K [0x0000000740000000, 0x000000074ab00000, 0x0000000795580000)
  object space 175104K, 12% used [0x0000000740000000,0x0000000741626ce8,0x000000074ab00000)
 Metaspace       used 20698K, capacity 21138K, committed 21248K, reserved 1069056K
  class space    used 2402K, capacity 2516K, committed 2560K, reserved 1048576K
Event: 166.995 GC heap after
Heap after GC invocations=139 (full 11):
 PSYoungGen      total 163328K, used 1312K [0x0000000795580000, 0x00000007ae780000, 0x00000007c0000000)
  eden space 161792K, 0% used [0x0000000795580000,0x0000000795580000,0x000000079f380000)
  from space 1536K, 85% used [0x00000007ae600000,0x00000007ae748000,0x00000007ae780000)
  to   space 2048K, 0% used [0x00000007ae380000,0x00000007ae380000,0x00000007ae580000)
 ParOldGen       total 175104K, used 22731K [0x0000000740000000, 0x000000074ab00000, 0x0000000795580000)
  object space 175104K, 12% used [0x0000000740000000,0x0000000741632ce8,0x000000074ab00000)
 Metaspace       used 20698K, capacity 21138K, committed 21248K, reserved 1069056K
  class space    used 2402K, capacity 2516K, committed 2560K, reserved 1048576K
}
Event: 167.166 GC heap before
{Heap before GC invocations=140 (full 11):
 PSYoungGen      total 163328K, used 163104K [0x0000000795580000, 0x00000007ae780000, 0x00000007c0000000)
  eden space 161792K, 100% used [0x0000000795580000,0x000000079f380000,0x000000079f380000)
  from space 1536K, 85% used [0x00000007ae600000,0x00000007ae748000,0x00000007ae780000)
  to   space 2048K, 0% used [0x00000007ae380000,0x00000007ae380000,0x00000007ae580000)
 ParOldGen       total 175104K, used 22731K [0x0000000740000000, 0x000000074ab00000, 0x0000000795580000)
  object space 175104K, 12% used [0x0000000740000000,0x0000000741632ce8,0x000000074ab00000)
 Metaspace       used 20698K, capacity 21138K, committed 21248K, reserved 1069056K
  class space    used 2402K, capacity 2516K, committed 2560K, reserved 1048576K
Event: 167.168 GC heap after
Heap after GC invocations=140 (full 11):
 PSYoungGen      total 157696K, used 1376K [0x0000000795580000, 0x00000007ae680000, 0x00000007c0000000)
  eden space 156160K, 0% used [0x0000000795580000,0x0000000795580000,0x000000079ee00000)
  from space 1536K, 89% used [0x00000007ae380000,0x00000007ae4d8000,0x00000007ae500000)
  to   space 1536K, 0% used [0x00000007ae500000,0x00000007ae500000,0x00000007ae680000)
 ParOldGen       total 175104K, used 22795K [0x0000000740000000, 0x000000074ab00000, 0x0000000795580000)
  object space 175104K, 13% used [0x0000000740000000,0x0000000741642ce8,0x000000074ab00000)
 Metaspace       used 20698K, capacity 21138K, committed 21248K, reserved 1069056K
  class space    used 2402K, capacity 2516K, committed 2560K, reserved 1048576K
}
Event: 167.320 GC heap before
{Heap before GC invocations=141 (full 11):
 PSYoungGen      total 157696K, used 129308K [0x0000000795580000, 0x00000007ae680000, 0x00000007c0000000)
  eden space 156160K, 81% used [0x0000000795580000,0x000000079d26f340,0x000000079ee00000)
  from space 1536K, 89% used [0x00000007ae380000,0x00000007ae4d8000,0x00000007ae500000)
  to   space 1536K, 0% used [0x00000007ae500000,0x00000007ae500000,0x00000007ae680000)
 ParOldGen       total 175104K, used 22795K [0x0000000740000000, 0x000000074ab00000, 0x0000000795580000)
  object space 175104K, 13% used [0x0000000740000000,0x0000000741642ce8,0x000000074ab00000)
 Metaspace       used 20698K, capacity 21138K, committed 21248K, reserved 1069056K
  class space    used 2402K, capacity 2516K, committed 2560K, reserved 1048576K
Event: 167.321 GC heap after
Heap after GC invocations=141 (full 11):
 PSYoungGen      total 157184K, used 832K [0x0000000795580000, 0x00000007ae600000, 0x00000007c0000000)
  eden space 156160K, 0% used [0x0000000795580000,0x0000000795580000,0x000000079ee00000)
  from space 1024K, 81% used [0x00000007ae500000,0x00000007ae5d0000,0x00000007ae600000)
  to   space 2048K, 0% used [0x00000007ae200000,0x00000007ae200000,0x00000007ae400000)
 ParOldGen       total 175104K, used 22843K [0x0000000740000000, 0x000000074ab00000, 0x0000000795580000)
  object space 175104K, 13% used [0x0000000740000000,0x000000074164ece8,0x000000074ab00000)
 Metaspace       used 20698K, capacity 21138K, committed 21248K, reserved 1069056K
  class space    used 2402K, capacity 2516K, committed 2560K, reserved 1048576K
}
Event: 167.321 GC heap before
{Heap before GC invocations=142 (full 12):
 PSYoungGen      total 157184K, used 832K [0x0000000795580000, 0x00000007ae600000, 0x00000007c0000000)
  eden space 156160K, 0% used [0x0000000795580000,0x0000000795580000,0x000000079ee00000)
  from space 1024K, 81% used [0x00000007ae500000,0x00000007ae5d0000,0x00000007ae600000)
  to   space 2048K, 0% used [0x00000007ae200000,0x00000007ae200000,0x00000007ae400000)
 ParOldGen       total 175104K, used 22843K [0x0000000740000000, 0x000000074ab00000, 0x0000000795580000)
  object space 175104K, 13% used [0x0000000740000000,0x000000074164ece8,0x000000074ab00000)
 Metaspace       used 20698K, capacity 21138K, committed 21248K, reserved 1069056K
  class space    used 2402K, capacity 2516K, committed 2560K, reserved 1048576K
Event: 167.368 GC heap after
Heap after GC invocations=142 (full 12):
 PSYoungGen      total 157184K, used 0K [0x0000000795580000, 0x00000007ae600000, 0x00000007c0000000)
  eden space 156160K, 0% used [0x0000000795580000,0x0000000795580000,0x000000079ee00000)
  from space 1024K, 0% used [0x00000007ae500000,0x00000007ae500000,0x00000007ae600000)
  to   space 2048K, 0% used [0x00000007ae200000,0x00000007ae200000,0x00000007ae400000)
 ParOldGen       total 175104K, used 17867K [0x0000000740000000, 0x000000074ab00000, 0x0000000795580000)
  object space 175104K, 10% used [0x0000000740000000,0x0000000741172e90,0x000000074ab00000)
 Metaspace       used 20698K, capacity 21138K, committed 21248K, reserved 1069056K
  class space    used 2402K, capacity 2516K, committed 2560K, reserved 1048576K
}

