# JRE version: Java(TM) 2 Runtime Environment, Standard Edition (8.0_121-b13) (build 1.8.0_121-b13 14_Feb_2017_06_58 Mac OS X x64(SR4 FP1))
# Java VM: Java HotSpot(TM) 64-Bit Server VM (25.121-b13 mixed mode bsd-amd64 compressed oops)
Heap:
 PSYoungGen      total 155648K, used 3100K [0x0000000795580000, 0x00000007abe00000, 0x00000007c0000000)
  eden space 155136K, 1% used [0x0000000795580000,0x0000000795887300,0x000000079ed00000)
  from space 512K, 0% used [0x00000007abd80000,0x00000007abd80000,0x00000007abe00000)
  to   space 3072K, 0% used [0x00000007ab800000,0x00000007ab800000,0x00000007abb00000)
 ParOldGen       total 175104K, used 19870K [0x0000000740000000, 0x000000074ab00000, 0x0000000795580000)
  object space 175104K, 11% used [0x0000000740000000,0x0000000741367838,0x000000074ab00000)
 Metaspace       used 20715K, capacity 21138K, committed 21248K, reserved 1069056K
  class space    used 2402K, capacity 2516K, committed 2560K, reserved 1048576K
GC Heap History (10 events):
Event: 236.535 GC heap before
{Heap before GC invocations=152 (full 11):
 PSYoungGen      total 174080K, used 174080K [0x0000000795580000, 0x00000007ac400000, 0x00000007c0000000)
  eden space 172544K, 100% used [0x0000000795580000,0x000000079fe00000,0x000000079fe00000)
  from space 1536K, 100% used [0x00000007ac280000,0x00000007ac400000,0x00000007ac400000)
  to   space 3072K, 0% used [0x00000007abe00000,0x00000007abe00000,0x00000007ac100000)
 ParOldGen       total 175104K, used 27167K [0x0000000740000000, 0x000000074ab00000, 0x0000000795580000)
  object space 175104K, 15% used [0x0000000740000000,0x0000000741a87f50,0x000000074ab00000)
 Metaspace       used 20715K, capacity 21138K, committed 21248K, reserved 1069056K
  class space    used 2402K, capacity 2516K, committed 2560K, reserved 1048576K
Event: 236.537 GC heap after
Heap after GC invocations=152 (full 11):
 PSYoungGen      total 167936K, used 1504K [0x0000000795580000, 0x00000007ac300000, 0x00000007c0000000)
  eden space 166400K, 0% used [0x0000000795580000,0x0000000795580000,0x000000079f800000)
  from space 1536K, 97% used [0x00000007abe00000,0x00000007abf78000,0x00000007abf80000)
  to   space 3072K, 0% used [0x00000007ac000000,0x00000007ac000000,0x00000007ac300000)
 ParOldGen       total 175104K, used 27207K [0x0000000740000000, 0x000000074ab00000, 0x0000000795580000)
  object space 175104K, 15% used [0x0000000740000000,0x0000000741a91f50,0x000000074ab00000)
 Metaspace       used 20715K, capacity 21138K, committed 21248K, reserved 1069056K
  class space    used 2402K, capacity 2516K, committed 2560K, reserved 1048576K
}
Event: 236.720 GC heap before
{Heap before GC invocations=153 (full 11):
 PSYoungGen      total 167936K, used 167904K [0x0000000795580000, 0x00000007ac300000, 0x00000007c0000000)
  eden space 166400K, 100% used [0x0000000795580000,0x000000079f800000,0x000000079f800000)
  from space 1536K, 97% used [0x00000007abe00000,0x00000007abf78000,0x00000007abf80000)
  to   space 3072K, 0% used [0x00000007ac000000,0x00000007ac000000,0x00000007ac300000)
 ParOldGen       total 175104K, used 27207K [0x0000000740000000, 0x000000074ab00000, 0x0000000795580000)
  object space 175104K, 15% used [0x0000000740000000,0x0000000741a91f50,0x000000074ab00000)
 Metaspace       used 20715K, capacity 21138K, committed 21248K, reserved 1069056K
  class space    used 2402K, capacity 2516K, committed 2560K, reserved 1048576K
Event: 236.721 GC heap after
Heap after GC invocations=153 (full 11):
 PSYoungGen      total 162304K, used 1216K [0x0000000795580000, 0x00000007ac180000, 0x00000007c0000000)
  eden space 160768K, 0% used [0x0000000795580000,0x0000000795580000,0x000000079f280000)
  from space 1536K, 79% used [0x00000007ac000000,0x00000007ac130000,0x00000007ac180000)
  to   space 3072K, 0% used [0x00000007abb80000,0x00000007abb80000,0x00000007abe80000)
 ParOldGen       total 175104K, used 27247K [0x0000000740000000, 0x000000074ab00000, 0x0000000795580000)
  object space 175104K, 15% used [0x0000000740000000,0x0000000741a9bf50,0x000000074ab00000)
 Metaspace       used 20715K, capacity 21138K, committed 21248K, reserved 1069056K
  class space    used 2402K, capacity 2516K, committed 2560K, reserved 1048576K
}
Event: 236.918 GC heap before
{Heap before GC invocations=154 (full 11):
 PSYoungGen      total 162304K, used 161984K [0x0000000795580000, 0x00000007ac180000, 0x00000007c0000000)
  eden space 160768K, 100% used [0x0000000795580000,0x000000079f280000,0x000000079f280000)
  from space 1536K, 79% used [0x00000007ac000000,0x00000007ac130000,0x00000007ac180000)
  to   space 3072K, 0% used [0x00000007abb80000,0x00000007abb80000,0x00000007abe80000)
 ParOldGen       total 175104K, used 27247K [0x0000000740000000, 0x000000074ab00000, 0x0000000795580000)
  object space 175104K, 15% used [0x0000000740000000,0x0000000741a9bf50,0x000000074ab00000)
 Metaspace       used 20715K, capacity 21138K, committed 21248K, reserved 1069056K
  class space    used 2402K, capacity 2516K, committed 2560K, reserved 1048576K
Event: 236.920 GC heap after
Heap after GC invocations=154 (full 11):
 PSYoungGen      total 156672K, used 1056K [0x0000000795580000, 0x00000007ac080000, 0x00000007c0000000)
  eden space 155136K, 0% used [0x0000000795580000,0x0000000795580000,0x000000079ed00000)
  from space 1536K, 68% used [0x00000007abb80000,0x00000007abc88000,0x00000007abd00000)
  to   space 3072K, 0% used [0x00000007abd80000,0x00000007abd80000,0x00000007ac080000)
 ParOldGen       total 175104K, used 27335K [0x0000000740000000, 0x000000074ab00000, 0x0000000795580000)
  object space 175104K, 15% used [0x0000000740000000,0x0000000741ab1f50,0x000000074ab00000)
 Metaspace       used 20715K, capacity 21138K, committed 21248K, reserved 1069056K
  class space    used 2402K, capacity 2516K, committed 2560K, reserved 1048576K
}
Event: 236.922 GC heap before
{Heap before GC invocations=155 (full 11):
 PSYoungGen      total 156672K, used 4156K [0x0000000795580000, 0x00000007ac080000, 0x00000007c0000000)
  eden space 155136K, 1% used [0x0000000795580000,0x0000000795887360,0x000000079ed00000)
  from space 1536K, 68% used [0x00000007abb80000,0x00000007abc88000,0x00000007abd00000)
  to   space 3072K, 0% used [0x00000007abd80000,0x00000007abd80000,0x00000007ac080000)
 ParOldGen       total 175104K, used 27335K [0x0000000740000000, 0x000000074ab00000, 0x0000000795580000)
  object space 175104K, 15% used [0x0000000740000000,0x0000000741ab1f50,0x000000074ab00000)
 Metaspace       used 20715K, capacity 21138K, committed 21248K, reserved 1069056K
  class space    used 2402K, capacity 2516K, committed 2560K, reserved 1048576K
Event: 236.923 GC heap after
Heap after GC invocations=155 (full 11):
 PSYoungGen      total 155648K, used 192K [0x0000000795580000, 0x00000007abe00000, 0x00000007c0000000)
  eden space 155136K, 0% used [0x0000000795580000,0x0000000795580000,0x000000079ed00000)
  from space 512K, 37% used [0x00000007abd80000,0x00000007abdb0000,0x00000007abe00000)
  to   space 3072K, 0% used [0x00000007ab800000,0x00000007ab800000,0x00000007abb00000)
 ParOldGen       total 175104K, used 27431K [0x0000000740000000, 0x000000074ab00000, 0x0000000795580000)
  object space 175104K, 15% used [0x0000000740000000,0x0000000741ac9f50,0x000000074ab00000)
 Metaspace       used 20715K, capacity 21138K, committed 21248K, reserved 1069056K
  class space    used 2402K, capacity 2516K, committed 2560K, reserved 1048576K
}
Event: 236.923 GC heap before
{Heap before GC invocations=156 (full 12):
 PSYoungGen      total 155648K, used 192K [0x0000000795580000, 0x00000007abe00000, 0x00000007c0000000)
  eden space 155136K, 0% used [0x0000000795580000,0x0000000795580000,0x000000079ed00000)
  from space 512K, 37% used [0x00000007abd80000,0x00000007abdb0000,0x00000007abe00000)
  to   space 3072K, 0% used [0x00000007ab800000,0x00000007ab800000,0x00000007abb00000)
 ParOldGen       total 175104K, used 27431K [0x0000000740000000, 0x000000074ab00000, 0x0000000795580000)
  object space 175104K, 15% used [0x0000000740000000,0x0000000741ac9f50,0x000000074ab00000)
 Metaspace       used 20715K, capacity 21138K, committed 21248K, reserved 1069056K
  class space    used 2402K, capacity 2516K, committed 2560K, reserved 1048576K
Event: 236.972 GC heap after
Heap after GC invocations=156 (full 12):
 PSYoungGen      total 155648K, used 0K [0x0000000795580000, 0x00000007abe00000, 0x00000007c0000000)
  eden space 155136K, 0% used [0x0000000795580000,0x0000000795580000,0x000000079ed00000)
  from space 512K, 0% used [0x00000007abd80000,0x00000007abd80000,0x00000007abe00000)
  to   space 3072K, 0% used [0x00000007ab800000,0x00000007ab800000,0x00000007abb00000)
 ParOldGen       total 175104K, used 19870K [0x0000000740000000, 0x000000074ab00000, 0x0000000795580000)
  object space 175104K, 11% used [0x0000000740000000,0x0000000741367838,0x000000074ab00000)
 Metaspace       used 20715K, capacity 21138K, committed 21248K, reserved 1069056K
  class space    used 2402K, capacity 2516K, committed 2560K, reserved 1048576K
}

