# JRE version: Java(TM) 2 Runtime Environment, Standard Edition (8.0_121-b13) (build 1.8.0_121-b13 14_Feb_2017_06_58 Mac OS X x64(SR4 FP1))
# Java VM: Java HotSpot(TM) 64-Bit Server VM (25.121-b13 mixed mode bsd-amd64 compressed oops)
Heap:
 PSYoungGen      total 182272K, used 3593K [0x0000000795580000, 0x00000007acd80000, 0x00000007c0000000)
  eden space 181248K, 1% used [0x0000000795580000,0x0000000795902630,0x00000007a0680000)
  from space 1024K, 0% used [0x00000007acc80000,0x00000007acc80000,0x00000007acd80000)
  to   space 3072K, 0% used [0x00000007ac780000,0x00000007ac780000,0x00000007aca80000)
 ParOldGen       total 175104K, used 20609K [0x0000000740000000, 0x000000074ab00000, 0x0000000795580000)
  object space 175104K, 11% used [0x0000000740000000,0x0000000741420420,0x000000074ab00000)
 Metaspace       used 20718K, capacity 21138K, committed 21248K, reserved 1069056K
  class space    used 2402K, capacity 2516K, committed 2560K, reserved 1048576K
GC Heap History (10 events):
Event: 194.840 GC heap before
{Heap before GC invocations=140 (full 11):
 PSYoungGen      total 204288K, used 203872K [0x0000000795580000, 0x00000007ad300000, 0x00000007c0000000)
  eden space 202240K, 100% used [0x0000000795580000,0x00000007a1b00000,0x00000007a1b00000)
  from space 2048K, 79% used [0x00000007ad100000,0x00000007ad298000,0x00000007ad300000)
  to   space 3072K, 0% used [0x00000007acd00000,0x00000007acd00000,0x00000007ad000000)
 ParOldGen       total 175104K, used 26057K [0x0000000740000000, 0x000000074ab00000, 0x0000000795580000)
  object space 175104K, 14% used [0x0000000740000000,0x0000000741972598,0x000000074ab00000)
 Metaspace       used 20718K, capacity 21138K, committed 21248K, reserved 1069056K
  class space    used 2402K, capacity 2516K, committed 2560K, reserved 1048576K
Event: 194.842 GC heap after
Heap after GC invocations=140 (full 11):
 PSYoungGen      total 197120K, used 1600K [0x0000000795580000, 0x00000007ad180000, 0x00000007c0000000)
  eden space 195072K, 0% used [0x0000000795580000,0x0000000795580000,0x00000007a1400000)
  from space 2048K, 78% used [0x00000007acd00000,0x00000007ace90000,0x00000007acf00000)
  to   space 2560K, 0% used [0x00000007acf00000,0x00000007acf00000,0x00000007ad180000)
 ParOldGen       total 175104K, used 26153K [0x0000000740000000, 0x000000074ab00000, 0x0000000795580000)
  object space 175104K, 14% used [0x0000000740000000,0x000000074198a598,0x000000074ab00000)
 Metaspace       used 20718K, capacity 21138K, committed 21248K, reserved 1069056K
  class space    used 2402K, capacity 2516K, committed 2560K, reserved 1048576K
}
Event: 195.060 GC heap before
{Heap before GC invocations=141 (full 11):
 PSYoungGen      total 197120K, used 196672K [0x0000000795580000, 0x00000007ad180000, 0x00000007c0000000)
  eden space 195072K, 100% used [0x0000000795580000,0x00000007a1400000,0x00000007a1400000)
  from space 2048K, 78% used [0x00000007acd00000,0x00000007ace90000,0x00000007acf00000)
  to   space 2560K, 0% used [0x00000007acf00000,0x00000007acf00000,0x00000007ad180000)
 ParOldGen       total 175104K, used 26153K [0x0000000740000000, 0x000000074ab00000, 0x0000000795580000)
  object space 175104K, 14% used [0x0000000740000000,0x000000074198a598,0x000000074ab00000)
 Metaspace       used 20718K, capacity 21138K, committed 21248K, reserved 1069056K
  class space    used 2402K, capacity 2516K, committed 2560K, reserved 1048576K
Event: 195.061 GC heap after
Heap after GC invocations=141 (full 11):
 PSYoungGen      total 189952K, used 1600K [0x0000000795580000, 0x00000007ad100000, 0x00000007c0000000)
  eden space 187904K, 0% used [0x0000000795580000,0x0000000795580000,0x00000007a0d00000)
  from space 2048K, 78% used [0x00000007acf00000,0x00000007ad090000,0x00000007ad100000)
  to   space 3072K, 0% used [0x00000007acb00000,0x00000007acb00000,0x00000007ace00000)
 ParOldGen       total 175104K, used 26193K [0x0000000740000000, 0x000000074ab00000, 0x0000000795580000)
  object space 175104K, 14% used [0x0000000740000000,0x0000000741994598,0x000000074ab00000)
 Metaspace       used 20718K, capacity 21138K, committed 21248K, reserved 1069056K
  class space    used 2402K, capacity 2516K, committed 2560K, reserved 1048576K
}
Event: 195.264 GC heap before
{Heap before GC invocations=142 (full 11):
 PSYoungGen      total 189952K, used 189504K [0x0000000795580000, 0x00000007ad100000, 0x00000007c0000000)
  eden space 187904K, 100% used [0x0000000795580000,0x00000007a0d00000,0x00000007a0d00000)
  from space 2048K, 78% used [0x00000007acf00000,0x00000007ad090000,0x00000007ad100000)
  to   space 3072K, 0% used [0x00000007acb00000,0x00000007acb00000,0x00000007ace00000)
 ParOldGen       total 175104K, used 26193K [0x0000000740000000, 0x000000074ab00000, 0x0000000795580000)
  object space 175104K, 14% used [0x0000000740000000,0x0000000741994598,0x000000074ab00000)
 Metaspace       used 20718K, capacity 21138K, committed 21248K, reserved 1069056K
  class space    used 2402K, capacity 2516K, committed 2560K, reserved 1048576K
Event: 195.265 GC heap after
Heap after GC invocations=142 (full 11):
 PSYoungGen      total 182784K, used 1344K [0x0000000795580000, 0x00000007acf80000, 0x00000007c0000000)
  eden space 181248K, 0% used [0x0000000795580000,0x0000000795580000,0x00000007a0680000)
  from space 1536K, 87% used [0x00000007acb00000,0x00000007acc50000,0x00000007acc80000)
  to   space 3072K, 0% used [0x00000007acc80000,0x00000007acc80000,0x00000007acf80000)
 ParOldGen       total 175104K, used 26225K [0x0000000740000000, 0x000000074ab00000, 0x0000000795580000)
  object space 175104K, 14% used [0x0000000740000000,0x000000074199c598,0x000000074ab00000)
 Metaspace       used 20718K, capacity 21138K, committed 21248K, reserved 1069056K
  class space    used 2402K, capacity 2516K, committed 2560K, reserved 1048576K
}
Event: 195.455 GC heap before
{Heap before GC invocations=143 (full 11):
 PSYoungGen      total 182784K, used 164242K [0x0000000795580000, 0x00000007acf80000, 0x00000007c0000000)
  eden space 181248K, 89% used [0x0000000795580000,0x000000079f4948b0,0x00000007a0680000)
  from space 1536K, 87% used [0x00000007acb00000,0x00000007acc50000,0x00000007acc80000)
  to   space 3072K, 0% used [0x00000007acc80000,0x00000007acc80000,0x00000007acf80000)
 ParOldGen       total 175104K, used 26225K [0x0000000740000000, 0x000000074ab00000, 0x0000000795580000)
  object space 175104K, 14% used [0x0000000740000000,0x000000074199c598,0x000000074ab00000)
 Metaspace       used 20718K, capacity 21138K, committed 21248K, reserved 1069056K
  class space    used 2402K, capacity 2516K, committed 2560K, reserved 1048576K
Event: 195.456 GC heap after
Heap after GC invocations=143 (full 11):
 PSYoungGen      total 182272K, used 1024K [0x0000000795580000, 0x00000007acd80000, 0x00000007c0000000)
  eden space 181248K, 0% used [0x0000000795580000,0x0000000795580000,0x00000007a0680000)
  from space 1024K, 100% used [0x00000007acc80000,0x00000007acd80000,0x00000007acd80000)
  to   space 3072K, 0% used [0x00000007ac780000,0x00000007ac780000,0x00000007aca80000)
 ParOldGen       total 175104K, used 26305K [0x0000000740000000, 0x000000074ab00000, 0x0000000795580000)
  object space 175104K, 15% used [0x0000000740000000,0x00000007419b0598,0x000000074ab00000)
 Metaspace       used 20718K, capacity 21138K, committed 21248K, reserved 1069056K
  class space    used 2402K, capacity 2516K, committed 2560K, reserved 1048576K
}
Event: 195.456 GC heap before
{Heap before GC invocations=144 (full 12):
 PSYoungGen      total 182272K, used 1024K [0x0000000795580000, 0x00000007acd80000, 0x00000007c0000000)
  eden space 181248K, 0% used [0x0000000795580000,0x0000000795580000,0x00000007a0680000)
  from space 1024K, 100% used [0x00000007acc80000,0x00000007acd80000,0x00000007acd80000)
  to   space 3072K, 0% used [0x00000007ac780000,0x00000007ac780000,0x00000007aca80000)
 ParOldGen       total 175104K, used 26305K [0x0000000740000000, 0x000000074ab00000, 0x0000000795580000)
  object space 175104K, 15% used [0x0000000740000000,0x00000007419b0598,0x000000074ab00000)
 Metaspace       used 20718K, capacity 21138K, committed 21248K, reserved 1069056K
  class space    used 2402K, capacity 2516K, committed 2560K, reserved 1048576K
Event: 195.508 GC heap after
Heap after GC invocations=144 (full 12):
 PSYoungGen      total 182272K, used 0K [0x0000000795580000, 0x00000007acd80000, 0x00000007c0000000)
  eden space 181248K, 0% used [0x0000000795580000,0x0000000795580000,0x00000007a0680000)
  from space 1024K, 0% used [0x00000007acc80000,0x00000007acc80000,0x00000007acd80000)
  to   space 3072K, 0% used [0x00000007ac780000,0x00000007ac780000,0x00000007aca80000)
 ParOldGen       total 175104K, used 20609K [0x0000000740000000, 0x000000074ab00000, 0x0000000795580000)
  object space 175104K, 11% used [0x0000000740000000,0x0000000741420420,0x000000074ab00000)
 Metaspace       used 20718K, capacity 21138K, committed 21248K, reserved 1069056K
  class space    used 2402K, capacity 2516K, committed 2560K, reserved 1048576K
}

