# JRE version: Java(TM) 2 Runtime Environment, Standard Edition (8.0_121-b13) (build 1.8.0_121-b13 14_Feb_2017_06_58 Mac OS X x64(SR4 FP1))
# Java VM: Java HotSpot(TM) 64-Bit Server VM (25.121-b13 mixed mode bsd-amd64 compressed oops)
Heap:
 PSYoungGen      total 254464K, used 5009K [0x0000000795580000, 0x00000007b0980000, 0x00000007c0000000)
  eden space 252928K, 1% used [0x0000000795580000,0x0000000795a64450,0x00000007a4c80000)
  from space 1536K, 0% used [0x00000007afc80000,0x00000007afc80000,0x00000007afe00000)
  to   space 7680K, 0% used [0x00000007b0200000,0x00000007b0200000,0x00000007b0980000)
 ParOldGen       total 175104K, used 12611K [0x0000000740000000, 0x000000074ab00000, 0x0000000795580000)
  object space 175104K, 7% used [0x0000000740000000,0x0000000740c50ce8,0x000000074ab00000)
 Metaspace       used 20326K, capacity 20720K, committed 20992K, reserved 1067008K
  class space    used 2386K, capacity 2489K, committed 2560K, reserved 1048576K
GC Heap History (10 events):
Event: 42.397 GC heap before
{Heap before GC invocations=35 (full 3):
 PSYoungGen      total 287744K, used 287520K [0x0000000795580000, 0x00000007b1900000, 0x00000007c0000000)
  eden space 285184K, 100% used [0x0000000795580000,0x00000007a6c00000,0x00000007a6c00000)
  from space 2560K, 91% used [0x00000007b0a00000,0x00000007b0c48000,0x00000007b0c80000)
  to   space 8704K, 0% used [0x00000007b1080000,0x00000007b1080000,0x00000007b1900000)
 ParOldGen       total 175104K, used 17184K [0x0000000740000000, 0x000000074ab00000, 0x0000000795580000)
  object space 175104K, 9% used [0x0000000740000000,0x00000007410c8048,0x000000074ab00000)
 Metaspace       used 20266K, capacity 20648K, committed 20736K, reserved 1067008K
  class space    used 2379K, capacity 2477K, committed 2560K, reserved 1048576K
Event: 42.399 GC heap after
Heap after GC invocations=35 (full 3):
 PSYoungGen      total 276480K, used 2176K [0x0000000795580000, 0x00000007b1300000, 0x00000007c0000000)
  eden space 273920K, 0% used [0x0000000795580000,0x0000000795580000,0x00000007a6100000)
  from space 2560K, 85% used [0x00000007b1080000,0x00000007b12a0000,0x00000007b1300000)
  to   space 8192K, 0% used [0x00000007b0300000,0x00000007b0300000,0x00000007b0b00000)
 ParOldGen       total 175104K, used 17216K [0x0000000740000000, 0x000000074ab00000, 0x0000000795580000)
  object space 175104K, 9% used [0x0000000740000000,0x00000007410d0048,0x000000074ab00000)
 Metaspace       used 20266K, capacity 20648K, committed 20736K, reserved 1067008K
  class space    used 2379K, capacity 2477K, committed 2560K, reserved 1048576K
}
Event: 42.699 GC heap before
{Heap before GC invocations=36 (full 3):
 PSYoungGen      total 276480K, used 276096K [0x0000000795580000, 0x00000007b1300000, 0x00000007c0000000)
  eden space 273920K, 100% used [0x0000000795580000,0x00000007a6100000,0x00000007a6100000)
  from space 2560K, 85% used [0x00000007b1080000,0x00000007b12a0000,0x00000007b1300000)
  to   space 8192K, 0% used [0x00000007b0300000,0x00000007b0300000,0x00000007b0b00000)
 ParOldGen       total 175104K, used 17216K [0x0000000740000000, 0x000000074ab00000, 0x0000000795580000)
  object space 175104K, 9% used [0x0000000740000000,0x00000007410d0048,0x000000074ab00000)
 Metaspace       used 20268K, capacity 20648K, committed 20736K, reserved 1067008K
  class space    used 2379K, capacity 2477K, committed 2560K, reserved 1048576K
Event: 42.702 GC heap after
Heap after GC invocations=36 (full 3):
 PSYoungGen      total 265728K, used 2176K [0x0000000795580000, 0x00000007b1100000, 0x00000007c0000000)
  eden space 263168K, 0% used [0x0000000795580000,0x0000000795580000,0x00000007a5680000)
  from space 2560K, 85% used [0x00000007b0300000,0x00000007b0520000,0x00000007b0580000)
  to   space 8192K, 0% used [0x00000007b0900000,0x00000007b0900000,0x00000007b1100000)
 ParOldGen       total 175104K, used 17296K [0x0000000740000000, 0x000000074ab00000, 0x0000000795580000)
  object space 175104K, 9% used [0x0000000740000000,0x00000007410e4048,0x000000074ab00000)
 Metaspace       used 20268K, capacity 20648K, committed 20736K, reserved 1067008K
  class space    used 2379K, capacity 2477K, committed 2560K, reserved 1048576K
}
Event: 43.003 GC heap before
{Heap before GC invocations=37 (full 3):
 PSYoungGen      total 265728K, used 265344K [0x0000000795580000, 0x00000007b1100000, 0x00000007c0000000)
  eden space 263168K, 100% used [0x0000000795580000,0x00000007a5680000,0x00000007a5680000)
  from space 2560K, 85% used [0x00000007b0300000,0x00000007b0520000,0x00000007b0580000)
  to   space 8192K, 0% used [0x00000007b0900000,0x00000007b0900000,0x00000007b1100000)
 ParOldGen       total 175104K, used 17296K [0x0000000740000000, 0x000000074ab00000, 0x0000000795580000)
  object space 175104K, 9% used [0x0000000740000000,0x00000007410e4048,0x000000074ab00000)
 Metaspace       used 20268K, capacity 20648K, committed 20736K, reserved 1067008K
  class space    used 2379K, capacity 2477K, committed 2560K, reserved 1048576K
Event: 43.005 GC heap after
Heap after GC invocations=37 (full 3):
 PSYoungGen      total 255488K, used 2080K [0x0000000795580000, 0x00000007b0b80000, 0x00000007c0000000)
  eden space 252928K, 0% used [0x0000000795580000,0x0000000795580000,0x00000007a4c80000)
  from space 2560K, 81% used [0x00000007b0900000,0x00000007b0b08000,0x00000007b0b80000)
  to   space 7680K, 0% used [0x00000007afc80000,0x00000007afc80000,0x00000007b0400000)
 ParOldGen       total 175104K, used 17328K [0x0000000740000000, 0x000000074ab00000, 0x0000000795580000)
  object space 175104K, 9% used [0x0000000740000000,0x00000007410ec048,0x000000074ab00000)
 Metaspace       used 20268K, capacity 20648K, committed 20736K, reserved 1067008K
  class space    used 2379K, capacity 2477K, committed 2560K, reserved 1048576K
}
Event: 43.286 GC heap before
{Heap before GC invocations=38 (full 3):
 PSYoungGen      total 255488K, used 243962K [0x0000000795580000, 0x00000007b0b80000, 0x00000007c0000000)
  eden space 252928K, 95% used [0x0000000795580000,0x00000007a41b6960,0x00000007a4c80000)
  from space 2560K, 81% used [0x00000007b0900000,0x00000007b0b08000,0x00000007b0b80000)
  to   space 7680K, 0% used [0x00000007afc80000,0x00000007afc80000,0x00000007b0400000)
 ParOldGen       total 175104K, used 17328K [0x0000000740000000, 0x000000074ab00000, 0x0000000795580000)
  object space 175104K, 9% used [0x0000000740000000,0x00000007410ec048,0x000000074ab00000)
 Metaspace       used 20326K, capacity 20720K, committed 20992K, reserved 1067008K
  class space    used 2386K, capacity 2489K, committed 2560K, reserved 1048576K
Event: 43.288 GC heap after
Heap after GC invocations=38 (full 3):
 PSYoungGen      total 254464K, used 1504K [0x0000000795580000, 0x00000007b0980000, 0x00000007c0000000)
  eden space 252928K, 0% used [0x0000000795580000,0x0000000795580000,0x00000007a4c80000)
  from space 1536K, 97% used [0x00000007afc80000,0x00000007afdf8000,0x00000007afe00000)
  to   space 7680K, 0% used [0x00000007b0200000,0x00000007b0200000,0x00000007b0980000)
 ParOldGen       total 175104K, used 17400K [0x0000000740000000, 0x000000074ab00000, 0x0000000795580000)
  object space 175104K, 9% used [0x0000000740000000,0x00000007410fe048,0x000000074ab00000)
 Metaspace       used 20326K, capacity 20720K, committed 20992K, reserved 1067008K
  class space    used 2386K, capacity 2489K, committed 2560K, reserved 1048576K
}
Event: 43.288 GC heap before
{Heap before GC invocations=39 (full 4):
 PSYoungGen      total 254464K, used 1504K [0x0000000795580000, 0x00000007b0980000, 0x00000007c0000000)
  eden space 252928K, 0% used [0x0000000795580000,0x0000000795580000,0x00000007a4c80000)
  from space 1536K, 97% used [0x00000007afc80000,0x00000007afdf8000,0x00000007afe00000)
  to   space 7680K, 0% used [0x00000007b0200000,0x00000007b0200000,0x00000007b0980000)
 ParOldGen       total 175104K, used 17400K [0x0000000740000000, 0x000000074ab00000, 0x0000000795580000)
  object space 175104K, 9% used [0x0000000740000000,0x00000007410fe048,0x000000074ab00000)
 Metaspace       used 20326K, capacity 20720K, committed 20992K, reserved 1067008K
  class space    used 2386K, capacity 2489K, committed 2560K, reserved 1048576K
Event: 43.349 GC heap after
Heap after GC invocations=39 (full 4):
 PSYoungGen      total 254464K, used 0K [0x0000000795580000, 0x00000007b0980000, 0x00000007c0000000)
  eden space 252928K, 0% used [0x0000000795580000,0x0000000795580000,0x00000007a4c80000)
  from space 1536K, 0% used [0x00000007afc80000,0x00000007afc80000,0x00000007afe00000)
  to   space 7680K, 0% used [0x00000007b0200000,0x00000007b0200000,0x00000007b0980000)
 ParOldGen       total 175104K, used 12611K [0x0000000740000000, 0x000000074ab00000, 0x0000000795580000)
  object space 175104K, 7% used [0x0000000740000000,0x0000000740c50ce8,0x000000074ab00000)
 Metaspace       used 20326K, capacity 20720K, committed 20992K, reserved 1067008K
  class space    used 2386K, capacity 2489K, committed 2560K, reserved 1048576K
}

