# JRE version: Java(TM) 2 Runtime Environment, Standard Edition (8.0_121-b13) (build 1.8.0_121-b13 14_Feb_2017_06_58 Mac OS X x64(SR4 FP1))
# Java VM: Java HotSpot(TM) 64-Bit Server VM (25.121-b13 mixed mode bsd-amd64 compressed oops)
Heap:
 PSYoungGen      total 167424K, used 3300K [0x0000000795580000, 0x00000007adc00000, 0x00000007c0000000)
  eden space 166400K, 1% used [0x0000000795580000,0x00000007958b92d0,0x000000079f800000)
  from space 1024K, 0% used [0x00000007adb00000,0x00000007adb00000,0x00000007adc00000)
  to   space 2560K, 0% used [0x00000007ad700000,0x00000007ad700000,0x00000007ad980000)
 ParOldGen       total 175104K, used 23867K [0x0000000740000000, 0x000000074ab00000, 0x0000000795580000)
  object space 175104K, 13% used [0x0000000740000000,0x000000074174ecc8,0x000000074ab00000)
 Metaspace       used 20729K, capacity 21138K, committed 21248K, reserved 1069056K
  class space    used 2402K, capacity 2516K, committed 2560K, reserved 1048576K
GC Heap History (10 events):
Event: 149.096 GC heap before
{Heap before GC invocations=144 (full 11):
 PSYoungGen      total 186880K, used 186880K [0x0000000795580000, 0x00000007ae100000, 0x00000007c0000000)
  eden space 185344K, 100% used [0x0000000795580000,0x00000007a0a80000,0x00000007a0a80000)
  from space 1536K, 100% used [0x00000007adf80000,0x00000007ae100000,0x00000007ae100000)
  to   space 3072K, 0% used [0x00000007adb00000,0x00000007adb00000,0x00000007ade00000)
 ParOldGen       total 175104K, used 29514K [0x0000000740000000, 0x000000074ab00000, 0x0000000795580000)
  object space 175104K, 16% used [0x0000000740000000,0x0000000741cd2be8,0x000000074ab00000)
 Metaspace       used 20729K, capacity 21138K, committed 21248K, reserved 1069056K
  class space    used 2402K, capacity 2516K, committed 2560K, reserved 1048576K
Event: 149.098 GC heap after
Heap after GC invocations=144 (full 11):
 PSYoungGen      total 180736K, used 1632K [0x0000000795580000, 0x00000007ae000000, 0x00000007c0000000)
  eden space 178688K, 0% used [0x0000000795580000,0x0000000795580000,0x00000007a0400000)
  from space 2048K, 79% used [0x00000007adb00000,0x00000007adc98000,0x00000007add00000)
  to   space 3072K, 0% used [0x00000007add00000,0x00000007add00000,0x00000007ae000000)
 ParOldGen       total 175104K, used 29562K [0x0000000740000000, 0x000000074ab00000, 0x0000000795580000)
  object space 175104K, 16% used [0x0000000740000000,0x0000000741cdebe8,0x000000074ab00000)
 Metaspace       used 20729K, capacity 21138K, committed 21248K, reserved 1069056K
  class space    used 2402K, capacity 2516K, committed 2560K, reserved 1048576K
}
Event: 149.286 GC heap before
{Heap before GC invocations=145 (full 11):
 PSYoungGen      total 180736K, used 180320K [0x0000000795580000, 0x00000007ae000000, 0x00000007c0000000)
  eden space 178688K, 100% used [0x0000000795580000,0x00000007a0400000,0x00000007a0400000)
  from space 2048K, 79% used [0x00000007adb00000,0x00000007adc98000,0x00000007add00000)
  to   space 3072K, 0% used [0x00000007add00000,0x00000007add00000,0x00000007ae000000)
 ParOldGen       total 175104K, used 29562K [0x0000000740000000, 0x000000074ab00000, 0x0000000795580000)
  object space 175104K, 16% used [0x0000000740000000,0x0000000741cdebe8,0x000000074ab00000)
 Metaspace       used 20729K, capacity 21138K, committed 21248K, reserved 1069056K
  class space    used 2402K, capacity 2516K, committed 2560K, reserved 1048576K
Event: 149.288 GC heap after
Heap after GC invocations=145 (full 11):
 PSYoungGen      total 174080K, used 1536K [0x0000000795580000, 0x00000007ade80000, 0x00000007c0000000)
  eden space 172544K, 0% used [0x0000000795580000,0x0000000795580000,0x000000079fe00000)
  from space 1536K, 100% used [0x00000007add00000,0x00000007ade80000,0x00000007ade80000)
  to   space 3072K, 0% used [0x00000007ad880000,0x00000007ad880000,0x00000007adb80000)
 ParOldGen       total 175104K, used 29602K [0x0000000740000000, 0x000000074ab00000, 0x0000000795580000)
  object space 175104K, 16% used [0x0000000740000000,0x0000000741ce8be8,0x000000074ab00000)
 Metaspace       used 20729K, capacity 21138K, committed 21248K, reserved 1069056K
  class space    used 2402K, capacity 2516K, committed 2560K, reserved 1048576K
}
Event: 149.465 GC heap before
{Heap before GC invocations=146 (full 11):
 PSYoungGen      total 174080K, used 174080K [0x0000000795580000, 0x00000007ade80000, 0x00000007c0000000)
  eden space 172544K, 100% used [0x0000000795580000,0x000000079fe00000,0x000000079fe00000)
  from space 1536K, 100% used [0x00000007add00000,0x00000007ade80000,0x00000007ade80000)
  to   space 3072K, 0% used [0x00000007ad880000,0x00000007ad880000,0x00000007adb80000)
 ParOldGen       total 175104K, used 29602K [0x0000000740000000, 0x000000074ab00000, 0x0000000795580000)
  object space 175104K, 16% used [0x0000000740000000,0x0000000741ce8be8,0x000000074ab00000)
 Metaspace       used 20729K, capacity 21138K, committed 21248K, reserved 1069056K
  class space    used 2402K, capacity 2516K, committed 2560K, reserved 1048576K
Event: 149.467 GC heap after
Heap after GC invocations=146 (full 11):
 PSYoungGen      total 167936K, used 1216K [0x0000000795580000, 0x00000007add80000, 0x00000007c0000000)
  eden space 166400K, 0% used [0x0000000795580000,0x0000000795580000,0x000000079f800000)
  from space 1536K, 79% used [0x00000007ad880000,0x00000007ad9b0000,0x00000007ada00000)
  to   space 2560K, 0% used [0x00000007adb00000,0x00000007adb00000,0x00000007add80000)
 ParOldGen       total 175104K, used 29642K [0x0000000740000000, 0x000000074ab00000, 0x0000000795580000)
  object space 175104K, 16% used [0x0000000740000000,0x0000000741cf2be8,0x000000074ab00000)
 Metaspace       used 20729K, capacity 21138K, committed 21248K, reserved 1069056K
  class space    used 2402K, capacity 2516K, committed 2560K, reserved 1048576K
}
Event: 149.649 GC heap before
{Heap before GC invocations=147 (full 11):
 PSYoungGen      total 167936K, used 160743K [0x0000000795580000, 0x00000007add80000, 0x00000007c0000000)
  eden space 166400K, 95% used [0x0000000795580000,0x000000079f149d98,0x000000079f800000)
  from space 1536K, 79% used [0x00000007ad880000,0x00000007ad9b0000,0x00000007ada00000)
  to   space 2560K, 0% used [0x00000007adb00000,0x00000007adb00000,0x00000007add80000)
 ParOldGen       total 175104K, used 29642K [0x0000000740000000, 0x000000074ab00000, 0x0000000795580000)
  object space 175104K, 16% used [0x0000000740000000,0x0000000741cf2be8,0x000000074ab00000)
 Metaspace       used 20729K, capacity 21138K, committed 21248K, reserved 1069056K
  class space    used 2402K, capacity 2516K, committed 2560K, reserved 1048576K
Event: 149.650 GC heap after
Heap after GC invocations=147 (full 11):
 PSYoungGen      total 167424K, used 992K [0x0000000795580000, 0x00000007adc00000, 0x00000007c0000000)
  eden space 166400K, 0% used [0x0000000795580000,0x0000000795580000,0x000000079f800000)
  from space 1024K, 96% used [0x00000007adb00000,0x00000007adbf8000,0x00000007adc00000)
  to   space 2560K, 0% used [0x00000007ad700000,0x00000007ad700000,0x00000007ad980000)
 ParOldGen       total 175104K, used 29738K [0x0000000740000000, 0x000000074ab00000, 0x0000000795580000)
  object space 175104K, 16% used [0x0000000740000000,0x0000000741d0abe8,0x000000074ab00000)
 Metaspace       used 20729K, capacity 21138K, committed 21248K, reserved 1069056K
  class space    used 2402K, capacity 2516K, committed 2560K, reserved 1048576K
}
Event: 149.650 GC heap before
{Heap before GC invocations=148 (full 12):
 PSYoungGen      total 167424K, used 992K [0x0000000795580000, 0x00000007adc00000, 0x00000007c0000000)
  eden space 166400K, 0% used [0x0000000795580000,0x0000000795580000,0x000000079f800000)
  from space 1024K, 96% used [0x00000007adb00000,0x00000007adbf8000,0x00000007adc00000)
  to   space 2560K, 0% used [0x00000007ad700000,0x00000007ad700000,0x00000007ad980000)
 ParOldGen       total 175104K, used 29738K [0x0000000740000000, 0x000000074ab00000, 0x0000000795580000)
  object space 175104K, 16% used [0x0000000740000000,0x0000000741d0abe8,0x000000074ab00000)
 Metaspace       used 20729K, capacity 21138K, committed 21248K, reserved 1069056K
  class space    used 2402K, capacity 2516K, committed 2560K, reserved 1048576K
Event: 149.698 GC heap after
Heap after GC invocations=148 (full 12):
 PSYoungGen      total 167424K, used 0K [0x0000000795580000, 0x00000007adc00000, 0x00000007c0000000)
  eden space 166400K, 0% used [0x0000000795580000,0x0000000795580000,0x000000079f800000)
  from space 1024K, 0% used [0x00000007adb00000,0x00000007adb00000,0x00000007adc00000)
  to   space 2560K, 0% used [0x00000007ad700000,0x00000007ad700000,0x00000007ad980000)
 ParOldGen       total 175104K, used 23867K [0x0000000740000000, 0x000000074ab00000, 0x0000000795580000)
  object space 175104K, 13% used [0x0000000740000000,0x000000074174ecc8,0x000000074ab00000)
 Metaspace       used 20729K, capacity 21138K, committed 21248K, reserved 1069056K
  class space    used 2402K, capacity 2516K, committed 2560K, reserved 1048576K
}

