# JRE version: Java(TM) 2 Runtime Environment, Standard Edition (8.0_121-b13) (build 1.8.0_121-b13 14_Feb_2017_06_58 Mac OS X x64(SR4 FP1))
# Java VM: Java HotSpot(TM) 64-Bit Server VM (25.121-b13 mixed mode bsd-amd64 compressed oops)
Heap:
 PSYoungGen      total 157696K, used 3109K [0x0000000795580000, 0x00000007ac180000, 0x00000007c0000000)
  eden space 156672K, 1% used [0x0000000795580000,0x00000007958896c0,0x000000079ee80000)
  from space 1024K, 0% used [0x00000007abc80000,0x00000007abc80000,0x00000007abd80000)
  to   space 2560K, 0% used [0x00000007abf00000,0x00000007abf00000,0x00000007ac180000)
 ParOldGen       total 175104K, used 20589K [0x0000000740000000, 0x000000074ab00000, 0x0000000795580000)
  object space 175104K, 11% used [0x0000000740000000,0x000000074141b558,0x000000074ab00000)
 Metaspace       used 20719K, capacity 21138K, committed 21248K, reserved 1069056K
  class space    used 2402K, capacity 2516K, committed 2560K, reserved 1048576K
GC Heap History (10 events):
Event: 237.222 GC heap before
{Heap before GC invocations=143 (full 11):
 PSYoungGen      total 175616K, used 175520K [0x0000000795580000, 0x00000007ac680000, 0x00000007c0000000)
  eden space 174080K, 100% used [0x0000000795580000,0x000000079ff80000,0x000000079ff80000)
  from space 1536K, 93% used [0x00000007ac180000,0x00000007ac2e8000,0x00000007ac300000)
  to   space 3072K, 0% used [0x00000007ac380000,0x00000007ac380000,0x00000007ac680000)
 ParOldGen       total 175104K, used 26297K [0x0000000740000000, 0x000000074ab00000, 0x0000000795580000)
  object space 175104K, 15% used [0x0000000740000000,0x00000007419ae708,0x000000074ab00000)
 Metaspace       used 20719K, capacity 21138K, committed 21248K, reserved 1069056K
  class space    used 2402K, capacity 2516K, committed 2560K, reserved 1048576K
Event: 237.224 GC heap after
Heap after GC invocations=143 (full 11):
 PSYoungGen      total 169984K, used 1600K [0x0000000795580000, 0x00000007ac580000, 0x00000007c0000000)
  eden space 167936K, 0% used [0x0000000795580000,0x0000000795580000,0x000000079f980000)
  from space 2048K, 78% used [0x00000007ac380000,0x00000007ac510000,0x00000007ac580000)
  to   space 3072K, 0% used [0x00000007abf80000,0x00000007abf80000,0x00000007ac280000)
 ParOldGen       total 175104K, used 26353K [0x0000000740000000, 0x000000074ab00000, 0x0000000795580000)
  object space 175104K, 15% used [0x0000000740000000,0x00000007419bc708,0x000000074ab00000)
 Metaspace       used 20719K, capacity 21138K, committed 21248K, reserved 1069056K
  class space    used 2402K, capacity 2516K, committed 2560K, reserved 1048576K
}
Event: 237.408 GC heap before
{Heap before GC invocations=144 (full 11):
 PSYoungGen      total 169984K, used 169536K [0x0000000795580000, 0x00000007ac580000, 0x00000007c0000000)
  eden space 167936K, 100% used [0x0000000795580000,0x000000079f980000,0x000000079f980000)
  from space 2048K, 78% used [0x00000007ac380000,0x00000007ac510000,0x00000007ac580000)
  to   space 3072K, 0% used [0x00000007abf80000,0x00000007abf80000,0x00000007ac280000)
 ParOldGen       total 175104K, used 26353K [0x0000000740000000, 0x000000074ab00000, 0x0000000795580000)
  object space 175104K, 15% used [0x0000000740000000,0x00000007419bc708,0x000000074ab00000)
 Metaspace       used 20719K, capacity 21138K, committed 21248K, reserved 1069056K
  class space    used 2402K, capacity 2516K, committed 2560K, reserved 1048576K
Event: 237.409 GC heap after
Heap after GC invocations=144 (full 11):
 PSYoungGen      total 163840K, used 1376K [0x0000000795580000, 0x00000007ac400000, 0x00000007c0000000)
  eden space 162304K, 0% used [0x0000000795580000,0x0000000795580000,0x000000079f400000)
  from space 1536K, 89% used [0x00000007abf80000,0x00000007ac0d8000,0x00000007ac100000)
  to   space 3072K, 0% used [0x00000007ac100000,0x00000007ac100000,0x00000007ac400000)
 ParOldGen       total 175104K, used 26393K [0x0000000740000000, 0x000000074ab00000, 0x0000000795580000)
  object space 175104K, 15% used [0x0000000740000000,0x00000007419c6708,0x000000074ab00000)
 Metaspace       used 20719K, capacity 21138K, committed 21248K, reserved 1069056K
  class space    used 2402K, capacity 2516K, committed 2560K, reserved 1048576K
}
Event: 237.582 GC heap before
{Heap before GC invocations=145 (full 11):
 PSYoungGen      total 163840K, used 163680K [0x0000000795580000, 0x00000007ac400000, 0x00000007c0000000)
  eden space 162304K, 100% used [0x0000000795580000,0x000000079f400000,0x000000079f400000)
  from space 1536K, 89% used [0x00000007abf80000,0x00000007ac0d8000,0x00000007ac100000)
  to   space 3072K, 0% used [0x00000007ac100000,0x00000007ac100000,0x00000007ac400000)
 ParOldGen       total 175104K, used 26393K [0x0000000740000000, 0x000000074ab00000, 0x0000000795580000)
  object space 175104K, 15% used [0x0000000740000000,0x00000007419c6708,0x000000074ab00000)
 Metaspace       used 20719K, capacity 21138K, committed 21248K, reserved 1069056K
  class space    used 2402K, capacity 2516K, committed 2560K, reserved 1048576K
Event: 237.583 GC heap after
Heap after GC invocations=145 (full 11):
 PSYoungGen      total 158208K, used 1152K [0x0000000795580000, 0x00000007ac280000, 0x00000007c0000000)
  eden space 156672K, 0% used [0x0000000795580000,0x0000000795580000,0x000000079ee80000)
  from space 1536K, 75% used [0x00000007ac100000,0x00000007ac220000,0x00000007ac280000)
  to   space 3072K, 0% used [0x00000007abc80000,0x00000007abc80000,0x00000007abf80000)
 ParOldGen       total 175104K, used 26441K [0x0000000740000000, 0x000000074ab00000, 0x0000000795580000)
  object space 175104K, 15% used [0x0000000740000000,0x00000007419d2708,0x000000074ab00000)
 Metaspace       used 20719K, capacity 21138K, committed 21248K, reserved 1069056K
  class space    used 2402K, capacity 2516K, committed 2560K, reserved 1048576K
}
Event: 237.768 GC heap before
{Heap before GC invocations=146 (full 11):
 PSYoungGen      total 158208K, used 157705K [0x0000000795580000, 0x00000007ac280000, 0x00000007c0000000)
  eden space 156672K, 99% used [0x0000000795580000,0x000000079ee62450,0x000000079ee80000)
  from space 1536K, 75% used [0x00000007ac100000,0x00000007ac220000,0x00000007ac280000)
  to   space 3072K, 0% used [0x00000007abc80000,0x00000007abc80000,0x00000007abf80000)
 ParOldGen       total 175104K, used 26441K [0x0000000740000000, 0x000000074ab00000, 0x0000000795580000)
  object space 175104K, 15% used [0x0000000740000000,0x00000007419d2708,0x000000074ab00000)
 Metaspace       used 20719K, capacity 21138K, committed 21248K, reserved 1069056K
  class space    used 2402K, capacity 2516K, committed 2560K, reserved 1048576K
Event: 237.769 GC heap after
Heap after GC invocations=146 (full 11):
 PSYoungGen      total 157696K, used 992K [0x0000000795580000, 0x00000007ac180000, 0x00000007c0000000)
  eden space 156672K, 0% used [0x0000000795580000,0x0000000795580000,0x000000079ee80000)
  from space 1024K, 96% used [0x00000007abc80000,0x00000007abd78000,0x00000007abd80000)
  to   space 2560K, 0% used [0x00000007abf00000,0x00000007abf00000,0x00000007ac180000)
 ParOldGen       total 175104K, used 26529K [0x0000000740000000, 0x000000074ab00000, 0x0000000795580000)
  object space 175104K, 15% used [0x0000000740000000,0x00000007419e8708,0x000000074ab00000)
 Metaspace       used 20719K, capacity 21138K, committed 21248K, reserved 1069056K
  class space    used 2402K, capacity 2516K, committed 2560K, reserved 1048576K
}
Event: 237.769 GC heap before
{Heap before GC invocations=147 (full 12):
 PSYoungGen      total 157696K, used 992K [0x0000000795580000, 0x00000007ac180000, 0x00000007c0000000)
  eden space 156672K, 0% used [0x0000000795580000,0x0000000795580000,0x000000079ee80000)
  from space 1024K, 96% used [0x00000007abc80000,0x00000007abd78000,0x00000007abd80000)
  to   space 2560K, 0% used [0x00000007abf00000,0x00000007abf00000,0x00000007ac180000)
 ParOldGen       total 175104K, used 26529K [0x0000000740000000, 0x000000074ab00000, 0x0000000795580000)
  object space 175104K, 15% used [0x0000000740000000,0x00000007419e8708,0x000000074ab00000)
 Metaspace       used 20719K, capacity 21138K, committed 21248K, reserved 1069056K
  class space    used 2402K, capacity 2516K, committed 2560K, reserved 1048576K
Event: 237.819 GC heap after
Heap after GC invocations=147 (full 12):
 PSYoungGen      total 157696K, used 0K [0x0000000795580000, 0x00000007ac180000, 0x00000007c0000000)
  eden space 156672K, 0% used [0x0000000795580000,0x0000000795580000,0x000000079ee80000)
  from space 1024K, 0% used [0x00000007abc80000,0x00000007abc80000,0x00000007abd80000)
  to   space 2560K, 0% used [0x00000007abf00000,0x00000007abf00000,0x00000007ac180000)
 ParOldGen       total 175104K, used 20589K [0x0000000740000000, 0x000000074ab00000, 0x0000000795580000)
  object space 175104K, 11% used [0x0000000740000000,0x000000074141b558,0x000000074ab00000)
 Metaspace       used 20719K, capacity 21138K, committed 21248K, reserved 1069056K
  class space    used 2402K, capacity 2516K, committed 2560K, reserved 1048576K
}

