# JRE version: Java(TM) 2 Runtime Environment, Standard Edition (8.0_121-b13) (build 1.8.0_121-b13 14_Feb_2017_06_58 Mac OS X x64(SR4 FP1))
# Java VM: Java HotSpot(TM) 64-Bit Server VM (25.121-b13 mixed mode bsd-amd64 compressed oops)
Heap:
 PSYoungGen      total 233472K, used 4592K [0x0000000795580000, 0x00000007acb00000, 0x00000007c0000000)
  eden space 232448K, 1% used [0x0000000795580000,0x00000007959fc028,0x00000007a3880000)
  from space 1024K, 0% used [0x00000007aca00000,0x00000007aca00000,0x00000007acb00000)
  to   space 3584K, 0% used [0x00000007ac400000,0x00000007ac400000,0x00000007ac780000)
 ParOldGen       total 175104K, used 20561K [0x0000000740000000, 0x000000074ab00000, 0x0000000795580000)
  object space 175104K, 11% used [0x0000000740000000,0x0000000741414460,0x000000074ab00000)
 Metaspace       used 20723K, capacity 21138K, committed 21248K, reserved 1069056K
  class space    used 2402K, capacity 2516K, committed 2560K, reserved 1048576K
GC Heap History (10 events):
Event: 224.723 GC heap before
{Heap before GC invocations=148 (full 11):
 PSYoungGen      total 263680K, used 263648K [0x0000000795580000, 0x00000007ad200000, 0x00000007c0000000)
  eden space 261632K, 100% used [0x0000000795580000,0x00000007a5500000,0x00000007a5500000)
  from space 2048K, 98% used [0x00000007ad000000,0x00000007ad1f8000,0x00000007ad200000)
  to   space 3584K, 0% used [0x00000007acb00000,0x00000007acb00000,0x00000007ace80000)
 ParOldGen       total 175104K, used 27907K [0x0000000740000000, 0x000000074ab00000, 0x0000000795580000)
  object space 175104K, 15% used [0x0000000740000000,0x0000000741b40e00,0x000000074ab00000)
 Metaspace       used 20723K, capacity 21138K, committed 21248K, reserved 1069056K
  class space    used 2402K, capacity 2516K, committed 2560K, reserved 1048576K
Event: 224.725 GC heap after
Heap after GC invocations=148 (full 11):
 PSYoungGen      total 253440K, used 2048K [0x0000000795580000, 0x00000007ad080000, 0x00000007c0000000)
  eden space 251392K, 0% used [0x0000000795580000,0x0000000795580000,0x00000007a4b00000)
  from space 2048K, 100% used [0x00000007acb00000,0x00000007acd00000,0x00000007acd00000)
  to   space 3584K, 0% used [0x00000007acd00000,0x00000007acd00000,0x00000007ad080000)
 ParOldGen       total 175104K, used 27995K [0x0000000740000000, 0x000000074ab00000, 0x0000000795580000)
  object space 175104K, 15% used [0x0000000740000000,0x0000000741b56e00,0x000000074ab00000)
 Metaspace       used 20723K, capacity 21138K, committed 21248K, reserved 1069056K
  class space    used 2402K, capacity 2516K, committed 2560K, reserved 1048576K
}
Event: 224.993 GC heap before
{Heap before GC invocations=149 (full 11):
 PSYoungGen      total 253440K, used 253440K [0x0000000795580000, 0x00000007ad080000, 0x00000007c0000000)
  eden space 251392K, 100% used [0x0000000795580000,0x00000007a4b00000,0x00000007a4b00000)
  from space 2048K, 100% used [0x00000007acb00000,0x00000007acd00000,0x00000007acd00000)
  to   space 3584K, 0% used [0x00000007acd00000,0x00000007acd00000,0x00000007ad080000)
 ParOldGen       total 175104K, used 27995K [0x0000000740000000, 0x000000074ab00000, 0x0000000795580000)
  object space 175104K, 15% used [0x0000000740000000,0x0000000741b56e00,0x000000074ab00000)
 Metaspace       used 20723K, capacity 21138K, committed 21248K, reserved 1069056K
  class space    used 2402K, capacity 2516K, committed 2560K, reserved 1048576K
Event: 224.995 GC heap after
Heap after GC invocations=149 (full 11):
 PSYoungGen      total 243712K, used 1984K [0x0000000795580000, 0x00000007acf00000, 0x00000007c0000000)
  eden space 241664K, 0% used [0x0000000795580000,0x0000000795580000,0x00000007a4180000)
  from space 2048K, 96% used [0x00000007acd00000,0x00000007acef0000,0x00000007acf00000)
  to   space 3584K, 0% used [0x00000007ac800000,0x00000007ac800000,0x00000007acb80000)
 ParOldGen       total 175104K, used 28059K [0x0000000740000000, 0x000000074ab00000, 0x0000000795580000)
  object space 175104K, 16% used [0x0000000740000000,0x0000000741b66e00,0x000000074ab00000)
 Metaspace       used 20723K, capacity 21138K, committed 21248K, reserved 1069056K
  class space    used 2402K, capacity 2516K, committed 2560K, reserved 1048576K
}
Event: 225.247 GC heap before
{Heap before GC invocations=150 (full 11):
 PSYoungGen      total 243712K, used 243648K [0x0000000795580000, 0x00000007acf00000, 0x00000007c0000000)
  eden space 241664K, 100% used [0x0000000795580000,0x00000007a4180000,0x00000007a4180000)
  from space 2048K, 96% used [0x00000007acd00000,0x00000007acef0000,0x00000007acf00000)
  to   space 3584K, 0% used [0x00000007ac800000,0x00000007ac800000,0x00000007acb80000)
 ParOldGen       total 175104K, used 28059K [0x0000000740000000, 0x000000074ab00000, 0x0000000795580000)
  object space 175104K, 16% used [0x0000000740000000,0x0000000741b66e00,0x000000074ab00000)
 Metaspace       used 20723K, capacity 21138K, committed 21248K, reserved 1069056K
  class space    used 2402K, capacity 2516K, committed 2560K, reserved 1048576K
Event: 225.249 GC heap after
Heap after GC invocations=150 (full 11):
 PSYoungGen      total 234496K, used 1792K [0x0000000795580000, 0x00000007acd80000, 0x00000007c0000000)
  eden space 232448K, 0% used [0x0000000795580000,0x0000000795580000,0x00000007a3880000)
  from space 2048K, 87% used [0x00000007ac800000,0x00000007ac9c0000,0x00000007aca00000)
  to   space 3584K, 0% used [0x00000007aca00000,0x00000007aca00000,0x00000007acd80000)
 ParOldGen       total 175104K, used 28114K [0x0000000740000000, 0x000000074ab00000, 0x0000000795580000)
  object space 175104K, 16% used [0x0000000740000000,0x0000000741b749f8,0x000000074ab00000)
 Metaspace       used 20723K, capacity 21138K, committed 21248K, reserved 1069056K
  class space    used 2402K, capacity 2516K, committed 2560K, reserved 1048576K
}
Event: 225.431 GC heap before
{Heap before GC invocations=151 (full 11):
 PSYoungGen      total 234496K, used 154821K [0x0000000795580000, 0x00000007acd80000, 0x00000007c0000000)
  eden space 232448K, 65% used [0x0000000795580000,0x000000079eaf16d8,0x00000007a3880000)
  from space 2048K, 87% used [0x00000007ac800000,0x00000007ac9c0000,0x00000007aca00000)
  to   space 3584K, 0% used [0x00000007aca00000,0x00000007aca00000,0x00000007acd80000)
 ParOldGen       total 175104K, used 28114K [0x0000000740000000, 0x000000074ab00000, 0x0000000795580000)
  object space 175104K, 16% used [0x0000000740000000,0x0000000741b749f8,0x000000074ab00000)
 Metaspace       used 20723K, capacity 21138K, committed 21248K, reserved 1069056K
  class space    used 2402K, capacity 2516K, committed 2560K, reserved 1048576K
Event: 225.433 GC heap after
Heap after GC invocations=151 (full 11):
 PSYoungGen      total 233472K, used 992K [0x0000000795580000, 0x00000007acb00000, 0x00000007c0000000)
  eden space 232448K, 0% used [0x0000000795580000,0x0000000795580000,0x00000007a3880000)
  from space 1024K, 96% used [0x00000007aca00000,0x00000007acaf8000,0x00000007acb00000)
  to   space 3584K, 0% used [0x00000007ac400000,0x00000007ac400000,0x00000007ac780000)
 ParOldGen       total 175104K, used 28218K [0x0000000740000000, 0x000000074ab00000, 0x0000000795580000)
  object space 175104K, 16% used [0x0000000740000000,0x0000000741b8e9f8,0x000000074ab00000)
 Metaspace       used 20723K, capacity 21138K, committed 21248K, reserved 1069056K
  class space    used 2402K, capacity 2516K, committed 2560K, reserved 1048576K
}
Event: 225.433 GC heap before
{Heap before GC invocations=152 (full 12):
 PSYoungGen      total 233472K, used 992K [0x0000000795580000, 0x00000007acb00000, 0x00000007c0000000)
  eden space 232448K, 0% used [0x0000000795580000,0x0000000795580000,0x00000007a3880000)
  from space 1024K, 96% used [0x00000007aca00000,0x00000007acaf8000,0x00000007acb00000)
  to   space 3584K, 0% used [0x00000007ac400000,0x00000007ac400000,0x00000007ac780000)
 ParOldGen       total 175104K, used 28218K [0x0000000740000000, 0x000000074ab00000, 0x0000000795580000)
  object space 175104K, 16% used [0x0000000740000000,0x0000000741b8e9f8,0x000000074ab00000)
 Metaspace       used 20723K, capacity 21138K, committed 21248K, reserved 1069056K
  class space    used 2402K, capacity 2516K, committed 2560K, reserved 1048576K
Event: 225.481 GC heap after
Heap after GC invocations=152 (full 12):
 PSYoungGen      total 233472K, used 0K [0x0000000795580000, 0x00000007acb00000, 0x00000007c0000000)
  eden space 232448K, 0% used [0x0000000795580000,0x0000000795580000,0x00000007a3880000)
  from space 1024K, 0% used [0x00000007aca00000,0x00000007aca00000,0x00000007acb00000)
  to   space 3584K, 0% used [0x00000007ac400000,0x00000007ac400000,0x00000007ac780000)
 ParOldGen       total 175104K, used 20561K [0x0000000740000000, 0x000000074ab00000, 0x0000000795580000)
  object space 175104K, 11% used [0x0000000740000000,0x0000000741414460,0x000000074ab00000)
 Metaspace       used 20723K, capacity 21138K, committed 21248K, reserved 1069056K
  class space    used 2402K, capacity 2516K, committed 2560K, reserved 1048576K
}

