# JRE version: Java(TM) 2 Runtime Environment, Standard Edition (8.0_121-b13) (build 1.8.0_121-b13 14_Feb_2017_06_58 Mac OS X x64(SR4 FP1))
# Java VM: Java HotSpot(TM) 64-Bit Server VM (25.121-b13 mixed mode bsd-amd64 compressed oops)
Heap:
 PSYoungGen      total 175104K, used 3452K [0x0000000795580000, 0x00000007ae100000, 0x00000007c0000000)
  eden space 174080K, 1% used [0x0000000795580000,0x00000007958df228,0x000000079ff80000)
  from space 1024K, 0% used [0x00000007ae000000,0x00000007ae000000,0x00000007ae100000)
  to   space 2560K, 0% used [0x00000007adc00000,0x00000007adc00000,0x00000007ade80000)
 ParOldGen       total 175104K, used 20607K [0x0000000740000000, 0x000000074ab00000, 0x0000000795580000)
  object space 175104K, 11% used [0x0000000740000000,0x000000074141ff68,0x000000074ab00000)
 Metaspace       used 20723K, capacity 21138K, committed 21248K, reserved 1069056K
  class space    used 2402K, capacity 2516K, committed 2560K, reserved 1048576K
GC Heap History (10 events):
Event: 207.217 GC heap before
{Heap before GC invocations=162 (full 11):
 PSYoungGen      total 195584K, used 195584K [0x0000000795580000, 0x00000007ae500000, 0x00000007c0000000)
  eden space 194048K, 100% used [0x0000000795580000,0x00000007a1300000,0x00000007a1300000)
  from space 1536K, 100% used [0x00000007ae380000,0x00000007ae500000,0x00000007ae500000)
  to   space 2560K, 0% used [0x00000007ae000000,0x00000007ae000000,0x00000007ae280000)
 ParOldGen       total 175104K, used 25551K [0x0000000740000000, 0x000000074ab00000, 0x0000000795580000)
  object space 175104K, 14% used [0x0000000740000000,0x00000007418f3df0,0x000000074ab00000)
 Metaspace       used 20723K, capacity 21138K, committed 21248K, reserved 1069056K
  class space    used 2402K, capacity 2516K, committed 2560K, reserved 1048576K
Event: 207.218 GC heap after
Heap after GC invocations=162 (full 11):
 PSYoungGen      total 188928K, used 1632K [0x0000000795580000, 0x00000007ae400000, 0x00000007c0000000)
  eden space 186880K, 0% used [0x0000000795580000,0x0000000795580000,0x00000007a0c00000)
  from space 2048K, 79% used [0x00000007ae000000,0x00000007ae198000,0x00000007ae200000)
  to   space 2048K, 0% used [0x00000007ae200000,0x00000007ae200000,0x00000007ae400000)
 ParOldGen       total 175104K, used 25631K [0x0000000740000000, 0x000000074ab00000, 0x0000000795580000)
  object space 175104K, 14% used [0x0000000740000000,0x0000000741907df0,0x000000074ab00000)
 Metaspace       used 20723K, capacity 21138K, committed 21248K, reserved 1069056K
  class space    used 2402K, capacity 2516K, committed 2560K, reserved 1048576K
}
Event: 207.436 GC heap before
{Heap before GC invocations=163 (full 11):
 PSYoungGen      total 188928K, used 188512K [0x0000000795580000, 0x00000007ae400000, 0x00000007c0000000)
  eden space 186880K, 100% used [0x0000000795580000,0x00000007a0c00000,0x00000007a0c00000)
  from space 2048K, 79% used [0x00000007ae000000,0x00000007ae198000,0x00000007ae200000)
  to   space 2048K, 0% used [0x00000007ae200000,0x00000007ae200000,0x00000007ae400000)
 ParOldGen       total 175104K, used 25631K [0x0000000740000000, 0x000000074ab00000, 0x0000000795580000)
  object space 175104K, 14% used [0x0000000740000000,0x0000000741907df0,0x000000074ab00000)
 Metaspace       used 20723K, capacity 21138K, committed 21248K, reserved 1069056K
  class space    used 2402K, capacity 2516K, committed 2560K, reserved 1048576K
Event: 207.437 GC heap after
Heap after GC invocations=163 (full 11):
 PSYoungGen      total 181760K, used 1536K [0x0000000795580000, 0x00000007ae380000, 0x00000007c0000000)
  eden space 180224K, 0% used [0x0000000795580000,0x0000000795580000,0x00000007a0580000)
  from space 1536K, 100% used [0x00000007ae200000,0x00000007ae380000,0x00000007ae380000)
  to   space 2560K, 0% used [0x00000007ade80000,0x00000007ade80000,0x00000007ae100000)
 ParOldGen       total 175104K, used 25679K [0x0000000740000000, 0x000000074ab00000, 0x0000000795580000)
  object space 175104K, 14% used [0x0000000740000000,0x0000000741913df0,0x000000074ab00000)
 Metaspace       used 20723K, capacity 21138K, committed 21248K, reserved 1069056K
  class space    used 2402K, capacity 2516K, committed 2560K, reserved 1048576K
}
Event: 207.648 GC heap before
{Heap before GC invocations=164 (full 11):
 PSYoungGen      total 181760K, used 181760K [0x0000000795580000, 0x00000007ae380000, 0x00000007c0000000)
  eden space 180224K, 100% used [0x0000000795580000,0x00000007a0580000,0x00000007a0580000)
  from space 1536K, 100% used [0x00000007ae200000,0x00000007ae380000,0x00000007ae380000)
  to   space 2560K, 0% used [0x00000007ade80000,0x00000007ade80000,0x00000007ae100000)
 ParOldGen       total 175104K, used 25679K [0x0000000740000000, 0x000000074ab00000, 0x0000000795580000)
  object space 175104K, 14% used [0x0000000740000000,0x0000000741913df0,0x000000074ab00000)
 Metaspace       used 20723K, capacity 21138K, committed 21248K, reserved 1069056K
  class space    used 2402K, capacity 2516K, committed 2560K, reserved 1048576K
Event: 207.650 GC heap after
Heap after GC invocations=164 (full 11):
 PSYoungGen      total 175616K, used 1376K [0x0000000795580000, 0x00000007ae280000, 0x00000007c0000000)
  eden space 174080K, 0% used [0x0000000795580000,0x0000000795580000,0x000000079ff80000)
  from space 1536K, 89% used [0x00000007ade80000,0x00000007adfd8000,0x00000007ae000000)
  to   space 2560K, 0% used [0x00000007ae000000,0x00000007ae000000,0x00000007ae280000)
 ParOldGen       total 175104K, used 25727K [0x0000000740000000, 0x000000074ab00000, 0x0000000795580000)
  object space 175104K, 14% used [0x0000000740000000,0x000000074191fdf0,0x000000074ab00000)
 Metaspace       used 20723K, capacity 21138K, committed 21248K, reserved 1069056K
  class space    used 2402K, capacity 2516K, committed 2560K, reserved 1048576K
}
Event: 207.847 GC heap before
{Heap before GC invocations=165 (full 11):
 PSYoungGen      total 175616K, used 164784K [0x0000000795580000, 0x00000007ae280000, 0x00000007c0000000)
  eden space 174080K, 93% used [0x0000000795580000,0x000000079f5140a0,0x000000079ff80000)
  from space 1536K, 89% used [0x00000007ade80000,0x00000007adfd8000,0x00000007ae000000)
  to   space 2560K, 0% used [0x00000007ae000000,0x00000007ae000000,0x00000007ae280000)
 ParOldGen       total 175104K, used 25727K [0x0000000740000000, 0x000000074ab00000, 0x0000000795580000)
  object space 175104K, 14% used [0x0000000740000000,0x000000074191fdf0,0x000000074ab00000)
 Metaspace       used 20723K, capacity 21138K, committed 21248K, reserved 1069056K
  class space    used 2402K, capacity 2516K, committed 2560K, reserved 1048576K
Event: 207.849 GC heap after
Heap after GC invocations=165 (full 11):
 PSYoungGen      total 175104K, used 1024K [0x0000000795580000, 0x00000007ae100000, 0x00000007c0000000)
  eden space 174080K, 0% used [0x0000000795580000,0x0000000795580000,0x000000079ff80000)
  from space 1024K, 100% used [0x00000007ae000000,0x00000007ae100000,0x00000007ae100000)
  to   space 2560K, 0% used [0x00000007adc00000,0x00000007adc00000,0x00000007ade80000)
 ParOldGen       total 175104K, used 25815K [0x0000000740000000, 0x000000074ab00000, 0x0000000795580000)
  object space 175104K, 14% used [0x0000000740000000,0x0000000741935df0,0x000000074ab00000)
 Metaspace       used 20723K, capacity 21138K, committed 21248K, reserved 1069056K
  class space    used 2402K, capacity 2516K, committed 2560K, reserved 1048576K
}
Event: 207.849 GC heap before
{Heap before GC invocations=166 (full 12):
 PSYoungGen      total 175104K, used 1024K [0x0000000795580000, 0x00000007ae100000, 0x00000007c0000000)
  eden space 174080K, 0% used [0x0000000795580000,0x0000000795580000,0x000000079ff80000)
  from space 1024K, 100% used [0x00000007ae000000,0x00000007ae100000,0x00000007ae100000)
  to   space 2560K, 0% used [0x00000007adc00000,0x00000007adc00000,0x00000007ade80000)
 ParOldGen       total 175104K, used 25815K [0x0000000740000000, 0x000000074ab00000, 0x0000000795580000)
  object space 175104K, 14% used [0x0000000740000000,0x0000000741935df0,0x000000074ab00000)
 Metaspace       used 20723K, capacity 21138K, committed 21248K, reserved 1069056K
  class space    used 2402K, capacity 2516K, committed 2560K, reserved 1048576K
Event: 207.895 GC heap after
Heap after GC invocations=166 (full 12):
 PSYoungGen      total 175104K, used 0K [0x0000000795580000, 0x00000007ae100000, 0x00000007c0000000)
  eden space 174080K, 0% used [0x0000000795580000,0x0000000795580000,0x000000079ff80000)
  from space 1024K, 0% used [0x00000007ae000000,0x00000007ae000000,0x00000007ae100000)
  to   space 2560K, 0% used [0x00000007adc00000,0x00000007adc00000,0x00000007ade80000)
 ParOldGen       total 175104K, used 20607K [0x0000000740000000, 0x000000074ab00000, 0x0000000795580000)
  object space 175104K, 11% used [0x0000000740000000,0x000000074141ff68,0x000000074ab00000)
 Metaspace       used 20723K, capacity 21138K, committed 21248K, reserved 1069056K
  class space    used 2402K, capacity 2516K, committed 2560K, reserved 1048576K
}

