# JRE version: Java(TM) 2 Runtime Environment, Standard Edition (8.0_121-b13) (build 1.8.0_121-b13 14_Feb_2017_06_58 Mac OS X x64(SR4 FP1))
# Java VM: Java HotSpot(TM) 64-Bit Server VM (25.121-b13 mixed mode bsd-amd64 compressed oops)
Heap:
 PSYoungGen      total 194048K, used 3817K [0x0000000795580000, 0x00000007ad180000, 0x00000007c0000000)
  eden space 192512K, 1% used [0x0000000795580000,0x000000079593a610,0x00000007a1180000)
  from space 1536K, 0% used [0x00000007ad000000,0x00000007ad000000,0x00000007ad180000)
  to   space 3072K, 0% used [0x00000007acb80000,0x00000007acb80000,0x00000007ace80000)
 ParOldGen       total 175104K, used 20679K [0x0000000740000000, 0x000000074ab00000, 0x0000000795580000)
  object space 175104K, 11% used [0x0000000740000000,0x0000000741431e40,0x000000074ab00000)
 Metaspace       used 20710K, capacity 21138K, committed 21248K, reserved 1069056K
  class space    used 2402K, capacity 2516K, committed 2560K, reserved 1048576K
GC Heap History (10 events):
Event: 215.606 GC heap before
{Heap before GC invocations=152 (full 11):
 PSYoungGen      total 217600K, used 217248K [0x0000000795580000, 0x00000007ad780000, 0x00000007c0000000)
  eden space 215552K, 100% used [0x0000000795580000,0x00000007a2800000,0x00000007a2800000)
  from space 2048K, 82% used [0x00000007ad580000,0x00000007ad728000,0x00000007ad780000)
  to   space 3584K, 0% used [0x00000007ad080000,0x00000007ad080000,0x00000007ad400000)
 ParOldGen       total 175104K, used 26550K [0x0000000740000000, 0x000000074ab00000, 0x0000000795580000)
  object space 175104K, 15% used [0x0000000740000000,0x00000007419eda68,0x000000074ab00000)
 Metaspace       used 20710K, capacity 21138K, committed 21248K, reserved 1069056K
  class space    used 2402K, capacity 2516K, committed 2560K, reserved 1048576K
Event: 215.608 GC heap after
Heap after GC invocations=152 (full 11):
 PSYoungGen      total 209408K, used 1792K [0x0000000795580000, 0x00000007ad600000, 0x00000007c0000000)
  eden space 207360K, 0% used [0x0000000795580000,0x0000000795580000,0x00000007a2000000)
  from space 2048K, 87% used [0x00000007ad080000,0x00000007ad240000,0x00000007ad280000)
  to   space 3584K, 0% used [0x00000007ad280000,0x00000007ad280000,0x00000007ad600000)
 ParOldGen       total 175104K, used 26654K [0x0000000740000000, 0x000000074ab00000, 0x0000000795580000)
  object space 175104K, 15% used [0x0000000740000000,0x0000000741a07a68,0x000000074ab00000)
 Metaspace       used 20710K, capacity 21138K, committed 21248K, reserved 1069056K
  class space    used 2402K, capacity 2516K, committed 2560K, reserved 1048576K
}
Event: 215.828 GC heap before
{Heap before GC invocations=153 (full 11):
 PSYoungGen      total 209408K, used 209152K [0x0000000795580000, 0x00000007ad600000, 0x00000007c0000000)
  eden space 207360K, 100% used [0x0000000795580000,0x00000007a2000000,0x00000007a2000000)
  from space 2048K, 87% used [0x00000007ad080000,0x00000007ad240000,0x00000007ad280000)
  to   space 3584K, 0% used [0x00000007ad280000,0x00000007ad280000,0x00000007ad600000)
 ParOldGen       total 175104K, used 26654K [0x0000000740000000, 0x000000074ab00000, 0x0000000795580000)
  object space 175104K, 15% used [0x0000000740000000,0x0000000741a07a68,0x000000074ab00000)
 Metaspace       used 20710K, capacity 21138K, committed 21248K, reserved 1069056K
  class space    used 2402K, capacity 2516K, committed 2560K, reserved 1048576K
Event: 215.830 GC heap after
Heap after GC invocations=153 (full 11):
 PSYoungGen      total 201728K, used 1728K [0x0000000795580000, 0x00000007ad480000, 0x00000007c0000000)
  eden space 199680K, 0% used [0x0000000795580000,0x0000000795580000,0x00000007a1880000)
  from space 2048K, 84% used [0x00000007ad280000,0x00000007ad430000,0x00000007ad480000)
  to   space 3584K, 0% used [0x00000007acd80000,0x00000007acd80000,0x00000007ad100000)
 ParOldGen       total 175104K, used 26694K [0x0000000740000000, 0x000000074ab00000, 0x0000000795580000)
  object space 175104K, 15% used [0x0000000740000000,0x0000000741a11a68,0x000000074ab00000)
 Metaspace       used 20710K, capacity 21138K, committed 21248K, reserved 1069056K
  class space    used 2402K, capacity 2516K, committed 2560K, reserved 1048576K
}
Event: 216.058 GC heap before
{Heap before GC invocations=154 (full 11):
 PSYoungGen      total 201728K, used 201408K [0x0000000795580000, 0x00000007ad480000, 0x00000007c0000000)
  eden space 199680K, 100% used [0x0000000795580000,0x00000007a1880000,0x00000007a1880000)
  from space 2048K, 84% used [0x00000007ad280000,0x00000007ad430000,0x00000007ad480000)
  to   space 3584K, 0% used [0x00000007acd80000,0x00000007acd80000,0x00000007ad100000)
 ParOldGen       total 175104K, used 26694K [0x0000000740000000, 0x000000074ab00000, 0x0000000795580000)
  object space 175104K, 15% used [0x0000000740000000,0x0000000741a11a68,0x000000074ab00000)
 Metaspace       used 20710K, capacity 21138K, committed 21248K, reserved 1069056K
  class space    used 2402K, capacity 2516K, committed 2560K, reserved 1048576K
Event: 216.060 GC heap after
Heap after GC invocations=154 (full 11):
 PSYoungGen      total 194048K, used 1472K [0x0000000795580000, 0x00000007ad300000, 0x00000007c0000000)
  eden space 192512K, 0% used [0x0000000795580000,0x0000000795580000,0x00000007a1180000)
  from space 1536K, 95% used [0x00000007acd80000,0x00000007acef0000,0x00000007acf00000)
  to   space 3072K, 0% used [0x00000007ad000000,0x00000007ad000000,0x00000007ad300000)
 ParOldGen       total 175104K, used 26742K [0x0000000740000000, 0x000000074ab00000, 0x0000000795580000)
  object space 175104K, 15% used [0x0000000740000000,0x0000000741a1da68,0x000000074ab00000)
 Metaspace       used 20710K, capacity 21138K, committed 21248K, reserved 1069056K
  class space    used 2402K, capacity 2516K, committed 2560K, reserved 1048576K
}
Event: 216.291 GC heap before
{Heap before GC invocations=155 (full 11):
 PSYoungGen      total 194048K, used 182137K [0x0000000795580000, 0x00000007ad300000, 0x00000007c0000000)
  eden space 192512K, 93% used [0x0000000795580000,0x00000007a05ee578,0x00000007a1180000)
  from space 1536K, 95% used [0x00000007acd80000,0x00000007acef0000,0x00000007acf00000)
  to   space 3072K, 0% used [0x00000007ad000000,0x00000007ad000000,0x00000007ad300000)
 ParOldGen       total 175104K, used 26742K [0x0000000740000000, 0x000000074ab00000, 0x0000000795580000)
  object space 175104K, 15% used [0x0000000740000000,0x0000000741a1da68,0x000000074ab00000)
 Metaspace       used 20710K, capacity 21138K, committed 21248K, reserved 1069056K
  class space    used 2402K, capacity 2516K, committed 2560K, reserved 1048576K
Event: 216.292 GC heap after
Heap after GC invocations=155 (full 11):
 PSYoungGen      total 194048K, used 1120K [0x0000000795580000, 0x00000007ad180000, 0x00000007c0000000)
  eden space 192512K, 0% used [0x0000000795580000,0x0000000795580000,0x00000007a1180000)
  from space 1536K, 72% used [0x00000007ad000000,0x00000007ad118000,0x00000007ad180000)
  to   space 3072K, 0% used [0x00000007acb80000,0x00000007acb80000,0x00000007ace80000)
 ParOldGen       total 175104K, used 26830K [0x0000000740000000, 0x000000074ab00000, 0x0000000795580000)
  object space 175104K, 15% used [0x0000000740000000,0x0000000741a33a68,0x000000074ab00000)
 Metaspace       used 20710K, capacity 21138K, committed 21248K, reserved 1069056K
  class space    used 2402K, capacity 2516K, committed 2560K, reserved 1048576K
}
Event: 216.292 GC heap before
{Heap before GC invocations=156 (full 12):
 PSYoungGen      total 194048K, used 1120K [0x0000000795580000, 0x00000007ad180000, 0x00000007c0000000)
  eden space 192512K, 0% used [0x0000000795580000,0x0000000795580000,0x00000007a1180000)
  from space 1536K, 72% used [0x00000007ad000000,0x00000007ad118000,0x00000007ad180000)
  to   space 3072K, 0% used [0x00000007acb80000,0x00000007acb80000,0x00000007ace80000)
 ParOldGen       total 175104K, used 26830K [0x0000000740000000, 0x000000074ab00000, 0x0000000795580000)
  object space 175104K, 15% used [0x0000000740000000,0x0000000741a33a68,0x000000074ab00000)
 Metaspace       used 20710K, capacity 21138K, committed 21248K, reserved 1069056K
  class space    used 2402K, capacity 2516K, committed 2560K, reserved 1048576K
Event: 216.334 GC heap after
Heap after GC invocations=156 (full 12):
 PSYoungGen      total 194048K, used 0K [0x0000000795580000, 0x00000007ad180000, 0x00000007c0000000)
  eden space 192512K, 0% used [0x0000000795580000,0x0000000795580000,0x00000007a1180000)
  from space 1536K, 0% used [0x00000007ad000000,0x00000007ad000000,0x00000007ad180000)
  to   space 3072K, 0% used [0x00000007acb80000,0x00000007acb80000,0x00000007ace80000)
 ParOldGen       total 175104K, used 20679K [0x0000000740000000, 0x000000074ab00000, 0x0000000795580000)
  object space 175104K, 11% used [0x0000000740000000,0x0000000741431e40,0x000000074ab00000)
 Metaspace       used 20710K, capacity 21138K, committed 21248K, reserved 1069056K
  class space    used 2402K, capacity 2516K, committed 2560K, reserved 1048576K
}

