# JRE version: Java(TM) 2 Runtime Environment, Standard Edition (8.0_121-b13) (build 1.8.0_121-b13 14_Feb_2017_06_58 Mac OS X x64(SR4 FP1))
# Java VM: Java HotSpot(TM) 64-Bit Server VM (25.121-b13 mixed mode bsd-amd64 compressed oops)
Heap:
 PSYoungGen      total 225792K, used 4448K [0x0000000795580000, 0x00000007af280000, 0x00000007c0000000)
  eden space 224256K, 1% used [0x0000000795580000,0x00000007959d8008,0x00000007a3080000)
  from space 1536K, 0% used [0x00000007af100000,0x00000007af100000,0x00000007af280000)
  to   space 6656K, 0% used [0x00000007ae580000,0x00000007ae580000,0x00000007aec00000)
 ParOldGen       total 175104K, used 12385K [0x0000000740000000, 0x000000074ab00000, 0x0000000795580000)
  object space 175104K, 7% used [0x0000000740000000,0x0000000740c184d8,0x000000074ab00000)
 Metaspace       used 20340K, capacity 20720K, committed 20992K, reserved 1067008K
  class space    used 2386K, capacity 2489K, committed 2560K, reserved 1048576K
GC Heap History (10 events):
Event: 46.289 GC heap before
{Heap before GC invocations=38 (full 3):
 PSYoungGen      total 253952K, used 253888K [0x0000000795580000, 0x00000007b0080000, 0x00000007c0000000)
  eden space 251904K, 100% used [0x0000000795580000,0x00000007a4b80000,0x00000007a4b80000)
  from space 2048K, 96% used [0x00000007afe80000,0x00000007b0070000,0x00000007b0080000)
  to   space 7680K, 0% used [0x00000007af180000,0x00000007af180000,0x00000007af900000)
 ParOldGen       total 175104K, used 15769K [0x0000000740000000, 0x000000074ab00000, 0x0000000795580000)
  object space 175104K, 9% used [0x0000000740000000,0x0000000740f664a0,0x000000074ab00000)
 Metaspace       used 20274K, capacity 20648K, committed 20736K, reserved 1067008K
  class space    used 2379K, capacity 2477K, committed 2560K, reserved 1048576K
Event: 46.291 GC heap after
Heap after GC invocations=38 (full 3):
 PSYoungGen      total 244224K, used 1888K [0x0000000795580000, 0x00000007aff00000, 0x00000007c0000000)
  eden space 242176K, 0% used [0x0000000795580000,0x0000000795580000,0x00000007a4200000)
  from space 2048K, 92% used [0x00000007af180000,0x00000007af358000,0x00000007af380000)
  to   space 7680K, 0% used [0x00000007af780000,0x00000007af780000,0x00000007aff00000)
 ParOldGen       total 175104K, used 15801K [0x0000000740000000, 0x000000074ab00000, 0x0000000795580000)
  object space 175104K, 9% used [0x0000000740000000,0x0000000740f6e4a0,0x000000074ab00000)
 Metaspace       used 20274K, capacity 20648K, committed 20736K, reserved 1067008K
  class space    used 2379K, capacity 2477K, committed 2560K, reserved 1048576K
}
Event: 46.588 GC heap before
{Heap before GC invocations=39 (full 3):
 PSYoungGen      total 244224K, used 244064K [0x0000000795580000, 0x00000007aff00000, 0x00000007c0000000)
  eden space 242176K, 100% used [0x0000000795580000,0x00000007a4200000,0x00000007a4200000)
  from space 2048K, 92% used [0x00000007af180000,0x00000007af358000,0x00000007af380000)
  to   space 7680K, 0% used [0x00000007af780000,0x00000007af780000,0x00000007aff00000)
 ParOldGen       total 175104K, used 15801K [0x0000000740000000, 0x000000074ab00000, 0x0000000795580000)
  object space 175104K, 9% used [0x0000000740000000,0x0000000740f6e4a0,0x000000074ab00000)
 Metaspace       used 20274K, capacity 20648K, committed 20736K, reserved 1067008K
  class space    used 2379K, capacity 2477K, committed 2560K, reserved 1048576K
Event: 46.590 GC heap after
Heap after GC invocations=39 (full 3):
 PSYoungGen      total 235008K, used 2048K [0x0000000795580000, 0x00000007af980000, 0x00000007c0000000)
  eden space 232960K, 0% used [0x0000000795580000,0x0000000795580000,0x00000007a3900000)
  from space 2048K, 100% used [0x00000007af780000,0x00000007af980000,0x00000007af980000)
  to   space 7168K, 0% used [0x00000007aeb80000,0x00000007aeb80000,0x00000007af280000)
 ParOldGen       total 175104K, used 15881K [0x0000000740000000, 0x000000074ab00000, 0x0000000795580000)
  object space 175104K, 9% used [0x0000000740000000,0x0000000740f824a0,0x000000074ab00000)
 Metaspace       used 20274K, capacity 20648K, committed 20736K, reserved 1067008K
  class space    used 2379K, capacity 2477K, committed 2560K, reserved 1048576K
}
Event: 46.894 GC heap before
{Heap before GC invocations=40 (full 3):
 PSYoungGen      total 235008K, used 235008K [0x0000000795580000, 0x00000007af980000, 0x00000007c0000000)
  eden space 232960K, 100% used [0x0000000795580000,0x00000007a3900000,0x00000007a3900000)
  from space 2048K, 100% used [0x00000007af780000,0x00000007af980000,0x00000007af980000)
  to   space 7168K, 0% used [0x00000007aeb80000,0x00000007aeb80000,0x00000007af280000)
 ParOldGen       total 175104K, used 15881K [0x0000000740000000, 0x000000074ab00000, 0x0000000795580000)
  object space 175104K, 9% used [0x0000000740000000,0x0000000740f824a0,0x000000074ab00000)
 Metaspace       used 20282K, capacity 20648K, committed 20736K, reserved 1067008K
  class space    used 2380K, capacity 2477K, committed 2560K, reserved 1048576K
Event: 46.896 GC heap after
Heap after GC invocations=40 (full 3):
 PSYoungGen      total 226304K, used 1824K [0x0000000795580000, 0x00000007af800000, 0x00000007c0000000)
  eden space 224256K, 0% used [0x0000000795580000,0x0000000795580000,0x00000007a3080000)
  from space 2048K, 89% used [0x00000007aeb80000,0x00000007aed48000,0x00000007aed80000)
  to   space 7168K, 0% used [0x00000007af100000,0x00000007af100000,0x00000007af800000)
 ParOldGen       total 175104K, used 15921K [0x0000000740000000, 0x000000074ab00000, 0x0000000795580000)
  object space 175104K, 9% used [0x0000000740000000,0x0000000740f8c4a0,0x000000074ab00000)
 Metaspace       used 20282K, capacity 20648K, committed 20736K, reserved 1067008K
  class space    used 2380K, capacity 2477K, committed 2560K, reserved 1048576K
}
Event: 47.153 GC heap before
{Heap before GC invocations=41 (full 3):
 PSYoungGen      total 226304K, used 212359K [0x0000000795580000, 0x00000007af800000, 0x00000007c0000000)
  eden space 224256K, 93% used [0x0000000795580000,0x00000007a2319d28,0x00000007a3080000)
  from space 2048K, 89% used [0x00000007aeb80000,0x00000007aed48000,0x00000007aed80000)
  to   space 7168K, 0% used [0x00000007af100000,0x00000007af100000,0x00000007af800000)
 ParOldGen       total 175104K, used 15921K [0x0000000740000000, 0x000000074ab00000, 0x0000000795580000)
  object space 175104K, 9% used [0x0000000740000000,0x0000000740f8c4a0,0x000000074ab00000)
 Metaspace       used 20340K, capacity 20720K, committed 20992K, reserved 1067008K
  class space    used 2386K, capacity 2489K, committed 2560K, reserved 1048576K
Event: 47.155 GC heap after
Heap after GC invocations=41 (full 3):
 PSYoungGen      total 225792K, used 1312K [0x0000000795580000, 0x00000007af280000, 0x00000007c0000000)
  eden space 224256K, 0% used [0x0000000795580000,0x0000000795580000,0x00000007a3080000)
  from space 1536K, 85% used [0x00000007af100000,0x00000007af248000,0x00000007af280000)
  to   space 6656K, 0% used [0x00000007ae580000,0x00000007ae580000,0x00000007aec00000)
 ParOldGen       total 175104K, used 15985K [0x0000000740000000, 0x000000074ab00000, 0x0000000795580000)
  object space 175104K, 9% used [0x0000000740000000,0x0000000740f9c4a0,0x000000074ab00000)
 Metaspace       used 20340K, capacity 20720K, committed 20992K, reserved 1067008K
  class space    used 2386K, capacity 2489K, committed 2560K, reserved 1048576K
}
Event: 47.155 GC heap before
{Heap before GC invocations=42 (full 4):
 PSYoungGen      total 225792K, used 1312K [0x0000000795580000, 0x00000007af280000, 0x00000007c0000000)
  eden space 224256K, 0% used [0x0000000795580000,0x0000000795580000,0x00000007a3080000)
  from space 1536K, 85% used [0x00000007af100000,0x00000007af248000,0x00000007af280000)
  to   space 6656K, 0% used [0x00000007ae580000,0x00000007ae580000,0x00000007aec00000)
 ParOldGen       total 175104K, used 15985K [0x0000000740000000, 0x000000074ab00000, 0x0000000795580000)
  object space 175104K, 9% used [0x0000000740000000,0x0000000740f9c4a0,0x000000074ab00000)
 Metaspace       used 20340K, capacity 20720K, committed 20992K, reserved 1067008K
  class space    used 2386K, capacity 2489K, committed 2560K, reserved 1048576K
Event: 47.200 GC heap after
Heap after GC invocations=42 (full 4):
 PSYoungGen      total 225792K, used 0K [0x0000000795580000, 0x00000007af280000, 0x00000007c0000000)
  eden space 224256K, 0% used [0x0000000795580000,0x0000000795580000,0x00000007a3080000)
  from space 1536K, 0% used [0x00000007af100000,0x00000007af100000,0x00000007af280000)
  to   space 6656K, 0% used [0x00000007ae580000,0x00000007ae580000,0x00000007aec00000)
 ParOldGen       total 175104K, used 12385K [0x0000000740000000, 0x000000074ab00000, 0x0000000795580000)
  object space 175104K, 7% used [0x0000000740000000,0x0000000740c184d8,0x000000074ab00000)
 Metaspace       used 20340K, capacity 20720K, committed 20992K, reserved 1067008K
  class space    used 2386K, capacity 2489K, committed 2560K, reserved 1048576K
}

