# JRE version: Java(TM) 2 Runtime Environment, Standard Edition (8.0_121-b13) (build 1.8.0_121-b13 14_Feb_2017_06_58 Mac OS X x64(SR4 FP1))
# Java VM: Java HotSpot(TM) 64-Bit Server VM (25.121-b13 mixed mode bsd-amd64 compressed oops)
Heap:
 PSYoungGen      total 424960K, used 8457K [0x0000000795580000, 0x00000007baf00000, 0x00000007c0000000)
  eden space 424448K, 1% used [0x0000000795580000,0x0000000795dc26e0,0x00000007af400000)
  from space 512K, 0% used [0x00000007b9e00000,0x00000007b9e00000,0x00000007b9e80000)
  to   space 10240K, 0% used [0x00000007ba500000,0x00000007ba500000,0x00000007baf00000)
 ParOldGen       total 175104K, used 10536K [0x0000000740000000, 0x000000074ab00000, 0x0000000795580000)
  object space 175104K, 6% used [0x0000000740000000,0x0000000740a4a170,0x000000074ab00000)
 Metaspace       used 20280K, capacity 20592K, committed 20736K, reserved 1067008K
  class space    used 2385K, capacity 2489K, committed 2560K, reserved 1048576K
GC Heap History (10 events):
Event: 32.319 GC heap before
{Heap before GC invocations=27 (full 3):
 PSYoungGen      total 488448K, used 488224K [0x0000000795580000, 0x00000007bc280000, 0x00000007c0000000)
  eden space 484352K, 100% used [0x0000000795580000,0x00000007b2e80000,0x00000007b2e80000)
  from space 4096K, 94% used [0x00000007bb200000,0x00000007bb5c8000,0x00000007bb600000)
  to   space 10752K, 0% used [0x00000007bb800000,0x00000007bb800000,0x00000007bc280000)
 ParOldGen       total 175104K, used 17605K [0x0000000740000000, 0x000000074ab00000, 0x0000000795580000)
  object space 175104K, 10% used [0x0000000740000000,0x00000007411314b0,0x000000074ab00000)
 Metaspace       used 20211K, capacity 20520K, committed 20736K, reserved 1067008K
  class space    used 2378K, capacity 2477K, committed 2560K, reserved 1048576K
Event: 32.322 GC heap after
Heap after GC invocations=27 (full 3):
 PSYoungGen      total 467456K, used 3616K [0x0000000795580000, 0x00000007bbc00000, 0x00000007c0000000)
  eden space 463360K, 0% used [0x0000000795580000,0x0000000795580000,0x00000007b1a00000)
  from space 4096K, 88% used [0x00000007bb800000,0x00000007bbb88000,0x00000007bbc00000)
  to   space 10752K, 0% used [0x00000007ba700000,0x00000007ba700000,0x00000007bb180000)
 ParOldGen       total 175104K, used 17653K [0x0000000740000000, 0x000000074ab00000, 0x0000000795580000)
  object space 175104K, 10% used [0x0000000740000000,0x000000074113d4b0,0x000000074ab00000)
 Metaspace       used 20211K, capacity 20520K, committed 20736K, reserved 1067008K
  class space    used 2378K, capacity 2477K, committed 2560K, reserved 1048576K
}
Event: 32.939 GC heap before
{Heap before GC invocations=28 (full 3):
 PSYoungGen      total 467456K, used 466976K [0x0000000795580000, 0x00000007bbc00000, 0x00000007c0000000)
  eden space 463360K, 100% used [0x0000000795580000,0x00000007b1a00000,0x00000007b1a00000)
  from space 4096K, 88% used [0x00000007bb800000,0x00000007bbb88000,0x00000007bbc00000)
  to   space 10752K, 0% used [0x00000007ba700000,0x00000007ba700000,0x00000007bb180000)
 ParOldGen       total 175104K, used 17653K [0x0000000740000000, 0x000000074ab00000, 0x0000000795580000)
  object space 175104K, 10% used [0x0000000740000000,0x000000074113d4b0,0x000000074ab00000)
 Metaspace       used 20212K, capacity 20520K, committed 20736K, reserved 1067008K
  class space    used 2378K, capacity 2477K, committed 2560K, reserved 1048576K
Event: 32.942 GC heap after
Heap after GC invocations=28 (full 3):
 PSYoungGen      total 446976K, used 3584K [0x0000000795580000, 0x00000007bb880000, 0x00000007c0000000)
  eden space 443392K, 0% used [0x0000000795580000,0x0000000795580000,0x00000007b0680000)
  from space 3584K, 100% used [0x00000007ba700000,0x00000007baa80000,0x00000007baa80000)
  to   space 10240K, 0% used [0x00000007bae80000,0x00000007bae80000,0x00000007bb880000)
 ParOldGen       total 175104K, used 17701K [0x0000000740000000, 0x000000074ab00000, 0x0000000795580000)
  object space 175104K, 10% used [0x0000000740000000,0x00000007411494b0,0x000000074ab00000)
 Metaspace       used 20212K, capacity 20520K, committed 20736K, reserved 1067008K
  class space    used 2378K, capacity 2477K, committed 2560K, reserved 1048576K
}
Event: 33.473 GC heap before
{Heap before GC invocations=29 (full 3):
 PSYoungGen      total 446976K, used 446976K [0x0000000795580000, 0x00000007bb880000, 0x00000007c0000000)
  eden space 443392K, 100% used [0x0000000795580000,0x00000007b0680000,0x00000007b0680000)
  from space 3584K, 100% used [0x00000007ba700000,0x00000007baa80000,0x00000007baa80000)
  to   space 10240K, 0% used [0x00000007bae80000,0x00000007bae80000,0x00000007bb880000)
 ParOldGen       total 175104K, used 17701K [0x0000000740000000, 0x000000074ab00000, 0x0000000795580000)
  object space 175104K, 10% used [0x0000000740000000,0x00000007411494b0,0x000000074ab00000)
 Metaspace       used 20233K, capacity 20538K, committed 20736K, reserved 1067008K
  class space    used 2380K, capacity 2480K, committed 2560K, reserved 1048576K
Event: 33.476 GC heap after
Heap after GC invocations=29 (full 3):
 PSYoungGen      total 428032K, used 3264K [0x0000000795580000, 0x00000007bb200000, 0x00000007c0000000)
  eden space 424448K, 0% used [0x0000000795580000,0x0000000795580000,0x00000007af400000)
  from space 3584K, 91% used [0x00000007bae80000,0x00000007bb1b0000,0x00000007bb200000)
  to   space 10240K, 0% used [0x00000007b9e00000,0x00000007b9e00000,0x00000007ba800000)
 ParOldGen       total 175104K, used 17773K [0x0000000740000000, 0x000000074ab00000, 0x0000000795580000)
  object space 175104K, 10% used [0x0000000740000000,0x000000074115b4b0,0x000000074ab00000)
 Metaspace       used 20233K, capacity 20538K, committed 20736K, reserved 1067008K
  class space    used 2380K, capacity 2480K, committed 2560K, reserved 1048576K
}
Event: 33.534 GC heap before
{Heap before GC invocations=30 (full 3):
 PSYoungGen      total 428032K, used 45552K [0x0000000795580000, 0x00000007bb200000, 0x00000007c0000000)
  eden space 424448K, 9% used [0x0000000795580000,0x0000000797ecc358,0x00000007af400000)
  from space 3584K, 91% used [0x00000007bae80000,0x00000007bb1b0000,0x00000007bb200000)
  to   space 10240K, 0% used [0x00000007b9e00000,0x00000007b9e00000,0x00000007ba800000)
 ParOldGen       total 175104K, used 17773K [0x0000000740000000, 0x000000074ab00000, 0x0000000795580000)
  object space 175104K, 10% used [0x0000000740000000,0x000000074115b4b0,0x000000074ab00000)
 Metaspace       used 20280K, capacity 20592K, committed 20736K, reserved 1067008K
  class space    used 2385K, capacity 2489K, committed 2560K, reserved 1048576K
Event: 33.535 GC heap after
Heap after GC invocations=30 (full 3):
 PSYoungGen      total 424960K, used 288K [0x0000000795580000, 0x00000007baf00000, 0x00000007c0000000)
  eden space 424448K, 0% used [0x0000000795580000,0x0000000795580000,0x00000007af400000)
  from space 512K, 56% used [0x00000007b9e00000,0x00000007b9e48000,0x00000007b9e80000)
  to   space 10240K, 0% used [0x00000007ba500000,0x00000007ba500000,0x00000007baf00000)
 ParOldGen       total 175104K, used 17845K [0x0000000740000000, 0x000000074ab00000, 0x0000000795580000)
  object space 175104K, 10% used [0x0000000740000000,0x000000074116d4b0,0x000000074ab00000)
 Metaspace       used 20280K, capacity 20592K, committed 20736K, reserved 1067008K
  class space    used 2385K, capacity 2489K, committed 2560K, reserved 1048576K
}
Event: 33.535 GC heap before
{Heap before GC invocations=31 (full 4):
 PSYoungGen      total 424960K, used 288K [0x0000000795580000, 0x00000007baf00000, 0x00000007c0000000)
  eden space 424448K, 0% used [0x0000000795580000,0x0000000795580000,0x00000007af400000)
  from space 512K, 56% used [0x00000007b9e00000,0x00000007b9e48000,0x00000007b9e80000)
  to   space 10240K, 0% used [0x00000007ba500000,0x00000007ba500000,0x00000007baf00000)
 ParOldGen       total 175104K, used 17845K [0x0000000740000000, 0x000000074ab00000, 0x0000000795580000)
  object space 175104K, 10% used [0x0000000740000000,0x000000074116d4b0,0x000000074ab00000)
 Metaspace       used 20280K, capacity 20592K, committed 20736K, reserved 1067008K
  class space    used 2385K, capacity 2489K, committed 2560K, reserved 1048576K
Event: 33.577 GC heap after
Heap after GC invocations=31 (full 4):
 PSYoungGen      total 424960K, used 0K [0x0000000795580000, 0x00000007baf00000, 0x00000007c0000000)
  eden space 424448K, 0% used [0x0000000795580000,0x0000000795580000,0x00000007af400000)
  from space 512K, 0% used [0x00000007b9e00000,0x00000007b9e00000,0x00000007b9e80000)
  to   space 10240K, 0% used [0x00000007ba500000,0x00000007ba500000,0x00000007baf00000)
 ParOldGen       total 175104K, used 10536K [0x0000000740000000, 0x000000074ab00000, 0x0000000795580000)
  object space 175104K, 6% used [0x0000000740000000,0x0000000740a4a170,0x000000074ab00000)
 Metaspace       used 20280K, capacity 20592K, committed 20736K, reserved 1067008K
  class space    used 2385K, capacity 2489K, committed 2560K, reserved 1048576K
}

